This is pdfTeX, Version 3.1415926-2.5-1.40.14 (TeX Live 2013/Debian) (format=pdflatex 2016.6.8)  11 FEB 2017 12:25
entering extended mode
 restricted \write18 enabled.
 %&-line parsing enabled.
**thesis-algorithms.tex
(./thesis-algorithms.tex
LaTeX2e <2011/06/27>
Babel <3.9h> and hyphenation patterns for 78 languages loaded.
(/usr/share/texlive/texmf-dist/tex/latex/koma-script/scrbook.cls
Document Class: scrbook 2013/12/19 v3.12 KOMA-Script document class (book)
(/usr/share/texlive/texmf-dist/tex/latex/koma-script/scrkbase.sty
Package: scrkbase 2013/12/19 v3.12 KOMA-Script package (KOMA-Script-dependent b
asics and keyval usage)

(/usr/share/texlive/texmf-dist/tex/latex/koma-script/scrbase.sty
Package: scrbase 2013/12/19 v3.12 KOMA-Script package (KOMA-Script-independent 
basics and keyval usage)

(/usr/share/texlive/texmf-dist/tex/latex/graphics/keyval.sty
Package: keyval 1999/03/16 v1.13 key=value parser (DPC)
\KV@toks@=\toks14
)
(/usr/share/texlive/texmf-dist/tex/latex/koma-script/scrlfile.sty
Package: scrlfile 2013/12/19 v3.12 KOMA-Script package (loading files)

Package scrlfile, 2013/12/19 v3.12 KOMA-Script package (loading files)
                  Copyright (C) Markus Kohm

))) (/usr/share/texlive/texmf-dist/tex/latex/koma-script/tocbasic.sty
Package: tocbasic 2013/12/19 v3.12 KOMA-Script package (handling toc-files)
)
Package tocbasic Info: omitting babel extension for `toc'
(tocbasic)             because of feature `nobabel' available
(tocbasic)             for `toc' on input line 117.
Package tocbasic Info: omitting babel extension for `lof'
(tocbasic)             because of feature `nobabel' available
(tocbasic)             for `lof' on input line 118.
Package tocbasic Info: omitting babel extension for `lot'
(tocbasic)             because of feature `nobabel' available
(tocbasic)             for `lot' on input line 119.
Package tocbasic Info: defining new hook before heading of `' on input line 111
8.
Class scrbook Info: You've used standard option `oneside'.
(scrbook)           This is correct!
(scrbook)           Internally I'm using `twoside=false'.
(scrbook)           If you'd like to set the option with \KOMAoptions,
(scrbook)           you'd have to use `twoside=false' there
(scrbook)           instead of `oneside', too.
Package scrbase Info: Unknown processing state.
(scrbase)             Processing option `twoside=false'
(scrbase)             of member `.scrbook.cls'
(scrbase)             of family `KOMA'
(scrbase)             doesn't set a valid state.
(scrbase)             This will be interpreted
(scrbase)             as \FamilyKeyStateProcessed on input line 1269.
Package scrbook Info: You've used standard option `12pt'.
(scrbook)             This is correct!
(scrbook)             Internally I'm using `fontsize=12pt'.
(scrbook)             If you'd like to set the option with \KOMAoptions,
(scrbook)             you'd have to use `fontsize=12pt' there
(scrbook)             instead of `12pt', too.
Class scrbook Info: File `scrsize12pt.clo' used to setup font sizes on input li
ne 1655.

(/usr/share/texlive/texmf-dist/tex/latex/koma-script/scrsize12pt.clo
File: scrsize12pt.clo 2013/12/19 v3.12 KOMA-Script font size class option (12pt
)
)
(/usr/share/texlive/texmf-dist/tex/latex/koma-script/typearea.sty
Package: typearea 2013/12/19 v3.12 KOMA-Script package (type area)

Package typearea, 2013/12/19 v3.12 KOMA-Script package (type area)
                  Copyright (C) Frank Neukam, 1992-1994
                  Copyright (C) Markus Kohm, 1994-

\ta@bcor=\skip41
\ta@div=\count79
Package typearea Info: You've used standard option `oneside'.
(typearea)             This is correct!
(typearea)             Internally I'm using `twoside=false'.
(typearea)             If you'd like to set the option with \KOMAoptions,
(typearea)             you'd have to use `twoside=false' there
(typearea)             instead of `oneside', too.
\ta@hblk=\skip42
\ta@vblk=\skip43
\ta@temp=\skip44
\footheight=\skip45
Package typearea Info: These are the values describing the layout:
(typearea)             DIV  = 12
(typearea)             BCOR = 0.0pt
(typearea)             \paperwidth      = 597.50793pt
(typearea)              \textwidth      = 448.13095pt
(typearea)              DIV departure   = -6%
(typearea)              \evensidemargin = 2.4185pt
(typearea)              \oddsidemargin  = 2.4185pt
(typearea)             \paperheight     = 845.04694pt
(typearea)              \textheight     = 635.5pt
(typearea)              \topmargin      = -41.72441pt
(typearea)              \headheight     = 18.125pt
(typearea)              \headsep        = 21.75pt
(typearea)              \topskip        = 12.0pt
(typearea)              \footskip       = 50.75pt
(typearea)              \baselineskip   = 14.5pt
(typearea)              on input line 1330.
)
\c@part=\count80
\c@chapter=\count81
\c@section=\count82
\c@subsection=\count83
\c@subsubsection=\count84
\c@paragraph=\count85
\c@subparagraph=\count86
\abovecaptionskip=\skip46
\belowcaptionskip=\skip47
\c@pti@nb@sid@b@x=\box26
\c@figure=\count87
\c@table=\count88
\bibindent=\dimen102
) (/usr/share/texlive/texmf-dist/tex/latex/lipsum/lipsum.sty
Package: lipsum 2011/04/14 v1.2 150 paragraphs of Lorem Ipsum dummy text
\c@lips@count=\count89
)
(/usr/share/texlive/texmf-dist/tex/latex/koma-script/scrhack.sty
Package: scrhack 2013/12/19 v3.12 KOMA-Script package 
)
(/usr/share/texlive/texmf-dist/tex/latex/amsmath/amsmath.sty
Package: amsmath 2013/01/14 v2.14 AMS math features
\@mathmargin=\skip48

For additional information on amsmath, use the `?' option.
(/usr/share/texlive/texmf-dist/tex/latex/amsmath/amstext.sty
Package: amstext 2000/06/29 v2.01

(/usr/share/texlive/texmf-dist/tex/latex/amsmath/amsgen.sty
File: amsgen.sty 1999/11/30 v2.0
\@emptytoks=\toks15
\ex@=\dimen103
))
(/usr/share/texlive/texmf-dist/tex/latex/amsmath/amsbsy.sty
Package: amsbsy 1999/11/29 v1.2d
\pmbraise@=\dimen104
)
(/usr/share/texlive/texmf-dist/tex/latex/amsmath/amsopn.sty
Package: amsopn 1999/12/14 v2.01 operator names
)
\inf@bad=\count90
LaTeX Info: Redefining \frac on input line 210.
\uproot@=\count91
\leftroot@=\count92
LaTeX Info: Redefining \overline on input line 306.
\classnum@=\count93
\DOTSCASE@=\count94
LaTeX Info: Redefining \ldots on input line 378.
LaTeX Info: Redefining \dots on input line 381.
LaTeX Info: Redefining \cdots on input line 466.
\Mathstrutbox@=\box27
\strutbox@=\box28
\big@size=\dimen105
LaTeX Font Info:    Redeclaring font encoding OML on input line 566.
LaTeX Font Info:    Redeclaring font encoding OMS on input line 567.
\macc@depth=\count95
\c@MaxMatrixCols=\count96
\dotsspace@=\muskip10
\c@parentequation=\count97
\dspbrk@lvl=\count98
\tag@help=\toks16
\row@=\count99
\column@=\count100
\maxfields@=\count101
\andhelp@=\toks17
\eqnshift@=\dimen106
\alignsep@=\dimen107
\tagshift@=\dimen108
\tagwidth@=\dimen109
\totwidth@=\dimen110
\lineht@=\dimen111
\@envbody=\toks18
\multlinegap=\skip49
\multlinetaggap=\skip50
\mathdisplay@stack=\toks19
LaTeX Info: Redefining \[ on input line 2665.
LaTeX Info: Redefining \] on input line 2666.
)
(/usr/share/texlive/texmf-dist/tex/latex/ntheorem/ntheorem.sty
Style `ntheorem', Version 1.33 <2011/08/15>
Package: ntheorem 2011/08/15 1.33
(/usr/share/texlive/texmf-dist/tex/latex/base/ifthen.sty
Package: ifthen 2001/05/26 v1.1c Standard LaTeX ifthen package (DPC)
)
\theorem@style=\toks20
\theorem@@style=\toks21
\theorembodyfont=\toks22
\theoremnumbering=\toks23
\theorempreskipamount=\skip51
\theorempostskipamount=\skip52
\theoremframepreskipamount=\skip53
\theoremframepostskipamount=\skip54
\theoreminframepreskipamount=\skip55
\theoreminframepostskipamount=\skip56
\theorem@preskip=\toks24
\theorem@postskip=\toks25
\theorem@framepreskip=\toks26
\theorem@framepostskip=\toks27
\theorem@inframepreskip=\toks28
\theorem@inframepostskip=\toks29
\theoremindent=\dimen112
\theorem@indent=\dimen113
\theoremrightindent=\dimen114
\theorem@rightindent=\dimen115
\theoremheaderfont=\toks30
\theoremseparator=\toks31
\theoremprework=\toks32
\theorempostwork=\toks33
\theoremsymbol=\toks34
\qedsymbol=\toks35
\theoremkeyword=\toks36
\qedsymbol=\toks37
\thm@topsep=\skip57
\thm@topsepadd=\skip58
Package ntheorem Info: Standard config file ntheorem.std used on input line 118
4.

(/usr/share/texlive/texmf-dist/tex/latex/ntheorem/ntheorem.std
(/usr/share/texlive/texmf-dist/tex/latex/base/latexsym.sty
Package: latexsym 1998/08/17 v2.2e Standard LaTeX package (lasy symbols)
\symlasy=\mathgroup4
LaTeX Font Info:    Overwriting symbol font `lasy' in version `bold'
(Font)                  U/lasy/m/n --> U/lasy/b/n on input line 47.
)
\c@Theorem=\count102
\c@theorem=\count103
\c@Satz=\count104
\c@satz=\count105
\c@Proposition=\count106
\c@proposition=\count107
\c@Lemma=\count108
\c@lemma=\count109
\c@Korollar=\count110
\c@korollar=\count111
\c@Corollary=\count112
\c@corollary=\count113
\c@Example=\count114
\c@example=\count115
\c@Beispiel=\count116
\c@beispiel=\count117
\c@Bemerkung=\count118
\c@bemerkung=\count119
\c@Anmerkung=\count120
\c@anmerkung=\count121
\c@Remark=\count122
\c@remark=\count123
\c@Definition=\count124
\c@definition=\count125

(/usr/share/texlive/texmf-dist/tex/latex/amsfonts/amssymb.sty
Package: amssymb 2013/01/14 v3.01 AMS font symbols

(/usr/share/texlive/texmf-dist/tex/latex/amsfonts/amsfonts.sty
Package: amsfonts 2013/01/14 v3.01 Basic AMSFonts support
\symAMSa=\mathgroup5
\symAMSb=\mathgroup6
LaTeX Font Info:    Overwriting math alphabet `\mathfrak' in version `bold'
(Font)                  U/euf/m/n --> U/euf/b/n on input line 106.
))
\c@Proof=\count126
\c@proof=\count127
\c@Beweis=\count128
\c@beweis=\count129
))
(/usr/share/texlive/texmf-dist/tex/latex/algorithm2e/algorithm2e.sty
Package: algorithm2e 2013/01/06 v5.00 algorithms environments
\c@AlgoLine=\count130

(/usr/share/texlive/texmf-dist/tex/latex/tools/xspace.sty
Package: xspace 2009/10/20 v1.13 Space after command names (DPC,MH)
)
(/usr/share/texlive/texmf-dist/tex/latex/relsize/relsize.sty
Package: relsize 2013/03/29 ver 4.1
)
********************************************************
Package `algorithm2e' Release 5.0 -- january 06 2013 --
- algorithm2e-announce@lirmm.fr mailing list for announcement about releases
- algorithm2e-discussion@lirmm.fr mailing list for discussion about package
subscribe by emailing sympa@lirmm.fr with 'subscribe <list> <firstname name>'
- Author: Christophe Fiorio (cfiorio@um2.fr)
********************************************************
\skiptotal=\skip59
\skiplinenumber=\skip60
\skiprule=\skip61
\skiphlne=\skip62
\skiptext=\skip63
\skiplength=\skip64
\algomargin=\skip65
\skipalgocfslide=\skip66
\algowidth=\dimen116
\inoutsize=\dimen117
\inoutindent=\dimen118
\interspacetitleruled=\dimen119
\interspacealgoruled=\dimen120
\interspacetitleboxruled=\dimen121
\algocf@inoutbox=\box29
\algocf@inputbox=\box30
\AlCapSkip=\skip67
\AlCapHSkip=\skip68
\algoskipindent=\skip69
\algocf@nlbox=\box31
\algocf@hangingbox=\box32
\algocf@untilbox=\box33
\algocf@skipuntil=\skip70
\algocf@capbox=\box34
\algoheightruledefault=\skip71
\algoheightrule=\skip72
\algotitleheightruledefault=\skip73
\algotitleheightrule=\skip74
\c@algocfline=\count131
\c@algocfproc=\count132
\c@algocf=\count133
\algocf@algoframe=\box35
\algocf@algobox=\box36
) (/usr/share/texlive/texmf-dist/tex/latex/base/fontenc.sty
Package: fontenc 2005/09/27 v1.99g Standard LaTeX package

(/usr/share/texlive/texmf-dist/tex/latex/base/t1enc.def
File: t1enc.def 2005/09/27 v1.99g Standard LaTeX file
LaTeX Font Info:    Redeclaring font encoding T1 on input line 43.
))
(/usr/share/texmf/tex/latex/lm/lmodern.sty
Package: lmodern 2009/10/30 v1.6 Latin Modern Fonts
LaTeX Font Info:    Overwriting symbol font `operators' in version `normal'
(Font)                  OT1/cmr/m/n --> OT1/lmr/m/n on input line 22.
LaTeX Font Info:    Overwriting symbol font `letters' in version `normal'
(Font)                  OML/cmm/m/it --> OML/lmm/m/it on input line 23.
LaTeX Font Info:    Overwriting symbol font `symbols' in version `normal'
(Font)                  OMS/cmsy/m/n --> OMS/lmsy/m/n on input line 24.
LaTeX Font Info:    Overwriting symbol font `largesymbols' in version `normal'
(Font)                  OMX/cmex/m/n --> OMX/lmex/m/n on input line 25.
LaTeX Font Info:    Overwriting symbol font `operators' in version `bold'
(Font)                  OT1/cmr/bx/n --> OT1/lmr/bx/n on input line 26.
LaTeX Font Info:    Overwriting symbol font `letters' in version `bold'
(Font)                  OML/cmm/b/it --> OML/lmm/b/it on input line 27.
LaTeX Font Info:    Overwriting symbol font `symbols' in version `bold'
(Font)                  OMS/cmsy/b/n --> OMS/lmsy/b/n on input line 28.
LaTeX Font Info:    Overwriting symbol font `largesymbols' in version `bold'
(Font)                  OMX/cmex/m/n --> OMX/lmex/m/n on input line 29.
LaTeX Font Info:    Overwriting math alphabet `\mathbf' in version `normal'
(Font)                  OT1/cmr/bx/n --> OT1/lmr/bx/n on input line 31.
LaTeX Font Info:    Overwriting math alphabet `\mathsf' in version `normal'
(Font)                  OT1/cmss/m/n --> OT1/lmss/m/n on input line 32.
LaTeX Font Info:    Overwriting math alphabet `\mathit' in version `normal'
(Font)                  OT1/cmr/m/it --> OT1/lmr/m/it on input line 33.
LaTeX Font Info:    Overwriting math alphabet `\mathtt' in version `normal'
(Font)                  OT1/cmtt/m/n --> OT1/lmtt/m/n on input line 34.
LaTeX Font Info:    Overwriting math alphabet `\mathbf' in version `bold'
(Font)                  OT1/cmr/bx/n --> OT1/lmr/bx/n on input line 35.
LaTeX Font Info:    Overwriting math alphabet `\mathsf' in version `bold'
(Font)                  OT1/cmss/bx/n --> OT1/lmss/bx/n on input line 36.
LaTeX Font Info:    Overwriting math alphabet `\mathit' in version `bold'
(Font)                  OT1/cmr/bx/it --> OT1/lmr/bx/it on input line 37.
LaTeX Font Info:    Overwriting math alphabet `\mathtt' in version `bold'
(Font)                  OT1/cmtt/m/n --> OT1/lmtt/m/n on input line 38.
)
(/usr/share/texlive/texmf-dist/tex/latex/setspace/setspace.sty
Package: setspace 2011/12/19 v6.7a set line spacing
)
(/usr/share/texlive/texmf-dist/tex/latex/koma-script/scrpage2.sty
Package: scrpage2 2013/12/19 v3.12 KOMA-Script package (page head and foot)
LaTeX Info: Redefining \pagemark on input line 174.
)
(/usr/share/texlive/texmf-dist/tex/latex/listings/listings.sty
\lst@mode=\count134
\lst@gtempboxa=\box37
\lst@token=\toks38
\lst@length=\count135
\lst@currlwidth=\dimen122
\lst@column=\count136
\lst@pos=\count137
\lst@lostspace=\dimen123
\lst@width=\dimen124
\lst@newlines=\count138
\lst@lineno=\count139
\lst@maxwidth=\dimen125

(/usr/share/texlive/texmf-dist/tex/latex/listings/lstmisc.sty
File: lstmisc.sty 2013/08/26 1.5b (Carsten Heinz)
\c@lstnumber=\count140
\lst@skipnumbers=\count141
\lst@framebox=\box38
)
(/usr/share/texlive/texmf-dist/tex/latex/listings/listings.cfg
File: listings.cfg 2013/08/26 1.5b listings configuration
))
Package scrhack Info: loading listings hack on input line 25.

(/usr/share/texlive/texmf-dist/tex/latex/koma-script/listings.hak
File: listings.hak 2013/12/19 v3.12 KOMA-Script package (hacking package listin
gs)
Package tocbasic Info: setting babel extension for `lol' on input line 137.
Package scrhack Info: redefining \lstlistoflistings on input line 137.
)
Package: listings 2013/08/26 1.5b (Carsten Heinz)

No file thesis-algorithms.aux.
\openout1 = `thesis-algorithms.aux'.

LaTeX Font Info:    Checking defaults for OML/cmm/m/it on input line 37.
LaTeX Font Info:    ... okay on input line 37.
LaTeX Font Info:    Checking defaults for T1/cmr/m/n on input line 37.
LaTeX Font Info:    ... okay on input line 37.
LaTeX Font Info:    Checking defaults for OT1/cmr/m/n on input line 37.
LaTeX Font Info:    ... okay on input line 37.
LaTeX Font Info:    Checking defaults for OMS/cmsy/m/n on input line 37.
LaTeX Font Info:    ... okay on input line 37.
LaTeX Font Info:    Checking defaults for OMX/cmex/m/n on input line 37.
LaTeX Font Info:    ... okay on input line 37.
LaTeX Font Info:    Checking defaults for U/cmr/m/n on input line 37.
LaTeX Font Info:    ... okay on input line 37.
LaTeX Font Info:    Try loading font information for T1+lmr on input line 37.
(/usr/share/texmf/tex/latex/lm/t1lmr.fd
File: t1lmr.fd 2009/10/30 v1.6 Font defs for Latin Modern
)
\c@lstlisting=\count142
Package scrhack Info: undefining \float@addtolists on input line 37.
 [1



{/var/lib/texmf/fonts/map/pdftex/updmap/pdftex.map}]
LaTeX Font Info:    Try loading font information for T1+lmss on input line 65.
 (/usr/share/texmf/tex/latex/lm/t1lmss.fd
File: t1lmss.fd 2009/10/30 v1.6 Font defs for Latin Modern
)
No file thesis-algorithms.toc.
\tf@toc=\write3
\openout3 = `thesis-algorithms.toc'.

LaTeX Font Info:    Try loading font information for OT1+lmr on input line 66.
(/usr/share/texmf/tex/latex/lm/ot1lmr.fd
File: ot1lmr.fd 2009/10/30 v1.6 Font defs for Latin Modern
)
LaTeX Font Info:    Try loading font information for OML+lmm on input line 66.

(/usr/share/texmf/tex/latex/lm/omllmm.fd
File: omllmm.fd 2009/10/30 v1.6 Font defs for Latin Modern
)
LaTeX Font Info:    Try loading font information for OMS+lmsy on input line 66.


(/usr/share/texmf/tex/latex/lm/omslmsy.fd
File: omslmsy.fd 2009/10/30 v1.6 Font defs for Latin Modern
)
LaTeX Font Info:    Try loading font information for OMX+lmex on input line 66.


(/usr/share/texmf/tex/latex/lm/omxlmex.fd
File: omxlmex.fd 2009/10/30 v1.6 Font defs for Latin Modern
)
LaTeX Font Info:    External font `lmex10' loaded for size
(Font)              <12> on input line 66.
LaTeX Font Info:    External font `lmex10' loaded for size
(Font)              <8> on input line 66.
LaTeX Font Info:    External font `lmex10' loaded for size
(Font)              <6> on input line 66.
LaTeX Font Info:    Try loading font information for U+lasy on input line 66.

(/usr/share/texlive/texmf-dist/tex/latex/base/ulasy.fd
File: ulasy.fd 1998/08/17 v2.2e LaTeX symbol font definitions
)
LaTeX Font Info:    Try loading font information for U+msa on input line 66.

(/usr/share/texlive/texmf-dist/tex/latex/amsfonts/umsa.fd
File: umsa.fd 2013/01/14 v3.01 AMS symbols A
)
LaTeX Font Info:    Try loading font information for U+msb on input line 66.

(/usr/share/texlive/texmf-dist/tex/latex/amsfonts/umsb.fd
File: umsb.fd 2013/01/14 v3.01 AMS symbols B
)
Overfull \vbox (7.67189pt too high) has occurred while \output is active []


[1



]
No file thesis-algorithms.lof.
\tf@lof=\write4
\openout4 = `thesis-algorithms.lof'.


Overfull \vbox (7.67189pt too high) has occurred while \output is active []


[2


]
No file thesis-algorithms.lot.
\tf@lot=\write5
\openout5 = `thesis-algorithms.lot'.


Overfull \vbox (7.67189pt too high) has occurred while \output is active []


[3


]
No file thesis-algorithms.lol.
\tf@lol=\write6
\openout6 = `thesis-algorithms.lol'.


Overfull \vbox (7.67189pt too high) has occurred while \output is active []


[4


]
Overfull \vbox (7.67189pt too high) has occurred while \output is active []


[5


]
Overfull \vbox (7.67189pt too high) has occurred while \output is active []


[6


]
Chapter 1.

Overfull \vbox (7.67189pt too high) has occurred while \output is active []


[1



]
Overfull \vbox (7.67189pt too high) has occurred while \output is active []


[2]
Overfull \vbox (7.67189pt too high) has occurred while \output is active []


[3]
Chapter 2.

LaTeX Warning: Reference `lst:sample' on page 4 undefined on input line 91.

(/usr/share/texlive/texmf-dist/tex/latex/listings/lstlang1.sty
File: lstlang1.sty 2013/08/26 1.5b listings language file
)
(/usr/share/texlive/texmf-dist/tex/latex/listings/lstmisc.sty
File: lstmisc.sty 2013/08/26 1.5b (Carsten Heinz)
)
LaTeX Font Info:    Try loading font information for T1+lmtt on input line 94.

(/usr/share/texmf/tex/latex/lm/t1lmtt.fd
File: t1lmtt.fd 2009/10/30 v1.6 Font defs for Latin Modern
)
LaTeX Font Info:    Font shape `T1/lmtt/bx/n' in size <12> not available
(Font)              Font shape `T1/lmtt/b/n' tried instead on input line 95.

Overfull \vbox (7.67189pt too high) has occurred while \output is active []


[4


]

LaTeX Warning: Reference `ex:rain' on page 5 undefined on input line 132.


LaTeX Warning: Reference `alg:ex1' on page 5 undefined on input line 138.


LaTeX Warning: Reference `alg:gauss-seidel' on page 5 undefined on input line 1
58.


Overfull \vbox (7.67189pt too high) has occurred while \output is active []


[5]
Chapter 3.

Overfull \vbox (7.67189pt too high) has occurred while \output is active []


[6


]
Overfull \vbox (7.67189pt too high) has occurred while \output is active []


[7]
Overfull \vbox (7.67189pt too high) has occurred while \output is active []


[8]
Chapter 4.

Overfull \vbox (7.67189pt too high) has occurred while \output is active []


[9


]
Overfull \vbox (7.67189pt too high) has occurred while \output is active []


[10]
Overfull \vbox (7.67189pt too high) has occurred while \output is active []


[11]
Chapter 5.

Overfull \vbox (7.67189pt too high) has occurred while \output is active []


[12


]
Overfull \vbox (7.67189pt too high) has occurred while \output is active []


[13]
Overfull \vbox (7.67189pt too high) has occurred while \output is active []


[14]
\tf@thm=\write7
\openout7 = `thesis-algorithms.thm'.

 (./thesis-algorithms.aux)

LaTeX Warning: There were undefined references.


LaTeX Warning: Label(s) may have changed. Rerun to get cross-references right.

 ) 
Here is how much of TeX's memory you used:
 6941 strings out of 493304
 100350 string characters out of 6139872
 338112 words of memory out of 5000000
 10309 multiletter control sequences out of 15000+600000
 60420 words of font info for 52 fonts, out of 8000000 for 9000
 957 hyphenation exceptions out of 8191
 42i,14n,49p,244b,1043s stack positions out of 5000i,500n,10000p,200000b,80000s
{/usr/share/texmf/fonts/enc/dvips/lm/lm-rm.enc}{/usr/share/texmf/fonts/enc/dv
ips/lm/lm-mathsy.enc}{/usr/share/texmf/fonts/enc/dvips/lm/lm-mathex.enc}{/usr/s
hare/texmf/fonts/enc/dvips/lm/lm-mathit.enc}{/usr/share/texmf/fonts/enc/dvips/l
m/lm-ec.enc}</usr/share/texmf/fonts/type1/public/lm/lmbx12.pfb></usr/share/texm
f/fonts/type1/public/lm/lmex10.pfb></usr/share/texmf/fonts/type1/public/lm/lmmi
12.pfb></usr/share/texmf/fonts/type1/public/lm/lmmi6.pfb></usr/share/texmf/font
s/type1/public/lm/lmmi8.pfb></usr/share/texmf/fonts/type1/public/lm/lmr12.pfb><
/usr/share/texmf/fonts/type1/public/lm/lmr6.pfb></usr/share/texmf/fonts/type1/p
ublic/lm/lmr8.pfb></usr/share/texmf/fonts/type1/public/lm/lmri12.pfb></usr/shar
e/texmf/fonts/type1/public/lm/lmssbx10.pfb></usr/share/texmf/fonts/type1/public
/lm/lmsy10.pfb></usr/share/texmf/fonts/type1/public/lm/lmsy6.pfb></usr/share/te
xmf/fonts/type1/public/lm/lmsy8.pfb></usr/share/texmf/fonts/type1/public/lm/lmt
k10.pfb></usr/share/texmf/fonts/type1/public/lm/lmtt12.pfb></usr/share/texmf/fo
nts/type1/public/lm/lmtti10.pfb>
Output written on thesis-algorithms.pdf (21 pages, 244347 bytes).
PDF statistics:
 146 PDF objects out of 1000 (max. 8388607)
 105 compressed objects within 2 object streams
 0 named destinations out of 1000 (max. 500000)
 1 words of extra memory for PDF output out of 10000 (max. 10000000)

