\BOOKMARK [1][]{section*.1}{\376\377\000D\000i\000s\000c\000i\000p\000l\000i\000n\000e\000s\000\040\000e\000t\000\040\000a\000c\000t\000i\000v\000i\000t\000\351\000s}{}% 1
\BOOKMARK [2][]{section*.2}{\376\377\000D\000i\000s\000c\000i\000p\000l\000i\000n\000e}{section*.1}% 2
\BOOKMARK [2][]{section*.3}{\376\377\000A\000c\000t\000i\000v\000i\000t\000\351}{section*.1}% 3
\BOOKMARK [1][]{section*.4}{\376\377\000E\000t\000u\000d\000e\000s\000\040\000e\000n\000\040\000c\000o\000u\000r\000s}{}% 4
\BOOKMARK [1][]{section*.5}{\376\377\000C\000u\000r\000s\000u\000s}{}% 5
\BOOKMARK [2][]{section*.6}{\376\377\000F\000a\000c\000u\000l\000t\000\351\000\040\000d\000e\000s\000\040\000S\000c\000i\000e\000n\000c\000e\000s\000\040\040\023\000\040\000U\000n\000i\000v\000e\000r\000s\000i\000t\000\351\000\040\000d\000'\000A\000n\000t\000a\000n\000a\000n\000a\000r\000i\000v\000o}{section*.5}% 6
\BOOKMARK [2][]{section*.7}{\376\377\000L\000y\000c\000\351\000e\000\040\000M\000o\000d\000e\000r\000n\000e\000\040\000A\000m\000p\000e\000f\000i\000l\000o\000h\000a}{section*.5}% 7
\BOOKMARK [1][]{section*.8}{\376\377\000D\000o\000m\000a\000i\000n\000e\000\040\000d\000e\000\040\000c\000o\000m\000p\000\351\000t\000e\000n\000c\000e\000s\000\040\000e\000t\000\040\000e\000x\000p\000e\000r\000t\000i\000s\000e}{}% 8
\BOOKMARK [2][]{section*.9}{\376\377\000M\000o\000d\000\351\000l\000i\000s\000a\000t\000i\000o\000n\000\040\000e\000t\000\040\000r\000\351\000a\000l\000i\000s\000a\000t\000i\000o\000n\000\040\000d\040\031\000a\000p\000p\000l\000i\000c\000a\000t\000i\000o\000n\000s\000\040\000d\040\031\000e\000n\000t\000r\000e\000p\000r\000i\000s\000e}{section*.8}% 9
\BOOKMARK [2][]{section*.10}{\376\377\000D\000i\000a\000g\000n\000o\000s\000t\000i\000q\000u\000e\000\040\000e\000t\000\040\000o\000p\000t\000i\000m\000i\000s\000a\000t\000i\000o\000n\000\040\000d\040\031\000a\000p\000p\000l\000i\000c\000a\000t\000i\000o\000n\000s}{section*.8}% 10
\BOOKMARK [2][]{section*.11}{\376\377\000F\000o\000r\000m\000a\000t\000i\000o\000n}{section*.8}% 11
\BOOKMARK [1][]{section*.12}{\376\377\000E\000x\000p\000\351\000r\000i\000e\000n\000c\000e\000\040\000p\000r\000o\000f\000e\000s\000s\000i\000o\000n\000n\000e\000l\000l\000e}{}% 12
\BOOKMARK [1][]{section*.13}{\376\377\000C\000o\000n\000n\000a\000i\000s\000s\000a\000n\000c\000e\000s\000\040\000t\000e\000c\000h\000n\000i\000q\000u\000e\000s}{}% 13
\BOOKMARK [2][]{section*.14}{\376\377\000D\000\351\000v\000e\000l\000o\000p\000p\000e\000m\000e\000n\000t\000\040\000A\000S\000P\000.\000N\000E\000T}{section*.13}% 14
\BOOKMARK [2][]{section*.15}{\376\377\000D\000e\000s\000i\000g\000n\000\040\000p\000a\000t\000t\000e\000r\000n}{section*.13}% 15
\BOOKMARK [2][]{section*.16}{\376\377\000L\000a\000n\000g\000a\000g\000e\000s}{section*.13}% 16
\BOOKMARK [2][]{section*.17}{\376\377\000D\000\351\000v\000e\000l\000o\000p\000p\000e\000m\000e\000n\000t\000\040\000w\000e\000b}{section*.13}% 17
\BOOKMARK [2][]{section*.18}{\376\377\000B\000a\000s\000e\000\040\000d\000e\000\040\000d\000o\000n\000n\000\351\000e\000s\000\040\000e\000t\000\040\000m\000o\000d\000\351\000l\000i\000s\000a\000t\000i\000o\000n}{section*.13}% 18
\BOOKMARK [2][]{section*.19}{\376\377\000M\000\351\000t\000h\000o\000d\000o\000l\000o\000g\000i\000e}{section*.13}% 19
\BOOKMARK [1][]{section*.20}{\376\377\000L\000a\000n\000g\000u\000e\000s}{}% 20
\BOOKMARK [1][]{section*.21}{\376\377\000I\000n\000f\000o\000r\000m\000a\000t\000i\000o\000n\000s\000\040\000c\000o\000m\000p\000l\000\351\000m\000e\000n\000t\000a\000i\000r\000e\000s}{}% 21
\BOOKMARK [2][]{section*.22}{\376\377\000A\000s\000s\000o\000c\000i\000a\000t\000i\000o\000n\000\040\000A\000E\000M\000I\000S\000A}{section*.21}% 22
\BOOKMARK [2][]{section*.23}{\376\377\000A\000C\000\040\000E\000n\000g\000l\000i\000s\000h\000\040\000C\000l\000u\000b}{section*.21}% 23
\BOOKMARK [2][]{section*.24}{\376\377\000I\000n\000t\000\351\000r\000\352\000t\000s\000/\000L\000o\000i\000s\000i\000r\000s}{section*.21}% 24
\BOOKMARK [2][]{section*.25}{\376\377\000S\000p\000o\000r\000t}{section*.21}% 25
\BOOKMARK [2][]{section*.26}{\376\377\000D\000i\000v\000e\000r\000s}{section*.21}% 26
