\BOOKMARK [-1][-]{part.1}{I Les bases}{}% 1
\BOOKMARK [0][-]{chapter.1}{Les \351quations des fluides}{part.1}% 2
\BOOKMARK [1][-]{section.1.1}{Les symboles}{chapter.1}% 3
\BOOKMARK [1][-]{section.1.2}{L'\351quation d'inertie}{chapter.1}% 4
\BOOKMARK [1][-]{section.1.3}{Les points de vue Lagrangienne et Eul\351rienne}{chapter.1}% 5
\BOOKMARK [2][-]{subsection.1.3.1}{Exemple}{section.1.3}% 6
\BOOKMARK [2][-]{subsection.1.3.2}{Quantit\351 de vecteur d'advection}{section.1.3}% 7
\BOOKMARK [1][-]{section.1.4}{L'incompressibilit\351}{chapter.1}% 8
\BOOKMARK [1][-]{section.1.5}{N\351gliger la viscosit\351}{chapter.1}% 9
\BOOKMARK [1][-]{section.1.6}{Conditions \340 la fronti\350re}{chapter.1}% 10
\BOOKMARK [0][-]{chapter.2}{Revue des simulations num\351riques}{part.1}% 11
\BOOKMARK [1][-]{section.2.1}{La d\351composition}{chapter.2}% 12
\BOOKMARK [1][-]{section.2.2}{La d\351composition des \351quations des fluides}{chapter.2}% 13
\BOOKMARK [1][-]{section.2.3}{Les intervalles de temps}{chapter.2}% 14
\BOOKMARK [1][-]{section.2.4}{Les grilles}{chapter.2}% 15
\BOOKMARK [0][-]{chapter.3}{Des algorithmes d'advection}{part.1}% 16
\BOOKMARK [1][-]{section.3.1}{Les conditions aux fronti\350res}{chapter.3}% 17
\BOOKMARK [1][-]{section.3.2}{Le pas de temps}{chapter.3}% 18
\BOOKMARK [2][-]{subsection.3.2.1}{La condition CFL}{section.3.2}% 19
\BOOKMARK [1][-]{section.3.3}{Le dissipation}{chapter.3}% 20
\BOOKMARK [0][-]{chapter.4}{Rendre les fluides incompressibles}{part.1}% 21
\BOOKMARK [1][-]{section.4.1}{Le gradient de pression discret}{chapter.4}% 22
\BOOKMARK [1][-]{section.4.2}{La divergence discr\350te}{chapter.4}% 23
\BOOKMARK [1][-]{section.4.3}{Les \351quations de pression}{chapter.4}% 24
\BOOKMARK [2][-]{subsection.4.3.1}{Les mettre sous la forme de matrices et de vecteurs}{section.4.3}% 25
\BOOKMARK [2][-]{subsection.4.3.2}{L'algorithme du gradient conjugu\351}{section.4.3}% 26
\BOOKMARK [-1][-]{part.2}{II Les diff\351rents types de fluides}{}% 27
\BOOKMARK [0][-]{chapter.5}{La fum\351e}{part.2}% 28
\BOOKMARK [1][-]{section.5.1}{Confinement de vorticit\351s}{chapter.5}% 29
\BOOKMARK [1][-]{section.5.2}{Une interpolation plus pointue}{chapter.5}% 30
\BOOKMARK [0][-]{chapter.6}{L'eau et les lignes de niveau}{part.2}% 31
\BOOKMARK [1][-]{section.6.1}{Marqueur de particules}{chapter.6}% 32
\BOOKMARK [1][-]{section.6.2}{Les lignes de niveau}{chapter.6}% 33
\BOOKMARK [2][-]{subsection.6.2.1}{La distance sign\351e}{section.6.2}% 34
\BOOKMARK [2][-]{subsection.6.2.2}{Calcul de la distance sign\351e}{section.6.2}% 35
\BOOKMARK [-1][-]{part.3}{III Les fluides en temps r\351el}{}% 36
\BOOKMARK [0][-]{chapter.7}{Les simulations en temps r\351el}{part.3}% 37
\BOOKMARK [1][-]{section.7.1}{De l'eau en temps r\351el}{chapter.7}% 38
\BOOKMARK [0][-]{chapter.8}{Les approximations "Heightfield"}{part.3}% 39
\BOOKMARK [0][-]{chapter.9}{Smoothed Particle Hydrodynamics}{part.3}% 40
\BOOKMARK [1][-]{section.9.1}{Les syst\350mes de particules simples}{chapter.9}% 41
\BOOKMARK [1][-]{section.9.2}{Int\351ractions particule-particule}{chapter.9}% 42
\BOOKMARK [1][-]{section.9.3}{SPH}{chapter.9}% 43
\BOOKMARK [2][-]{subsection.9.3.1}{La pression}{section.9.3}% 44
\BOOKMARK [2][-]{subsection.9.3.2}{La viscosit\351}{section.9.3}% 45
\BOOKMARK [2][-]{subsection.9.3.3}{Les forces externes}{section.9.3}% 46
\BOOKMARK [1][-]{section.9.4}{Le rendu}{chapter.9}% 47
