This is pdfTeX, Version 3.1415926-2.5-1.40.14 (TeX Live 2013/Debian) (format=pdflatex 2016.6.8)  5 JAN 2017 22:54
entering extended mode
 restricted \write18 enabled.
 %&-line parsing enabled.
**titlepages.tex
(./titlepages.tex
LaTeX2e <2011/06/27>
Babel <3.9h> and hyphenation patterns for 78 languages loaded.
(/usr/share/texlive/texmf-dist/tex/latex/memoir/memoir.cls
Document Class: memoir 2013/05/30 v3.7b configurable book, report, article docu
ment class
\onelineskip=\skip41
\lxvchars=\skip42
\xlvchars=\skip43
\@memcnta=\count79
\c@@memmarkcntra=\count80
(/usr/share/texlive/texmf-dist/tex/generic/oberdiek/ifpdf.sty
Package: ifpdf 2011/01/30 v2.3 Provides the ifpdf switch (HO)
Package ifpdf Info: pdfTeX in PDF mode is detected.
)
(/usr/share/texlive/texmf-dist/tex/latex/ifetex/ifetex.sty
Package: ifetex 2011/12/15 v1.2 ifetex

(/usr/share/texlive/texmf-dist/tex/plain/ifetex/ifetex.tex))
(/usr/share/texlive/texmf-dist/tex/generic/ifxetex/ifxetex.sty
Package: ifxetex 2010/09/12 v0.6 Provides ifxetex conditional
)
(/usr/share/texlive/texmf-dist/tex/generic/oberdiek/ifluatex.sty
Package: ifluatex 2010/03/01 v1.3 Provides the ifluatex switch (HO)
Package ifluatex Info: LuaTeX not detected.
)
\stockheight=\skip44
\stockwidth=\skip45
\trimtop=\skip46
\trimedge=\skip47

(/usr/share/texlive/texmf-dist/tex/latex/etex-pkg/etex.sty
Package: etex 1998/03/26 v2.0 eTeX basic definition package (PEB)
\et@xins=\count81
)
(/usr/share/texlive/texmf-dist/tex/latex/memoir/mem10.clo
File: mem10.clo 2008/01/30 v0.3 memoir class 10pt size option
)
\binding=\skip48
\spinemargin=\skip49
\foremargin=\skip50
\uppermargin=\skip51
\lowermargin=\skip52
\headdrop=\skip53
\normalrulethickness=\skip54
\mem@maxheadheight=\skip55
\mem@maxfootheight=\skip56
\headwidth=\skip57
\c@storedpagenumber=\count82
\memPD=\dimen102
\m@mabparskip=\skip58
\thanksmarkwidth=\skip59
\thanksmarksep=\skip60
\droptitle=\skip61
\c@book=\count83
\c@part=\count84
\c@chapter=\count85
\c@section=\count86
\c@subsection=\count87
\c@subsubsection=\count88
\c@paragraph=\count89
\c@subparagraph=\count90
\beforechapskip=\skip62
\midchapskip=\skip63
\afterchapskip=\skip64
\chapindent=\skip65
\bottomsectionskip=\skip66
\secindent=\skip67
\beforesecskip=\skip68
\aftersecskip=\skip69
\subsecindent=\skip70
\beforesubsecskip=\skip71
\aftersubsecskip=\skip72
\subsubsecindent=\skip73
\beforesubsubsecskip=\skip74
\aftersubsubsecskip=\skip75
\paraindent=\skip76
\beforeparaskip=\skip77
\afterparaskip=\skip78
\subparaindent=\skip79
\beforesubparaskip=\skip80
\aftersubparaskip=\skip81
\pfbreakskip=\skip82
\c@@ppsavesec=\count91
\c@@ppsaveapp=\count92
\ragrparindent=\dimen103
\everylistparindent=\dimen104
\parsepi=\skip83
\topsepi=\skip84
\itemsepi=\skip85
\parsepii=\skip86
\topsepii=\skip87
\topsepiii=\skip88
\itemsepii=\skip89
\itemsepiii=\skip90
\partopsepii=\skip91
\partopsepiii=\skip92
\m@msavetopsep=\skip93
\m@msavepartopsep=\skip94
\@enLab=\toks14
\abstitleskip=\skip95
\absleftindent=\skip96
\abs@leftindent=\dimen105
\absrightindent=\skip97
\absparindent=\skip98
\absparsep=\skip99
\c@vslineno=\count93
\c@poemline=\count94
\c@modulo@vs=\count95
\c@memfvsline=\count96
\vleftskip=\skip100
\vrightskip=\skip101
\stanzaskip=\skip102
\versewidth=\skip103
\vgap=\skip104
\vindent=\skip105
\vleftmargin=\dimen106
\c@verse=\count97
\c@chrsinstr=\count98
\beforepoemtitleskip=\skip106
\afterpoemtitleskip=\skip107
\c@poem=\count99
\beforePoemTitleskip=\skip108
\midPoemTitleskip=\skip109
\afterPoemTitleskip=\skip110
\col@sep=\dimen107
\extrarowheight=\dimen108
\NC@list=\toks15
\extratabsurround=\skip111
\backup@length=\skip112
\TX@col@width=\dimen109
\TX@old@table=\dimen110
\TX@old@col=\dimen111
\TX@target=\dimen112
\TX@delta=\dimen113
\TX@cols=\count100
\TX@ftn=\toks16
\heavyrulewidth=\dimen114
\lightrulewidth=\dimen115
\cmidrulewidth=\dimen116
\belowrulesep=\dimen117
\belowbottomsep=\dimen118
\aboverulesep=\dimen119
\abovetopsep=\dimen120
\cmidrulesep=\dimen121
\cmidrulekern=\dimen122
\defaultaddspace=\dimen123
\@cmidla=\count101
\@cmidlb=\count102
\@aboverulesep=\dimen124
\@belowrulesep=\dimen125
\@thisruleclass=\count103
\@lastruleclass=\count104
\@thisrulewidth=\dimen126
\ctableftskip=\skip113
\ctabrightskip=\skip114
\abovecolumnspenalty=\count105
\@linestogo=\count106
\@cellstogo=\count107
\@cellsincolumn=\count108
\crtok=\toks17
\@mincolumnwidth=\dimen127
\c@newflo@tctr=\count109
\mem@margin@floatbox=\box26
\@contcwidth=\skip115
\@contindw=\skip116
\abovecaptionskip=\skip117
\belowcaptionskip=\skip118
\subfloattopskip=\skip119
\subfloatcapskip=\skip120
\subfloatcaptopadj=\skip121
\subfloatbottomskip=\skip122
\subfloatlabelskip=\skip123
\subfloatcapmargin=\dimen128
\c@@contsubnum=\count110
\m@mscap@capbox=\box27
\m@mscap@fbox=\box28
\sidecapsep=\dimen129
\sidecapwidth=\dimen130
\m@m@tempdima=\dimen131
\m@mscapraise=\dimen132
\sidecapraise=\dimen133
\m@mscapmainwidth=\dimen134
\m@mscaplkern=\dimen135
\beforeepigraphskip=\skip124
\afterepigraphskip=\skip125
\epigraphwidth=\skip126
\epigraphrule=\skip127
LaTeX Info: Redefining \em on input line 7492.
LaTeX Info: Redefining \emph on input line 7500.
\tocentryskip=\skip128
\tocbaseline=\skip129
\cftparskip=\skip130
\cftbeforebookskip=\skip131
\cftbookindent=\dimen136
\cftbooknumwidth=\dimen137
\cftbeforepartskip=\skip132
\cftpartindent=\skip133
\cftpartnumwidth=\skip134
\cftbeforechapterskip=\skip135
\cftchapterindent=\skip136
\cftchapternumwidth=\skip137
\cftbeforesectionskip=\skip138
\cftsectionindent=\skip139
\cftsectionnumwidth=\skip140
\cftbeforesubsectionskip=\skip141
\cftsubsectionindent=\skip142
\cftsubsectionnumwidth=\skip143
\cftbeforesubsubsectionskip=\skip144
\cftsubsubsectionindent=\skip145
\cftsubsubsectionnumwidth=\skip146
\cftbeforeparagraphskip=\skip147
\cftparagraphindent=\skip148
\cftparagraphnumwidth=\skip149
\cftbeforesubparagraphskip=\skip150
\cftsubparagraphindent=\skip151
\cftsubparagraphnumwidth=\skip152
\prechapterprecisshift=\dimen138
\c@maxsecnumdepth=\count111
\bibindent=\dimen139
\bibitemsep=\skip153
\indexcolsep=\skip154
\indexrule=\skip155
\indexmarkstyle=\toks18
\@indexbox=\insert233
\glossarycolsep=\dimen140
\glossaryrule=\dimen141
\sideparvshift=\skip156
\sideins=\insert232
\sidebartopsep=\skip157
\sidebarhsep=\skip158
\sidebarvsep=\skip159
\sidebarwidth=\skip160
\footmarkwidth=\skip161
\footmarksep=\skip162
\footparindent=\skip163
\footinsdim=\skip164
\footinsv@r=\insert231
\@mpfootinsv@r=\insert230
\m@m@k=\count112
\m@m@h=\dimen142
\m@mipn@skip=\skip165
\sidefootins=\insert229
\sidefootadjust=\skip166
\sidefootheight=\skip167
\sidefoothsep=\skip168
\sidefootvsep=\skip169
\sidefootwidth=\skip170
\m@mdownsf=\skip171
\c@sidefootnote=\count113
\sidefootmarkwidth=\skip172
\sidefootmarksep=\skip173
\sidefootparindent=\skip174
\c@pagenote=\count114
\c@pagenoteshadow=\count115
\mem@pn@lastkern=\skip175
\every@verbatim=\toks19
\afterevery@verbatim=\toks20
\verbatim@line=\toks21
\tab@position=\count116
\verbatim@in@stream=\read1
\verbatimindent=\skip176
\verbatim@out=\write3
\bvboxsep=\skip177
\c@memfbvline=\count117
\c@bvlinectr=\count118
\bvnumlength=\skip178
\fb@frw=\dimen143
\fb@frh=\dimen144
\FrameRule=\dimen145
\FrameSep=\dimen146
\c@cp@cntr=\count119
LaTeX Info: Redefining \: on input line 11958.
LaTeX Info: Redefining \! on input line 11960.
\c@ism@mctr=\count120
\c@xsm@mctr=\count121
\c@csm@mctr=\count122
\c@ksm@mctr=\count123
\c@xksm@mctr=\count124
\c@cksm@mctr=\count125
\c@msm@mctr=\count126
\c@xmsm@mctr=\count127
\c@cmsm@mctr=\count128
\c@bsm@mctr=\count129
\c@workm@mctr=\count130
\c@sheetsequence=\count131
\c@lastsheet=\count132
\c@lastpage=\count133
\c@figure=\count134
\c@lofdepth=\count135
\cftbeforefigureskip=\skip179
\cftfigureindent=\skip180
\cftfigurenumwidth=\skip181
\c@table=\count136
\c@lotdepth=\count137
\cftbeforetableskip=\skip182
\cfttableindent=\skip183
\cfttablenumwidth=\skip184
Package abstract [2008/07/23] emulated by memoir.
Package appendix [2008/07/23] emulated by memoir.
Package array [2008/09/09] emulated by memoir.
Package booktabs [2008/07/23] emulated by memoir.
Package ccaption [2008/07/23] emulated by memoir.
Package changepage [2008/07/23] emulated by memoir.
Package chngcntr [2008/07/23] emulated by memoir.
Package chngpage [2008/07/23] emulated by memoir.
Package crop emulated by memoir.
Package dcolumn [2008/07/23] emulated by memoir.
Package delarray [2008/07/23] emulated by memoir.
Package enumerate [2008/07/23] emulated by memoir.
Package epigraph [2008/07/23] emulated by memoir.
Package ifmtarg [2008/07/23] emulated by memoir.
Package index [2008/07/23] emulated by memoir.
Package makeidx [2008/07/23] emulated by memoir.
Package moreverb [2008/07/23] emulated by memoir.
Package mparhack [2008/07/23] emulated by memoir.
Package needspace [2008/07/23] emulated by memoir.
Package newfile [2008/07/23] emulated by memoir.
Package nextpage [2008/07/23] emulated by memoir.
Package pagenote [2008/07/23] emulated by memoir.
Package parskip [2008/07/23] emulated by memoir.
Package patchcmd [2008/07/23] emulated by memoir.
Package setspace [2008/07/23] emulated by memoir.
Package shortvrb [2008/07/23] emulated by memoir.
Package showidx [2008/07/23] emulated by memoir.
Package tabularx [2008/07/23] emulated by memoir.
Package titleref [2008/07/23] emulated by memoir.
Package titling [2008/07/23] emulated by memoir.
Package tocbibind [2008/07/23] emulated by memoir.
Package tocloft [2008/07/23] emulated by memoir.
Package tocvsec2 [2008/07/23] emulated by memoir.
Package verbatim [2008/07/23] emulated by memoir.
Package verse [2008/07/23] emulated by memoir.

(/usr/share/texlive/texmf-dist/tex/latex/memoir/mempatch.sty
Package: mempatch 2009/07/24 v6.0f Patches for memoir class v1.6180339
))
(/usr/share/texlive/texmf-dist/tex/latex/base/fontenc.sty
Package: fontenc 2005/09/27 v1.99g Standard LaTeX package

(/usr/share/texlive/texmf-dist/tex/latex/base/t1enc.def
File: t1enc.def 2005/09/27 v1.99g Standard LaTeX file
LaTeX Font Info:    Redeclaring font encoding T1 on input line 43.
))
(/usr/share/texmf/tex/latex/lm/lmodern.sty
Package: lmodern 2009/10/30 v1.6 Latin Modern Fonts
LaTeX Font Info:    Overwriting symbol font `operators' in version `normal'
(Font)                  OT1/cmr/m/n --> OT1/lmr/m/n on input line 22.
LaTeX Font Info:    Overwriting symbol font `letters' in version `normal'
(Font)                  OML/cmm/m/it --> OML/lmm/m/it on input line 23.
LaTeX Font Info:    Overwriting symbol font `symbols' in version `normal'
(Font)                  OMS/cmsy/m/n --> OMS/lmsy/m/n on input line 24.
LaTeX Font Info:    Overwriting symbol font `largesymbols' in version `normal'
(Font)                  OMX/cmex/m/n --> OMX/lmex/m/n on input line 25.
LaTeX Font Info:    Overwriting symbol font `operators' in version `bold'
(Font)                  OT1/cmr/bx/n --> OT1/lmr/bx/n on input line 26.
LaTeX Font Info:    Overwriting symbol font `letters' in version `bold'
(Font)                  OML/cmm/b/it --> OML/lmm/b/it on input line 27.
LaTeX Font Info:    Overwriting symbol font `symbols' in version `bold'
(Font)                  OMS/cmsy/b/n --> OMS/lmsy/b/n on input line 28.
LaTeX Font Info:    Overwriting symbol font `largesymbols' in version `bold'
(Font)                  OMX/cmex/m/n --> OMX/lmex/m/n on input line 29.
LaTeX Font Info:    Overwriting math alphabet `\mathbf' in version `normal'
(Font)                  OT1/cmr/bx/n --> OT1/lmr/bx/n on input line 31.
LaTeX Font Info:    Overwriting math alphabet `\mathsf' in version `normal'
(Font)                  OT1/cmss/m/n --> OT1/lmss/m/n on input line 32.
LaTeX Font Info:    Overwriting math alphabet `\mathit' in version `normal'
(Font)                  OT1/cmr/m/it --> OT1/lmr/m/it on input line 33.
LaTeX Font Info:    Overwriting math alphabet `\mathtt' in version `normal'
(Font)                  OT1/cmtt/m/n --> OT1/lmtt/m/n on input line 34.
LaTeX Font Info:    Overwriting math alphabet `\mathbf' in version `bold'
(Font)                  OT1/cmr/bx/n --> OT1/lmr/bx/n on input line 35.
LaTeX Font Info:    Overwriting math alphabet `\mathsf' in version `bold'
(Font)                  OT1/cmss/bx/n --> OT1/lmss/bx/n on input line 36.
LaTeX Font Info:    Overwriting math alphabet `\mathit' in version `bold'
(Font)                  OT1/cmr/bx/it --> OT1/lmr/bx/it on input line 37.
LaTeX Font Info:    Overwriting math alphabet `\mathtt' in version `bold'
(Font)                  OT1/cmtt/m/n --> OT1/lmtt/m/n on input line 38.
)
(/usr/share/texlive/texmf-dist/tex/latex/url/url.sty
\Urlmuskip=\muskip10
Package: url 2013/09/16  ver 3.4  Verb mode for urls, etc.
)
(/usr/share/texlive/texmf-dist/tex/latex/comment/comment.sty
\CommentStream=\write4

Excluding comment 'comment') (/usr/share/texmf/tex/latex/xcolor/xcolor.sty
Package: xcolor 2007/01/21 v2.11 LaTeX color extensions (UK)

(/usr/share/texlive/texmf-dist/tex/latex/latexconfig/color.cfg
File: color.cfg 2007/01/18 v1.5 color configuration of teTeX/TeXLive
)
Package xcolor Info: Driver file: pdftex.def on input line 225.

(/usr/share/texlive/texmf-dist/tex/latex/pdftex-def/pdftex.def
File: pdftex.def 2011/05/27 v0.06d Graphics/color for pdfTeX

(/usr/share/texlive/texmf-dist/tex/generic/oberdiek/infwarerr.sty
Package: infwarerr 2010/04/08 v1.3 Providing info/warning/error messages (HO)
)
(/usr/share/texlive/texmf-dist/tex/generic/oberdiek/ltxcmds.sty
Package: ltxcmds 2011/11/09 v1.22 LaTeX kernel commands for general use (HO)
)
\Gread@gobject=\count138
)
Package xcolor Info: Model `cmy' substituted by `cmy0' on input line 1337.
Package xcolor Info: Model `hsb' substituted by `rgb' on input line 1341.
Package xcolor Info: Model `RGB' extended on input line 1353.
Package xcolor Info: Model `HTML' substituted by `rgb' on input line 1355.
Package xcolor Info: Model `Hsb' substituted by `hsb' on input line 1356.
Package xcolor Info: Model `tHsb' substituted by `hsb' on input line 1357.
Package xcolor Info: Model `HSB' substituted by `hsb' on input line 1358.
Package xcolor Info: Model `Gray' substituted by `gray' on input line 1359.
Package xcolor Info: Model `wave' substituted by `hsb' on input line 1360.

(/usr/share/texmf/tex/latex/xcolor/svgnam.def
File: svgnam.def 2007/01/21 v2.11 Predefined colors according to SVG 1.1 (UK)
))
(/usr/share/texlive/texmf-dist/tex/latex/oberdiek/pdfcolmk.sty
Package: pdfcolmk 2008/08/11 v1.2 Color support for pdfTeX via marks (HO)
Package pdfcolmk Info: The color stack of pdfTeX >= 1.40 is used. Therefore
(pdfcolmk)             this package is not necessary and not loaded.
)
(/usr/share/texlive/texmf-dist/tex/latex/graphics/graphicx.sty
Package: graphicx 1999/02/16 v1.0f Enhanced LaTeX Graphics (DPC,SPQR)

(/usr/share/texlive/texmf-dist/tex/latex/graphics/keyval.sty
Package: keyval 1999/03/16 v1.13 key=value parser (DPC)
\KV@toks@=\toks22
)
(/usr/share/texlive/texmf-dist/tex/latex/graphics/graphics.sty
Package: graphics 2009/02/05 v1.0o Standard LaTeX Graphics (DPC,SPQR)

(/usr/share/texlive/texmf-dist/tex/latex/graphics/trig.sty
Package: trig 1999/03/16 v1.09 sin cos tan (DPC)
)
(/usr/share/texlive/texmf-dist/tex/latex/latexconfig/graphics.cfg
File: graphics.cfg 2010/04/23 v1.9 graphics configuration of TeX Live
)
Package graphics Info: Driver file: pdftex.def on input line 91.
)
\Gin@req@height=\dimen147
\Gin@req@width=\dimen148
)
(/usr/share/texlive/texmf-dist/tex/latex/hyperref/hyperref.sty
Package: hyperref 2012/11/06 v6.83m Hypertext links for LaTeX

(/usr/share/texlive/texmf-dist/tex/generic/oberdiek/hobsub-hyperref.sty
Package: hobsub-hyperref 2012/05/28 v1.13 Bundle oberdiek, subset hyperref (HO)


(/usr/share/texlive/texmf-dist/tex/generic/oberdiek/hobsub-generic.sty
Package: hobsub-generic 2012/05/28 v1.13 Bundle oberdiek, subset generic (HO)
Package: hobsub 2012/05/28 v1.13 Construct package bundles (HO)
Package hobsub Info: Skipping package `infwarerr' (already loaded).
Package hobsub Info: Skipping package `ltxcmds' (already loaded).
Package hobsub Info: Skipping package `ifluatex' (already loaded).
Package: ifvtex 2010/03/01 v1.5 Detect VTeX and its facilities (HO)
Package ifvtex Info: VTeX not detected.
Package: intcalc 2007/09/27 v1.1 Expandable calculations with integers (HO)
Package hobsub Info: Skipping package `ifpdf' (already loaded).
Package: etexcmds 2011/02/16 v1.5 Avoid name clashes with e-TeX commands (HO)
Package etexcmds Info: Could not find \expanded.
(etexcmds)             That can mean that you are not using pdfTeX 1.50 or
(etexcmds)             that some package has redefined \expanded.
(etexcmds)             In the latter case, load this package earlier.
Package: kvsetkeys 2012/04/25 v1.16 Key value parser (HO)
Package: kvdefinekeys 2011/04/07 v1.3 Define keys (HO)
Package: pdftexcmds 2011/11/29 v0.20 Utility functions of pdfTeX for LuaTeX (HO
)
Package pdftexcmds Info: LuaTeX not detected.
Package pdftexcmds Info: \pdf@primitive is available.
Package pdftexcmds Info: \pdf@ifprimitive is available.
Package pdftexcmds Info: \pdfdraftmode found.
Package: pdfescape 2011/11/25 v1.13 Implements pdfTeX's escape features (HO)
Package: bigintcalc 2012/04/08 v1.3 Expandable calculations on big integers (HO
)
Package: bitset 2011/01/30 v1.1 Handle bit-vector datatype (HO)
Package: uniquecounter 2011/01/30 v1.2 Provide unlimited unique counter (HO)
)
Package hobsub Info: Skipping package `hobsub' (already loaded).
Package: letltxmacro 2010/09/02 v1.4 Let assignment for LaTeX macros (HO)
Package: hopatch 2012/05/28 v1.2 Wrapper for package hooks (HO)
Package: xcolor-patch 2011/01/30 xcolor patch
Package: atveryend 2011/06/30 v1.8 Hooks at the very end of document (HO)
Package atveryend Info: \enddocument detected (standard20110627).
Package: atbegshi 2011/10/05 v1.16 At begin shipout hook (HO)
Package: refcount 2011/10/16 v3.4 Data extraction from label references (HO)
Package: hycolor 2011/01/30 v1.7 Color options for hyperref/bookmark (HO)
)
(/usr/share/texlive/texmf-dist/tex/latex/oberdiek/auxhook.sty
Package: auxhook 2011/03/04 v1.3 Hooks for auxiliary files (HO)
)
(/usr/share/texlive/texmf-dist/tex/latex/oberdiek/kvoptions.sty
Package: kvoptions 2011/06/30 v3.11 Key value format for package options (HO)
)
\@linkdim=\dimen149
\Hy@linkcounter=\count139
\Hy@pagecounter=\count140

(/usr/share/texlive/texmf-dist/tex/latex/hyperref/pd1enc.def
File: pd1enc.def 2012/11/06 v6.83m Hyperref: PDFDocEncoding definition (HO)
)
\Hy@SavedSpaceFactor=\count141

(/usr/share/texlive/texmf-dist/tex/latex/latexconfig/hyperref.cfg
File: hyperref.cfg 2002/06/06 v1.2 hyperref configuration of TeXLive
)
Package hyperref Info: Hyper figures OFF on input line 4443.
Package hyperref Info: Link nesting OFF on input line 4448.
Package hyperref Info: Hyper index ON on input line 4451.
Package hyperref Info: Plain pages OFF on input line 4458.
Package hyperref Info: Backreferencing OFF on input line 4463.
Package hyperref Info: Implicit mode ON; LaTeX internals redefined.
Package hyperref Info: Bookmarks ON on input line 4688.
\c@Hy@tempcnt=\count142
LaTeX Info: Redefining \url on input line 5041.
\XeTeXLinkMargin=\dimen150
\Fld@menulength=\count143
\Field@Width=\dimen151
\Fld@charsize=\dimen152
Package hyperref Info: Hyper figures OFF on input line 6295.
Package hyperref Info: Link nesting OFF on input line 6300.
Package hyperref Info: Hyper index ON on input line 6303.
Package hyperref Info: backreferencing OFF on input line 6310.
Package hyperref Info: Link coloring OFF on input line 6315.
Package hyperref Info: Link coloring with OCG OFF on input line 6320.
Package hyperref Info: PDF/A mode OFF on input line 6325.
LaTeX Info: Redefining \ref on input line 6365.
LaTeX Info: Redefining \pageref on input line 6369.
\Hy@abspage=\count144
\c@Item=\count145
\c@Hfootnote=\count146
)
(/usr/share/texlive/texmf-dist/tex/latex/memoir/memhfixc.sty
Package: memhfixc 2013/05/30 v1.17 nameref/hyperref package fixes for memoir cl
ass
\c@memhycontfloat=\count147
\c@Hpagenote=\count148
)

Package hyperref Message: Driver (autodetected): hpdftex.

(/usr/share/texlive/texmf-dist/tex/latex/hyperref/hpdftex.def
File: hpdftex.def 2012/11/06 v6.83m Hyperref driver for pdfTeX
\Fld@listcount=\count149
\c@bookmark@seq@number=\count150

(/usr/share/texlive/texmf-dist/tex/latex/oberdiek/rerunfilecheck.sty
Package: rerunfilecheck 2011/04/15 v1.7 Rerun checks for auxiliary files (HO)
Package uniquecounter Info: New unique counter `rerunfilecheck' on input line 2
82.
)
\Hy@SectionHShift=\skip185
)
(/usr/share/texmf/tex/latex/pgf/frontendlayer/tikz.sty
(/usr/share/texmf/tex/latex/pgf/basiclayer/pgf.sty
(/usr/share/texmf/tex/latex/pgf/utilities/pgfrcs.sty
(/usr/share/texmf/tex/generic/pgf/utilities/pgfutil-common.tex
\pgfutil@everybye=\toks23
)
(/usr/share/texmf/tex/generic/pgf/utilities/pgfutil-latex.def
\pgfutil@abb=\box29

(/usr/share/texlive/texmf-dist/tex/latex/ms/everyshi.sty
Package: everyshi 2001/05/15 v3.00 EveryShipout Package (MS)
))
(/usr/share/texmf/tex/generic/pgf/utilities/pgfrcs.code.tex
Package: pgfrcs 2010/10/25 v2.10 (rcs-revision 1.24)
))
Package: pgf 2008/01/15 v2.10 (rcs-revision 1.12)

(/usr/share/texmf/tex/latex/pgf/basiclayer/pgfcore.sty
(/usr/share/texmf/tex/latex/pgf/systemlayer/pgfsys.sty
(/usr/share/texmf/tex/generic/pgf/systemlayer/pgfsys.code.tex
Package: pgfsys 2010/06/30 v2.10 (rcs-revision 1.37)

(/usr/share/texmf/tex/generic/pgf/utilities/pgfkeys.code.tex
\pgfkeys@pathtoks=\toks24
\pgfkeys@temptoks=\toks25

(/usr/share/texmf/tex/generic/pgf/utilities/pgfkeysfiltered.code.tex
\pgfkeys@tmptoks=\toks26
))
\pgf@x=\dimen153
\pgf@y=\dimen154
\pgf@xa=\dimen155
\pgf@ya=\dimen156
\pgf@xb=\dimen157
\pgf@yb=\dimen158
\pgf@xc=\dimen159
\pgf@yc=\dimen160
\w@pgf@writea=\write5
\r@pgf@reada=\read2
\c@pgf@counta=\count151
\c@pgf@countb=\count152
\c@pgf@countc=\count153
\c@pgf@countd=\count154

(/usr/share/texmf/tex/generic/pgf/systemlayer/pgf.cfg
File: pgf.cfg 2008/05/14  (rcs-revision 1.7)
)
Package pgfsys Info: Driver file for pgf: pgfsys-pdftex.def on input line 900.

(/usr/share/texmf/tex/generic/pgf/systemlayer/pgfsys-pdftex.def
File: pgfsys-pdftex.def 2009/05/22  (rcs-revision 1.26)

(/usr/share/texmf/tex/generic/pgf/systemlayer/pgfsys-common-pdf.def
File: pgfsys-common-pdf.def 2008/05/19  (rcs-revision 1.10)
)))
(/usr/share/texmf/tex/generic/pgf/systemlayer/pgfsyssoftpath.code.tex
File: pgfsyssoftpath.code.tex 2008/07/18  (rcs-revision 1.7)
\pgfsyssoftpath@smallbuffer@items=\count155
\pgfsyssoftpath@bigbuffer@items=\count156
)
(/usr/share/texmf/tex/generic/pgf/systemlayer/pgfsysprotocol.code.tex
File: pgfsysprotocol.code.tex 2006/10/16  (rcs-revision 1.4)
))
(/usr/share/texmf/tex/generic/pgf/basiclayer/pgfcore.code.tex
Package: pgfcore 2010/04/11 v2.10 (rcs-revision 1.7)

(/usr/share/texmf/tex/generic/pgf/math/pgfmath.code.tex
(/usr/share/texmf/tex/generic/pgf/math/pgfmathcalc.code.tex
(/usr/share/texmf/tex/generic/pgf/math/pgfmathutil.code.tex)
(/usr/share/texmf/tex/generic/pgf/math/pgfmathparser.code.tex
\pgfmath@dimen=\dimen161
\pgfmath@count=\count157
\pgfmath@box=\box30
\pgfmath@toks=\toks27
\pgfmath@stack@operand=\toks28
\pgfmath@stack@operation=\toks29
)
(/usr/share/texmf/tex/generic/pgf/math/pgfmathfunctions.code.tex
(/usr/share/texmf/tex/generic/pgf/math/pgfmathfunctions.basic.code.tex)
(/usr/share/texmf/tex/generic/pgf/math/pgfmathfunctions.trigonometric.code.tex)
(/usr/share/texmf/tex/generic/pgf/math/pgfmathfunctions.random.code.tex)
(/usr/share/texmf/tex/generic/pgf/math/pgfmathfunctions.comparison.code.tex)
(/usr/share/texmf/tex/generic/pgf/math/pgfmathfunctions.base.code.tex)
(/usr/share/texmf/tex/generic/pgf/math/pgfmathfunctions.round.code.tex)
(/usr/share/texmf/tex/generic/pgf/math/pgfmathfunctions.misc.code.tex)))
(/usr/share/texmf/tex/generic/pgf/math/pgfmathfloat.code.tex
\c@pgfmathroundto@lastzeros=\count158
))
(/usr/share/texmf/tex/generic/pgf/basiclayer/pgfcorepoints.code.tex
File: pgfcorepoints.code.tex 2010/04/09  (rcs-revision 1.20)
\pgf@picminx=\dimen162
\pgf@picmaxx=\dimen163
\pgf@picminy=\dimen164
\pgf@picmaxy=\dimen165
\pgf@pathminx=\dimen166
\pgf@pathmaxx=\dimen167
\pgf@pathminy=\dimen168
\pgf@pathmaxy=\dimen169
\pgf@xx=\dimen170
\pgf@xy=\dimen171
\pgf@yx=\dimen172
\pgf@yy=\dimen173
\pgf@zx=\dimen174
\pgf@zy=\dimen175
)
(/usr/share/texmf/tex/generic/pgf/basiclayer/pgfcorepathconstruct.code.tex
File: pgfcorepathconstruct.code.tex 2010/08/03  (rcs-revision 1.24)
\pgf@path@lastx=\dimen176
\pgf@path@lasty=\dimen177
)
(/usr/share/texmf/tex/generic/pgf/basiclayer/pgfcorepathusage.code.tex
File: pgfcorepathusage.code.tex 2008/04/22  (rcs-revision 1.12)
\pgf@shorten@end@additional=\dimen178
\pgf@shorten@start@additional=\dimen179
)
(/usr/share/texmf/tex/generic/pgf/basiclayer/pgfcorescopes.code.tex
File: pgfcorescopes.code.tex 2010/09/08  (rcs-revision 1.34)
\pgfpic=\box31
\pgf@hbox=\box32
\pgf@layerbox@main=\box33
\pgf@picture@serial@count=\count159
)
(/usr/share/texmf/tex/generic/pgf/basiclayer/pgfcoregraphicstate.code.tex
File: pgfcoregraphicstate.code.tex 2008/04/22  (rcs-revision 1.9)
\pgflinewidth=\dimen180
)
(/usr/share/texmf/tex/generic/pgf/basiclayer/pgfcoretransformations.code.tex
File: pgfcoretransformations.code.tex 2009/06/10  (rcs-revision 1.11)
\pgf@pt@x=\dimen181
\pgf@pt@y=\dimen182
\pgf@pt@temp=\dimen183
)
(/usr/share/texmf/tex/generic/pgf/basiclayer/pgfcorequick.code.tex
File: pgfcorequick.code.tex 2008/10/09  (rcs-revision 1.3)
)
(/usr/share/texmf/tex/generic/pgf/basiclayer/pgfcoreobjects.code.tex
File: pgfcoreobjects.code.tex 2006/10/11  (rcs-revision 1.2)
)
(/usr/share/texmf/tex/generic/pgf/basiclayer/pgfcorepathprocessing.code.tex
File: pgfcorepathprocessing.code.tex 2008/10/09  (rcs-revision 1.8)
)
(/usr/share/texmf/tex/generic/pgf/basiclayer/pgfcorearrows.code.tex
File: pgfcorearrows.code.tex 2008/04/23  (rcs-revision 1.11)
)
(/usr/share/texmf/tex/generic/pgf/basiclayer/pgfcoreshade.code.tex
File: pgfcoreshade.code.tex 2008/11/23  (rcs-revision 1.13)
\pgf@max=\dimen184
\pgf@sys@shading@range@num=\count160
)
(/usr/share/texmf/tex/generic/pgf/basiclayer/pgfcoreimage.code.tex
File: pgfcoreimage.code.tex 2010/03/25  (rcs-revision 1.16)

(/usr/share/texmf/tex/generic/pgf/basiclayer/pgfcoreexternal.code.tex
File: pgfcoreexternal.code.tex 2010/09/01  (rcs-revision 1.17)
\pgfexternal@startupbox=\box34
))
(/usr/share/texmf/tex/generic/pgf/basiclayer/pgfcorelayers.code.tex
File: pgfcorelayers.code.tex 2010/08/27  (rcs-revision 1.2)
)
(/usr/share/texmf/tex/generic/pgf/basiclayer/pgfcoretransparency.code.tex
File: pgfcoretransparency.code.tex 2008/01/17  (rcs-revision 1.2)
)
(/usr/share/texmf/tex/generic/pgf/basiclayer/pgfcorepatterns.code.tex
File: pgfcorepatterns.code.tex 2009/07/02  (rcs-revision 1.3)
)))
(/usr/share/texmf/tex/generic/pgf/modules/pgfmoduleshapes.code.tex
File: pgfmoduleshapes.code.tex 2010/09/09  (rcs-revision 1.13)
\pgfnodeparttextbox=\box35
)
(/usr/share/texmf/tex/generic/pgf/modules/pgfmoduleplot.code.tex
File: pgfmoduleplot.code.tex 2010/10/22  (rcs-revision 1.8)
)
(/usr/share/texmf/tex/latex/pgf/compatibility/pgfcomp-version-0-65.sty
Package: pgfcomp-version-0-65 2007/07/03 v2.10 (rcs-revision 1.7)
\pgf@nodesepstart=\dimen185
\pgf@nodesepend=\dimen186
)
(/usr/share/texmf/tex/latex/pgf/compatibility/pgfcomp-version-1-18.sty
Package: pgfcomp-version-1-18 2007/07/23 v2.10 (rcs-revision 1.1)
))
(/usr/share/texmf/tex/latex/pgf/utilities/pgffor.sty
(/usr/share/texmf/tex/latex/pgf/utilities/pgfkeys.sty
(/usr/share/texmf/tex/generic/pgf/utilities/pgfkeys.code.tex))
(/usr/share/texmf/tex/generic/pgf/utilities/pgffor.code.tex
Package: pgffor 2010/03/23 v2.10 (rcs-revision 1.18)
\pgffor@iter=\dimen187
\pgffor@skip=\dimen188
\pgffor@stack=\toks30
\pgffor@toks=\toks31
))
(/usr/share/texmf/tex/generic/pgf/frontendlayer/tikz/tikz.code.tex
Package: tikz 2010/10/13 v2.10 (rcs-revision 1.76)

(/usr/share/texmf/tex/generic/pgf/libraries/pgflibraryplothandlers.code.tex
File: pgflibraryplothandlers.code.tex 2010/05/31 v2.10 (rcs-revision 1.15)
\pgf@plot@mark@count=\count161
\pgfplotmarksize=\dimen189
)
\tikz@lastx=\dimen190
\tikz@lasty=\dimen191
\tikz@lastxsaved=\dimen192
\tikz@lastysaved=\dimen193
\tikzleveldistance=\dimen194
\tikzsiblingdistance=\dimen195
\tikz@figbox=\box36
\tikz@tempbox=\box37
\tikztreelevel=\count162
\tikznumberofchildren=\count163
\tikznumberofcurrentchild=\count164
\tikz@fig@count=\count165

(/usr/share/texmf/tex/generic/pgf/modules/pgfmodulematrix.code.tex
File: pgfmodulematrix.code.tex 2010/08/24  (rcs-revision 1.4)
\pgfmatrixcurrentrow=\count166
\pgfmatrixcurrentcolumn=\count167
\pgf@matrix@numberofcolumns=\count168
)
\tikz@expandcount=\count169

(/usr/share/texmf/tex/generic/pgf/frontendlayer/tikz/libraries/tikzlibrarytopat
hs.code.tex
File: tikzlibrarytopaths.code.tex 2008/06/17 v2.10 (rcs-revision 1.2)
))) (/usr/share/texlive/texmf-dist/tex/latex/psnfss/pifont.sty
Package: pifont 2005/04/12 PSNFSS-v9.2a Pi font support (SPQR) 
LaTeX Font Info:    Try loading font information for U+pzd on input line 63.

(/usr/share/texlive/texmf-dist/tex/latex/psnfss/upzd.fd
File: upzd.fd 2001/06/04 font definitions for U/pzd.
)
LaTeX Font Info:    Try loading font information for U+psy on input line 64.

(/usr/share/texlive/texmf-dist/tex/latex/psnfss/upsy.fd
File: upsy.fd 2001/06/04 font definitions for U/psy.
))
LaTeX Font Info:    Try loading font information for T1+lmr on input line 73.

(/usr/share/texmf/tex/latex/lm/t1lmr.fd
File: t1lmr.fd 2009/10/30 v1.6 Font defs for Latin Modern
)
\titlepages@idxfile=\write6
\openout6 = `titlepages.idx'.


Writing index file titlepages.idx 
LaTeX Info: Redefining \cs on input line 139.
\tpheight=\skip186
\txtheight=\skip187
\tpwidth=\skip188
\txtwidth=\skip189
\drop=\skip190
Excluding 'comment' comment.
\rbtextwidth=\skip191
\rbtextheight=\skip192
\sepframe=\skip193
\framex=\skip194
\framey=\skip195

No file titlepages.aux.
\openout1 = `titlepages.aux'.

LaTeX Font Info:    Checking defaults for OML/cmm/m/it on input line 1221.
LaTeX Font Info:    ... okay on input line 1221.
LaTeX Font Info:    Checking defaults for T1/cmr/m/n on input line 1221.
LaTeX Font Info:    ... okay on input line 1221.
LaTeX Font Info:    Checking defaults for OT1/cmr/m/n on input line 1221.
LaTeX Font Info:    ... okay on input line 1221.
LaTeX Font Info:    Checking defaults for OMS/cmsy/m/n on input line 1221.
LaTeX Font Info:    ... okay on input line 1221.
LaTeX Font Info:    Checking defaults for OMX/cmex/m/n on input line 1221.
LaTeX Font Info:    ... okay on input line 1221.
LaTeX Font Info:    Checking defaults for U/cmr/m/n on input line 1221.
LaTeX Font Info:    ... okay on input line 1221.
LaTeX Font Info:    Checking defaults for PD1/pdf/m/n on input line 1221.
LaTeX Font Info:    ... okay on input line 1221.
(/usr/share/texlive/texmf-dist/tex/context/base/supp-pdf.mkii
[Loading MPS to PDF converter (version 2006.09.02).]
\scratchcounter=\count170
\scratchdimen=\dimen196
\scratchbox=\box38
\nofMPsegments=\count171
\nofMParguments=\count172
\everyMPshowfont=\toks32
\MPscratchCnt=\count173
\MPscratchDim=\dimen197
\MPnumerator=\count174
\makeMPintoPDFobject=\count175
\everyMPtoPDFconversion=\toks33
) (/usr/share/texlive/texmf-dist/tex/latex/oberdiek/epstopdf-base.sty
Package: epstopdf-base 2010/02/09 v2.5 Base part for package epstopdf

(/usr/share/texlive/texmf-dist/tex/latex/oberdiek/grfext.sty
Package: grfext 2010/08/19 v1.1 Manage graphics extensions (HO)
)
Package grfext Info: Graphics extension search list:
(grfext)             [.png,.pdf,.jpg,.mps,.jpeg,.jbig2,.jb2,.PNG,.PDF,.JPG,.JPE
G,.JBIG2,.JB2,.eps]
(grfext)             \AppendGraphicsExtensions on input line 452.

(/usr/share/texlive/texmf-dist/tex/latex/latexconfig/epstopdf-sys.cfg
File: epstopdf-sys.cfg 2010/07/13 v1.3 Configuration of (r)epstopdf for TeX Liv
e
))
\AtBeginShipoutBox=\box39
Package hyperref Info: Link coloring OFF on input line 1221.

(/usr/share/texlive/texmf-dist/tex/latex/hyperref/nameref.sty
Package: nameref 2012/10/27 v2.43 Cross-referencing by name of section

(/usr/share/texlive/texmf-dist/tex/generic/oberdiek/gettitlestring.sty
Package: gettitlestring 2010/12/03 v1.4 Cleanup title references (HO)
)
\c@section@level=\count176
)
Redoing nameref's sectioning
Redoing nameref's label
LaTeX Info: Redefining \nameref on input line 1221.
LaTeX Info: Redefining \ref on input line 1221.
LaTeX Info: Redefining \pageref on input line 1221.
LaTeX Info: Redefining \nameref on input line 1221.
\@outlinefile=\write7
\openout7 = `titlepages.out'.

ABD: EveryShipout initializing macros [1


{/var/lib/texmf/fonts/map/pdftex/updmap/pdftex.map}]
LaTeX Font Info:    Try loading font information for OMS+lmr on input line 1234
.
 (/usr/share/texmf/tex/latex/lm/omslmr.fd
File: omslmr.fd 2009/10/30 v1.6 Font defs for Latin Modern
)
LaTeX Font Info:    Try loading font information for OMS+lmsy on input line 123
4.

(/usr/share/texmf/tex/latex/lm/omslmsy.fd
File: omslmsy.fd 2009/10/30 v1.6 Font defs for Latin Modern
)
LaTeX Font Info:    Font shape `OMS/lmr/m/n' in size <8> not available
(Font)              Font shape `OMS/lmsy/m/n' tried instead on input line 1234.

LaTeX Font Info:    Try loading font information for T1+lmtt on input line 1240
.

(/usr/share/texmf/tex/latex/lm/t1lmtt.fd
File: t1lmtt.fd 2009/10/30 v1.6 Font defs for Latin Modern
)
LaTeX Font Info:    Try loading font information for OT1+lmr on input line 1240
.

(/usr/share/texmf/tex/latex/lm/ot1lmr.fd
File: ot1lmr.fd 2009/10/30 v1.6 Font defs for Latin Modern
)
LaTeX Font Info:    Try loading font information for OML+lmm on input line 1240
.

(/usr/share/texmf/tex/latex/lm/omllmm.fd
File: omllmm.fd 2009/10/30 v1.6 Font defs for Latin Modern
)
LaTeX Font Info:    Try loading font information for OMX+lmex on input line 124
0.

(/usr/share/texmf/tex/latex/lm/omxlmex.fd
File: omxlmex.fd 2009/10/30 v1.6 Font defs for Latin Modern
)
LaTeX Font Info:    External font `lmex10' loaded for size
(Font)              <8> on input line 1240.
LaTeX Font Info:    External font `lmex10' loaded for size
(Font)              <6> on input line 1240.
LaTeX Font Info:    External font `lmex10' loaded for size
(Font)              <5> on input line 1240.
 Excluding 'comment' comment.
[2

] [3

] [4

]
LaTeX Font Info:    External font `lmex10' loaded for size
(Font)              <10> on input line 1324.
LaTeX Font Info:    External font `lmex10' loaded for size
(Font)              <7> on input line 1324.


LaTeX Warning: Citation `MCLEAN80' on page 1 undefined on input line 1336.

[1


] [2]
LaTeX Font Info:    Try loading font information for T1+5gm on input line 1409.

LaTeX Font Info:    No file T15gm.fd. on input line 1409.


LaTeX Font Warning: Font shape `T1/5gm/m/n' undefined
(Font)              using `T1/cmr/m/n' instead on input line 1409.


LaTeX Font Warning: Font shape `T1/5gm/m/it' undefined
(Font)              using `T1/5gm/m/n' instead on input line 1409.

LaTeX Font Info:    External font `lmex10' loaded for size
(Font)              <12> on input line 1409.
[3

] [4] [5] [6]
Overfull \hbox (82.8585pt too wide) in paragraph at lines 1430--1430
[] 
 []


Overfull \hbox (10.73213pt too wide) in paragraph at lines 1430--1430
\T1/lmr/bx/n/20.74 CONUNDRUMS 
 []


Underfull \hbox (badness 1521) in paragraph at lines 1430--1430
[]\T1/lmr/m/sc/10 after the for-eign edi-tion of
 []


Overfull \hbox (82.8585pt too wide) in paragraph at lines 1430--1430
[][] 
 []

LaTeX Font Info:    Try loading font information for T1+5fh on input line 1430.

LaTeX Font Info:    No file T15fh.fd. on input line 1430.

LaTeX Font Warning: Font shape `T1/5fh/m/n' undefined
(Font)              using `T1/cmr/m/n' instead on input line 1430.

[7]
LaTeX Font Info:    Try loading font information for T1+5bo on input line 1435.

LaTeX Font Info:    No file T15bo.fd. on input line 1435.


LaTeX Font Warning: Font shape `T1/5bo/m/n' undefined
(Font)              using `T1/cmr/m/n' instead on input line 1435.


LaTeX Font Warning: Font shape `T1/5bo/m/sc' undefined
(Font)              using `T1/5bo/m/n' instead on input line 1435.

[8]
LaTeX Font Info:    Try loading font information for T1+5ml on input line 1440.

LaTeX Font Info:    No file T15ml.fd. on input line 1440.


LaTeX Font Warning: Font shape `T1/5ml/m/n' undefined
(Font)              using `T1/cmr/m/n' instead on input line 1440.

LaTeX Font Info:    External font `lmex10' loaded for size
(Font)              <10.95> on input line 1440.
[9]
LaTeX Font Info:    Try loading font information for T1+5pl on input line 1445.

LaTeX Font Info:    No file T15pl.fd. on input line 1445.


LaTeX Font Warning: Font shape `T1/5pl/m/n' undefined
(Font)              using `T1/cmr/m/n' instead on input line 1445.

LaTeX Font Info:    Try loading font information for T1+lmss on input line 1445
.
(/usr/share/texmf/tex/latex/lm/t1lmss.fd
File: t1lmss.fd 2009/10/30 v1.6 Font defs for Latin Modern
) [10] [11] [12] [13]
Underfull \hbox (badness 10000) in paragraph at lines 1465--1465

 []

[14]
LaTeX Font Info:    Try loading font information for U+webo on input line 1470.

LaTeX Font Info:    No file Uwebo.fd. on input line 1470.


LaTeX Font Warning: Font shape `U/webo/xl/n' undefined
(Font)              using `U/cmr/m/n' instead on input line 1470.


LaTeX Font Warning: Font shape `U/cmr/m/n' in size <18> not available
(Font)              size <17.28> substituted on input line 1470.


Underfull \hbox (badness 10000) in paragraph at lines 1470--1470

 []

[15] [16] [17] [18] [19]
LaTeX Font Info:    External font `lmex10' loaded for size
(Font)              <14.4> on input line 1495.
 [20]
LaTeX Font Info:    Try loading font information for T1+ptm on input line 1500.


(/usr/share/texlive/texmf-dist/tex/latex/psnfss/t1ptm.fd
File: t1ptm.fd 2001/06/04 font definitions for T1/ptm.
) [21]
LaTeX Font Info:    Try loading font information for T1+5jr on input line 1505.

LaTeX Font Info:    No file T15jr.fd. on input line 1505.


LaTeX Font Warning: Font shape `T1/5jr/m/n' undefined
(Font)              using `T1/cmr/m/n' instead on input line 1505.


LaTeX Font Warning: Font shape `T1/5jr/m/it' undefined
(Font)              using `T1/5jr/m/n' instead on input line 1505.


LaTeX Font Warning: Font shape `T1/5jr/bx/n' undefined
(Font)              using `T1/5jr/m/n' instead on input line 1505.

[22] [23] [24]
LaTeX Font Info:    Try loading font information for T1+fxlj on input line 1521
.
LaTeX Font Info:    No file T1fxlj.fd. on input line 1521.


LaTeX Font Warning: Font shape `T1/fxlj/m/n' undefined
(Font)              using `T1/cmr/m/n' instead on input line 1521.

[25]
LaTeX Font Info:    Try loading font information for T1+5cu on input line 1527.

LaTeX Font Info:    No file T15cu.fd. on input line 1527.


LaTeX Font Warning: Font shape `T1/5cu/m/n' undefined
(Font)              using `T1/cmr/m/n' instead on input line 1527.


LaTeX Font Warning: Font shape `T1/5cu/bx/n' undefined
(Font)              using `T1/5cu/m/n' instead on input line 1527.


Underfull \hbox (badness 10000) in paragraph at lines 1527--1527

 []


LaTeX Font Warning: Font shape `T1/5cu/m/sc' undefined
(Font)              using `T1/5cu/m/n' instead on input line 1527.

[26] [27] [28] [29] [30] [31]
LaTeX Font Info:    Try loading font information for T1+5bl on input line 1561.

LaTeX Font Info:    No file T15bl.fd. on input line 1561.


LaTeX Font Warning: Font shape `T1/5bl/m/n' undefined
(Font)              using `T1/cmr/m/n' instead on input line 1561.

LaTeX Font Info:    Try loading font information for T1+5at on input line 1561.

LaTeX Font Info:    No file T15at.fd. on input line 1561.

LaTeX Font Warning: Font shape `T1/5at/m/n' undefined
(Font)              using `T1/cmr/m/n' instead on input line 1561.


LaTeX Font Warning: Font shape `T1/5bl/m/it' undefined
(Font)              using `T1/5bl/m/n' instead on input line 1561.

[32] [33]
LaTeX Font Info:    Try loading font information for T1+5eb on input line 1571.

LaTeX Font Info:    No file T15eb.fd. on input line 1571.


LaTeX Font Warning: Font shape `T1/5eb/m/n' undefined
(Font)              using `T1/cmr/m/n' instead on input line 1571.

[34] [35]
LaTeX Font Info:    Try loading font information for T1+5ve on input line 1581.

LaTeX Font Info:    No file T15ve.fd. on input line 1581.


LaTeX Font Warning: Font shape `T1/5ve/m/n' undefined
(Font)              using `T1/cmr/m/n' instead on input line 1581.

[36]
LaTeX Font Info:    Try loading font information for T1+5gl on input line 1587.

LaTeX Font Info:    No file T15gl.fd. on input line 1587.


LaTeX Font Warning: Font shape `T1/5gl/m/n' undefined
(Font)              using `T1/cmr/m/n' instead on input line 1587.


LaTeX Font Warning: Font shape `T1/5gl/m/it' undefined
(Font)              using `T1/5gl/m/n' instead on input line 1587.


LaTeX Font Warning: Font shape `T1/5gl/l/n' undefined
(Font)              using `T1/5gl/m/n' instead on input line 1587.


LaTeX Font Warning: Font shape `T1/5gl/l/it' undefined
(Font)              using `T1/5gl/l/n' instead on input line 1587.

[37]
LaTeX Font Info:    Try loading font information for T1+5ci on input line 1592.

LaTeX Font Info:    No file T15ci.fd. on input line 1592.


LaTeX Font Warning: Font shape `T1/5ci/m/n' undefined
(Font)              using `T1/cmr/m/n' instead on input line 1592.

[38]

LaTeX Font Warning: Font shape `T1/5pl/m/it' undefined
(Font)              using `T1/5pl/m/n' instead on input line 1597.

[39]
LaTeX Font Info:    Try loading font information for T1+5bd on input line 1602.

LaTeX Font Info:    No file T15bd.fd. on input line 1602.


LaTeX Font Warning: Font shape `T1/5bd/m/n' undefined
(Font)              using `T1/cmr/m/n' instead on input line 1602.

LaTeX Font Info:    Try loading font information for T1+5cd on input line 1602.

LaTeX Font Info:    No file T15cd.fd. on input line 1602.

LaTeX Font Warning: Font shape `T1/5cd/m/n' undefined
(Font)              using `T1/cmr/m/n' instead on input line 1602.


LaTeX Font Warning: Font shape `T1/5cd/hb/n' undefined
(Font)              using `T1/5cd/m/n' instead on input line 1602.

[40]
LaTeX Font Info:    Try loading font information for T1+5lb on input line 1607.

LaTeX Font Info:    No file T15lb.fd. on input line 1607.


LaTeX Font Warning: Font shape `T1/5lb/m/n' undefined
(Font)              using `T1/cmr/m/n' instead on input line 1607.


LaTeX Font Warning: Font shape `T1/5lb/m/it' undefined
(Font)              using `T1/5lb/m/n' instead on input line 1607.


LaTeX Font Warning: Font shape `T1/5lb/m/n' in size <60> not available
(Font)              size <35.83> substituted on input line 1607.

[41] [42] [43] [44

]
Overfull \hbox (21.24895pt too wide) in paragraph at lines 1659--1659
[]\T1/lmtt/m/n/10 \newcommand*{\FSfont}[1]{\fontencoding{T1}\fontfamily{#1}\sel
ectfont}[] 
 []


Overfull \hbox (52.74886pt too wide) in paragraph at lines 1660--1660
[]\T1/lmtt/m/n/10 %% if you don't have the FontSite fonts either \renewcommand*
{\FSfont}[1]{}[] 
 []


Overfull \hbox (21.24895pt too wide) in paragraph at lines 1663--1663
[]\T1/lmtt/m/n/10 \newcommand*{\TXfont}[1]{\fontencoding{T1}\fontfamily{#1}\sel
ectfont}[] 
 []

[45]

LaTeX Warning: Reference `JT' on page 46 undefined on input line 1716.


LaTeX Font Warning: Font shape `T1/5cu/m/it' undefined
(Font)              using `T1/5cu/m/n' instead on input line 1719.


LaTeX Warning: Citation `MCLEAN75' on page 46 undefined on input line 1719.

[46]

LaTeX Warning: Reference `TH' on page 47 undefined on input line 1743.


LaTeX Warning: Citation `MCLEAN80' on page 47 undefined on input line 1746.


LaTeX Warning: Reference `M' on page 47 undefined on input line 1764.


LaTeX Warning: Citation `MCLEAN80' on page 47 undefined on input line 1768.

[47]

LaTeX Warning: Reference `S' on page 48 undefined on input line 1786.


LaTeX Warning: Citation `MCLEAN80' on page 48 undefined on input line 1790.


LaTeX Warning: Reference `HGP' on page 48 undefined on input line 1806.


LaTeX Warning: Citation `HAMILTON48' on page 48 undefined on input line 1809.

[48]

LaTeX Warning: Reference `RF' on page 49 undefined on input line 1864.


LaTeX Warning: Citation `MCLEAN80' on page 49 undefined on input line 1868.

[49]

LaTeX Warning: Reference `AT' on page 50 undefined on input line 1889.


LaTeX Warning: Citation `LAWSON90' on page 50 undefined on input line 1891.

[50]

LaTeX Warning: Reference `DB' on page 51 undefined on input line 1928.


LaTeX Warning: Citation `WILSON93' on page 51 undefined on input line 1930.


LaTeX Warning: Reference `AM' on page 51 undefined on input line 1956.


LaTeX Warning: Citation `WILSON93' on page 51 undefined on input line 1960.

[51]

LaTeX Warning: Reference `P' on page 52 undefined on input line 1985.


LaTeX Warning: Citation `WILSON93' on page 52 undefined on input line 1989.


LaTeX Warning: Reference `LL' on page 52 undefined on input line 2011.


LaTeX Warning: Citation `ROBINSON02' on page 52 undefined on input line 2013.

[52]

LaTeX Warning: Reference `GM' on page 53 undefined on input line 2038.


LaTeX Warning: Citation `BASBANES95' on page 53 undefined on input line 2041.


LaTeX Warning: Reference `PM' on page 53 undefined on input line 2071.


LaTeX Warning: Citation `WEBOMINTS' on page 53 undefined on input line 2074.

[53]

LaTeX Warning: Reference `CC' on page 54 undefined on input line 2115.


LaTeX Warning: Citation `CAMBRIDGE59' on page 54 undefined on input line 2118.

[54]

LaTeX Warning: Reference `DS' on page 55 undefined on input line 2144.


LaTeX Warning: Citation `SANDERSON94' on page 55 undefined on input line 2148.

[55]

LaTeX Warning: Reference `MS' on page 56 undefined on input line 2192.


LaTeX Warning: Citation `SNEEP04' on page 56 undefined on input line 2196.


LaTeX Warning: Reference `PW' on page 56 undefined on input line 2217.


LaTeX Warning: Citation `WILSON71' on page 56 undefined on input line 2220.

[56]

LaTeX Warning: Reference `UL' on page 57 undefined on input line 2249.


LaTeX Warning: Reference `ASU' on page 57 undefined on input line 2282.

[57]
Overfull \hbox (10.74898pt too wide) in paragraph at lines 2296--2296
[]\T1/lmtt/m/n/10 CONTINUING CONONDRUMS IN THE TYPOGRAPHIC REQUIREMENTS FOR THE
SIS \\[] 
 []


LaTeX Warning: Reference `BC' on page 58 undefined on input line 2312.


LaTeX Warning: Citation `ETHERINGTON10' on page 58 undefined on input line 2315
.


Overfull \hbox (24.70363pt too wide) in paragraph at lines 2314--2323
\T1/5cu/m/it/10 This is based on the ti-tle page of Book-bind-ing & Con-ser-va-
tion by Don Etherington[[]],
 []

[58]

LaTeX Warning: Reference `SW' on page 59 undefined on input line 2355.


LaTeX Warning: Citation `ROBINSON95' on page 59 undefined on input line 2358.


LaTeX Warning: Reference `TMB' on page 59 undefined on input line 2374.


LaTeX Warning: Citation `JEROME64' on page 59 undefined on input line 2377.

[59]

LaTeX Warning: Reference `FT' on page 60 undefined on input line 2404.


LaTeX Warning: Citation `MORISON67' on page 60 undefined on input line 2408.


LaTeX Warning: Citation `OULD00' on page 60 undefined on input line 2413.


LaTeX Warning: Citation `OULD03' on page 60 undefined on input line 2413.


LaTeX Warning: Citation `THOMAS05' on page 60 undefined on input line 2413.

[60]

LaTeX Warning: Reference `JE' on page 61 undefined on input line 2454.


LaTeX Warning: Citation `BRONTE65' on page 61 undefined on input line 2457.


LaTeX Warning: Reference `ZD' on page 61 undefined on input line 2481.


LaTeX Warning: Citation `BEERBOHM66' on page 61 undefined on input line 2485.


LaTeX Warning: Citation `WEBOMINTS' on page 61 undefined on input line 2489.

[61]

LaTeX Warning: Reference `WM' on page 62 undefined on input line 2531.


LaTeX Warning: Citation `PETERSON82' on page 62 undefined on input line 2534.

[62]

LaTeX Warning: Reference `WH' on page 63 undefined on input line 2571.


LaTeX Warning: Citation `NURNBERG64' on page 63 undefined on input line 2575.


LaTeX Warning: Citation `WEBOMINTS' on page 63 undefined on input line 2579.

[63]

LaTeX Warning: Reference `BWF' on page 64 undefined on input line 2603.


LaTeX Warning: Citation `HEANEY99' on page 64 undefined on input line 2606.


LaTeX Warning: Reference `SI' on page 64 undefined on input line 2623.


LaTeX Warning: Citation `THORSSON00' on page 64 undefined on input line 2627.

[64]

LaTeX Warning: Reference `JA' on page 65 undefined on input line 2649.


LaTeX Warning: Citation `AMMAN08' on page 65 undefined on input line 2652.


Overfull \hbox (36.9989pt too wide) in paragraph at lines 2674--2674
[]\T1/lmtt/m/n/10 {\color{Red} \rule{\txtwidth}{0.4pt}\vspace*{-\baselineskip}\
vspace{3pt}[] 
 []


LaTeX Warning: Reference `GP' on page 65 undefined on input line 2683.


LaTeX Warning: Citation `WILSON92' on page 65 undefined on input line 2685.

[65]

LaTeX Warning: Reference `HC' on page 66 undefined on input line 2721.


LaTeX Warning: Citation `THOMAS05' on page 66 undefined on input line 2724.

[66]

LaTeX Warning: Reference `PP' on page 67 undefined on input line 2756.


LaTeX Warning: Citation `BURKE80' on page 67 undefined on input line 2759.


LaTeX Warning: Reference `RMMH' on page 67 undefined on input line 2786.


LaTeX Warning: Citation `TITCOMBE74' on page 67 undefined on input line 2789.

[67] [68]

LaTeX Warning: Reference `EI' on page 69 undefined on input line 2872.


LaTeX Warning: Citation `BASBANES07' on page 69 undefined on input line 2875.


Overfull \hbox (84.24876pt too wide) in paragraph at lines 2891--2891
[]\T1/lmtt/m/n/10 {\large\ltseries\hspace*{15pt} {\LARGE T}WENTY {\LARGE Y}EARS
 \\[.1\baselineskip][] 
 []


Overfull \hbox (52.74886pt too wide) in paragraph at lines 2894--2894
[]\T1/lmtt/m/n/10 \hspace*{15pt}{\ltseries \textit{\large {\footnotesize BY} Th
e Author}}\par[] 
 []


LaTeX Warning: Reference `GWP' on page 69 undefined on input line 2900.


LaTeX Warning: Citation `GAWAIN65' on page 69 undefined on input line 2903.

[69]

LaTeX Warning: Reference `IP' on page 70 undefined on input line 2939.


LaTeX Warning: Citation `DREYFUS95' on page 70 undefined on input line 2941.

[70]
Overfull \hbox (120.99866pt too wide) in paragraph at lines 2963--2963
[]\T1/lmtt/m/n/10 {\itshape Selected writings on Puzzles, \\ Enigmas, and Other
 Attempts at \\ Bafflement}[] 
 []


LaTeX Warning: Reference `AAT' on page 71 undefined on input line 2979.


LaTeX Warning: Citation `BIGGS62' on page 71 undefined on input line 2981.

[71]

LaTeX Warning: Reference `CM' on page 72 undefined on input line 3011.


LaTeX Warning: Citation `MARLOWE66' on page 72 undefined on input line 3013.


Overfull \hbox (0.24901pt too wide) in paragraph at lines 3032--3032
[]\T1/lmtt/m/n/10 {\color{Red}\HUGE T\, H\, E\ \ \ O\, R\, I\, G\, I\, N\, A\, 
L \\[] 
 []

[72]

LaTeX Warning: Reference `RB' on page 73 undefined on input line 3062.


LaTeX Warning: Citation `LEAGUE02' on page 73 undefined on input line 3081.

[73] [74]
bibitemlist
[75

] [76]
No file titlepages.ind.
[77]
\tf@toc=\write8
\openout8 = `titlepages.toc'.

Package atveryend Info: Empty hook `BeforeClearDocument' on input line 3355.
Package atveryend Info: Empty hook `AfterLastShipout' on input line 3355.
 (./titlepages.aux)
Package atveryend Info: Executing hook `AtVeryEndDocument' on input line 3355.
Package atveryend Info: Executing hook `AtEndAfterFileList' on input line 3355.



Package rerunfilecheck Warning: File `titlepages.out' has changed.
(rerunfilecheck)                Rerun to get outlines right
(rerunfilecheck)                or use package `bookmark'.

Package rerunfilecheck Info: Checksums for `titlepages.out':
(rerunfilecheck)             Before: <no file>
(rerunfilecheck)             After:  05CB076A00597263299B6F5821500C3F;3390.

LaTeX Font Warning: Size substitutions with differences
(Font)              up to 24.17pt have occurred.


LaTeX Font Warning: Some font shapes were not available, defaults substituted.


LaTeX Warning: There were undefined references.


LaTeX Warning: Label(s) may have changed. Rerun to get cross-references right.

Package atveryend Info: Empty hook `AtVeryVeryEnd' on input line 3355.
 ) 
Here is how much of TeX's memory you used:
 18035 strings out of 493304
 302760 string characters out of 6139872
 410408 words of memory out of 5000000
 20924 multiletter control sequences out of 15000+600000
 165091 words of font info for 100 fonts, out of 8000000 for 9000
 957 hyphenation exceptions out of 8191
 61i,14n,55p,419b,621s stack positions out of 5000i,500n,10000p,200000b,80000s
{/usr/share/texmf/fonts/enc/dvips/lm/lm-ec.enc}{/usr/share/texmf/fonts/enc/dv
ips/cm-super/cm-super-t1.enc}{/usr/share/texlive/texmf-dist/fonts/enc/dvips/bas
e/8r.enc}{/usr/share/texmf/fonts/enc/dvips/lm/lm-mathsy.enc}</usr/share/texlive
/texmf-dist/fonts/type1/public/amsfonts/cm/cmr10.pfb></usr/share/texlive/texmf-
dist/fonts/type1/public/amsfonts/cm/cmr17.pfb></usr/share/texlive/texmf-dist/fo
nts/type1/public/amsfonts/cm/cmr8.pfb></usr/share/texmf/fonts/type1/public/lm/l
mbx10.pfb></usr/share/texmf/fonts/type1/public/lm/lmbx12.pfb></usr/share/texmf/
fonts/type1/public/lm/lmcsc10.pfb></usr/share/texmf/fonts/type1/public/lm/lmr10
.pfb></usr/share/texmf/fonts/type1/public/lm/lmr12.pfb></usr/share/texmf/fonts/
type1/public/lm/lmr17.pfb></usr/share/texmf/fonts/type1/public/lm/lmr6.pfb></us
r/share/texmf/fonts/type1/public/lm/lmr7.pfb></usr/share/texmf/fonts/type1/publ
ic/lm/lmr8.pfb></usr/share/texmf/fonts/type1/public/lm/lmr9.pfb></usr/share/tex
mf/fonts/type1/public/lm/lmri10.pfb></usr/share/texmf/fonts/type1/public/lm/lmr
i12.pfb></usr/share/texmf/fonts/type1/public/lm/lmri8.pfb></usr/share/texmf/fon
ts/type1/public/lm/lmss10.pfb></usr/share/texmf/fonts/type1/public/lm/lmss12.pf
b></usr/share/texmf/fonts/type1/public/lm/lmss17.pfb></usr/share/texmf/fonts/ty
pe1/public/lm/lmss8.pfb></usr/share/texmf/fonts/type1/public/lm/lmss9.pfb></usr
/share/texmf/fonts/type1/public/lm/lmsy10.pfb></usr/share/texmf/fonts/type1/pub
lic/lm/lmsy8.pfb></usr/share/texmf/fonts/type1/public/lm/lmtt10.pfb></usr/share
/texmf/fonts/type1/public/lm/lmtt12.pfb></usr/share/texmf/fonts/type1/public/lm
/lmtt8.pfb></usr/share/texmf/fonts/type1/public/cm-super/sfrm0600.pfb></usr/sha
re/texmf/fonts/type1/public/cm-super/sfrm0700.pfb></usr/share/texmf/fonts/type1
/public/cm-super/sfrm0800.pfb></usr/share/texmf/fonts/type1/public/cm-super/sfr
m0900.pfb></usr/share/texmf/fonts/type1/public/cm-super/sfrm1000.pfb></usr/shar
e/texmf/fonts/type1/public/cm-super/sfrm1095.pfb></usr/share/texmf/fonts/type1/
public/cm-super/sfrm1200.pfb></usr/share/texmf/fonts/type1/public/cm-super/sfrm
1440.pfb></usr/share/texmf/fonts/type1/public/cm-super/sfrm1728.pfb></usr/share
/texmf/fonts/type1/public/cm-super/sfrm2074.pfb></usr/share/texmf/fonts/type1/p
ublic/cm-super/sfrm2488.pfb></usr/share/texmf/fonts/type1/public/cm-super/sfrm3
583.pfb></usr/share/texlive/texmf-dist/fonts/type1/urw/times/utmr8a.pfb></usr/s
hare/texlive/texmf-dist/fonts/type1/urw/zapfding/uzdr.pfb>
Output written on titlepages.pdf (81 pages, 784172 bytes).
PDF statistics:
 694 PDF objects out of 1000 (max. 8388607)
 565 compressed objects within 6 object streams
 206 named destinations out of 1000 (max. 500000)
 13 words of extra memory for PDF output out of 10000 (max. 10000000)

