\BOOKMARK [0][-]{section*.1}{Contents}{}% 1
\BOOKMARK [0][-]{chapter.1}{Introduction}{}% 2
\BOOKMARK [0][-]{chapter.2}{Example title pages}{}% 3
\BOOKMARK [0][-]{appendix.A}{The code}{}% 4
\BOOKMARK [1][-]{section.A.1}{titleJT \(graphic on page ??\)}{appendix.A}% 5
\BOOKMARK [1][-]{section.A.2}{titleTH \(graphic on page ??\)}{appendix.A}% 6
\BOOKMARK [1][-]{section.A.3}{titleM \(graphic on page ??\)}{appendix.A}% 7
\BOOKMARK [1][-]{section.A.4}{titleS \(graphic on page ??\)}{appendix.A}% 8
\BOOKMARK [1][-]{section.A.5}{titleHGP \(graphic on page ??\)}{appendix.A}% 9
\BOOKMARK [1][-]{section.A.6}{titleRF \(graphic on page ??\)}{appendix.A}% 10
\BOOKMARK [1][-]{section.A.7}{titleAT \(graphic on page ??\)}{appendix.A}% 11
\BOOKMARK [1][-]{section.A.8}{titleDB \(graphic on page ??\)}{appendix.A}% 12
\BOOKMARK [1][-]{section.A.9}{titleAM \(graphic on page ??\)}{appendix.A}% 13
\BOOKMARK [1][-]{section.A.10}{titleP \(graphic on page ??\)}{appendix.A}% 14
\BOOKMARK [1][-]{section.A.11}{titleLL \(graphic on page ??\)}{appendix.A}% 15
\BOOKMARK [1][-]{section.A.12}{titleGM \(graphic on page ??\)}{appendix.A}% 16
\BOOKMARK [1][-]{section.A.13}{titlePM \(graphic on page ??\)}{appendix.A}% 17
\BOOKMARK [1][-]{section.A.14}{titleCC \(graphic on page ??\)}{appendix.A}% 18
\BOOKMARK [1][-]{section.A.15}{titleDS \(graphic on page ??\)}{appendix.A}% 19
\BOOKMARK [1][-]{section.A.16}{titleMS \(graphic on page ??\)}{appendix.A}% 20
\BOOKMARK [1][-]{section.A.17}{titlePW \(graphic on page ??\)}{appendix.A}% 21
\BOOKMARK [1][-]{section.A.18}{titleUL \(graphic on page ??\)}{appendix.A}% 22
\BOOKMARK [1][-]{section.A.19}{titleASU \(graphic on page ??\)}{appendix.A}% 23
\BOOKMARK [1][-]{section.A.20}{titleBC \(graphic on page ??\)}{appendix.A}% 24
\BOOKMARK [1][-]{section.A.21}{titleSW \(graphic on page ??\)}{appendix.A}% 25
\BOOKMARK [1][-]{section.A.22}{titleTMB \(graphic on page ??\)}{appendix.A}% 26
\BOOKMARK [1][-]{section.A.23}{titleFT \(graphic on page ??\)}{appendix.A}% 27
\BOOKMARK [1][-]{section.A.24}{titleJE \(graphic on page ??\)}{appendix.A}% 28
\BOOKMARK [1][-]{section.A.25}{titleZD \(graphic on page ??\)}{appendix.A}% 29
\BOOKMARK [1][-]{section.A.26}{titleWM \(graphic on page ??\)}{appendix.A}% 30
\BOOKMARK [1][-]{section.A.27}{titleWH \(graphic on page ??\)}{appendix.A}% 31
\BOOKMARK [1][-]{section.A.28}{titleBWF \(graphic on page ??\)}{appendix.A}% 32
\BOOKMARK [1][-]{section.A.29}{titleSI \(graphic on page ??\)}{appendix.A}% 33
\BOOKMARK [1][-]{section.A.30}{titleJA \(graphic on page ??\)}{appendix.A}% 34
\BOOKMARK [1][-]{section.A.31}{titleGP \(graphic on page ??\)}{appendix.A}% 35
\BOOKMARK [1][-]{section.A.32}{titleHC \(graphic on page ??\)}{appendix.A}% 36
\BOOKMARK [1][-]{section.A.33}{titlePP \(graphic on page ??\)}{appendix.A}% 37
\BOOKMARK [1][-]{section.A.34}{titleRMMH \(graphic on page ??\)}{appendix.A}% 38
\BOOKMARK [1][-]{section.A.35}{titleEI \(graphic on page ??\)}{appendix.A}% 39
\BOOKMARK [1][-]{section.A.36}{titleGWP \(graphic on page ??\)}{appendix.A}% 40
\BOOKMARK [1][-]{section.A.37}{titleIP \(graphic on page ??\)}{appendix.A}% 41
\BOOKMARK [1][-]{section.A.38}{titleAAT \(graphic on page ??\)}{appendix.A}% 42
\BOOKMARK [1][-]{section.A.39}{titleCM \(graphic on page ??\)}{appendix.A}% 43
\BOOKMARK [1][-]{section.A.40}{titleRB \(graphic on page ??\)}{appendix.A}% 44
\BOOKMARK [0][-]{section*.43}{Bibliography}{}% 45
