This is pdfTeX, Version 3.1415926-2.5-1.40.14 (TeX Live 2013/Debian) (format=pdflatex 2016.6.8)  3 JAN 2017 09:23
entering extended mode
 restricted \write18 enabled.
 %&-line parsing enabled.
**nyhoavy.tex
(./nyhoavy.tex
LaTeX2e <2011/06/27>
Babel <3.9h> and hyphenation patterns for 78 languages loaded.
(/usr/share/texlive/texmf-dist/tex/latex/base/report.cls
Document Class: report 2007/10/19 v1.4h Standard LaTeX document class
(/usr/share/texlive/texmf-dist/tex/latex/base/size12.clo
File: size12.clo 2007/10/19 v1.4h Standard LaTeX file (size option)
)
\c@part=\count79
\c@chapter=\count80
\c@section=\count81
\c@subsection=\count82
\c@subsubsection=\count83
\c@paragraph=\count84
\c@subparagraph=\count85
\c@figure=\count86
\c@table=\count87
\abovecaptionskip=\skip41
\belowcaptionskip=\skip42
\bibindent=\dimen102
)
(/usr/share/texlive/texmf-dist/tex/generic/babel/babel.sty
Package: babel 2013/12/03 3.9h The Babel package

(/usr/share/texlive/texmf-dist/tex/generic/babel-french/frenchb.ldf
Language: frenchb 2013/12/30 v2.6g French support from the babel system

(/usr/share/texlive/texmf-dist/tex/generic/babel/babel.def
File: babel.def 2013/12/03 3.9h Babel common definitions
\babel@savecnt=\count88
\U@D=\dimen103
)
\FB@interchartokenstateORI=\count89
Package babel Info: Making : an active character on input line 244.
Package babel Info: Making ; an active character on input line 245.
Package babel Info: Making ! an active character on input line 246.
Package babel Info: Making ? an active character on input line 247.
\FB@Mht=\dimen104
\std@mcc=\count90
\dec@mcc=\count91
\listindentFB=\skip43
\labelwidthFB=\skip44
\leftmarginFB=\skip45
\parindentFFN=\dimen105
))
(/usr/share/texlive/texmf-dist/tex/latex/carlisle/scalefnt.sty)
(/usr/share/texlive/texmf-dist/tex/latex/graphics/keyval.sty
Package: keyval 1999/03/16 v1.13 key=value parser (DPC)
\KV@toks@=\toks14
)
(/usr/share/texlive/texmf-dist/tex/latex/base/inputenc.sty
Package: inputenc 2008/03/30 v1.1d Input encoding file
\inpenc@prehook=\toks15
\inpenc@posthook=\toks16

(/usr/share/texlive/texmf-dist/tex/latex/base/utf8.def
File: utf8.def 2008/04/05 v1.1m UTF-8 support for inputenc
Now handling font encoding OML ...
... no UTF-8 mapping file for font encoding OML
Now handling font encoding T1 ...
... processing UTF-8 mapping file for font encoding T1

(/usr/share/texlive/texmf-dist/tex/latex/base/t1enc.dfu
File: t1enc.dfu 2008/04/05 v1.1m UTF-8 support for inputenc
   defining Unicode char U+00A1 (decimal 161)
   defining Unicode char U+00A3 (decimal 163)
   defining Unicode char U+00AB (decimal 171)
   defining Unicode char U+00BB (decimal 187)
   defining Unicode char U+00BF (decimal 191)
   defining Unicode char U+00C0 (decimal 192)
   defining Unicode char U+00C1 (decimal 193)
   defining Unicode char U+00C2 (decimal 194)
   defining Unicode char U+00C3 (decimal 195)
   defining Unicode char U+00C4 (decimal 196)
   defining Unicode char U+00C5 (decimal 197)
   defining Unicode char U+00C6 (decimal 198)
   defining Unicode char U+00C7 (decimal 199)
   defining Unicode char U+00C8 (decimal 200)
   defining Unicode char U+00C9 (decimal 201)
   defining Unicode char U+00CA (decimal 202)
   defining Unicode char U+00CB (decimal 203)
   defining Unicode char U+00CC (decimal 204)
   defining Unicode char U+00CD (decimal 205)
   defining Unicode char U+00CE (decimal 206)
   defining Unicode char U+00CF (decimal 207)
   defining Unicode char U+00D0 (decimal 208)
   defining Unicode char U+00D1 (decimal 209)
   defining Unicode char U+00D2 (decimal 210)
   defining Unicode char U+00D3 (decimal 211)
   defining Unicode char U+00D4 (decimal 212)
   defining Unicode char U+00D5 (decimal 213)
   defining Unicode char U+00D6 (decimal 214)
   defining Unicode char U+00D8 (decimal 216)
   defining Unicode char U+00D9 (decimal 217)
   defining Unicode char U+00DA (decimal 218)
   defining Unicode char U+00DB (decimal 219)
   defining Unicode char U+00DC (decimal 220)
   defining Unicode char U+00DD (decimal 221)
   defining Unicode char U+00DE (decimal 222)
   defining Unicode char U+00DF (decimal 223)
   defining Unicode char U+00E0 (decimal 224)
   defining Unicode char U+00E1 (decimal 225)
   defining Unicode char U+00E2 (decimal 226)
   defining Unicode char U+00E3 (decimal 227)
   defining Unicode char U+00E4 (decimal 228)
   defining Unicode char U+00E5 (decimal 229)
   defining Unicode char U+00E6 (decimal 230)
   defining Unicode char U+00E7 (decimal 231)
   defining Unicode char U+00E8 (decimal 232)
   defining Unicode char U+00E9 (decimal 233)
   defining Unicode char U+00EA (decimal 234)
   defining Unicode char U+00EB (decimal 235)
   defining Unicode char U+00EC (decimal 236)
   defining Unicode char U+00ED (decimal 237)
   defining Unicode char U+00EE (decimal 238)
   defining Unicode char U+00EF (decimal 239)
   defining Unicode char U+00F0 (decimal 240)
   defining Unicode char U+00F1 (decimal 241)
   defining Unicode char U+00F2 (decimal 242)
   defining Unicode char U+00F3 (decimal 243)
   defining Unicode char U+00F4 (decimal 244)
   defining Unicode char U+00F5 (decimal 245)
   defining Unicode char U+00F6 (decimal 246)
   defining Unicode char U+00F8 (decimal 248)
   defining Unicode char U+00F9 (decimal 249)
   defining Unicode char U+00FA (decimal 250)
   defining Unicode char U+00FB (decimal 251)
   defining Unicode char U+00FC (decimal 252)
   defining Unicode char U+00FD (decimal 253)
   defining Unicode char U+00FE (decimal 254)
   defining Unicode char U+00FF (decimal 255)
   defining Unicode char U+0102 (decimal 258)
   defining Unicode char U+0103 (decimal 259)
   defining Unicode char U+0104 (decimal 260)
   defining Unicode char U+0105 (decimal 261)
   defining Unicode char U+0106 (decimal 262)
   defining Unicode char U+0107 (decimal 263)
   defining Unicode char U+010C (decimal 268)
   defining Unicode char U+010D (decimal 269)
   defining Unicode char U+010E (decimal 270)
   defining Unicode char U+010F (decimal 271)
   defining Unicode char U+0110 (decimal 272)
   defining Unicode char U+0111 (decimal 273)
   defining Unicode char U+0118 (decimal 280)
   defining Unicode char U+0119 (decimal 281)
   defining Unicode char U+011A (decimal 282)
   defining Unicode char U+011B (decimal 283)
   defining Unicode char U+011E (decimal 286)
   defining Unicode char U+011F (decimal 287)
   defining Unicode char U+0130 (decimal 304)
   defining Unicode char U+0131 (decimal 305)
   defining Unicode char U+0132 (decimal 306)
   defining Unicode char U+0133 (decimal 307)
   defining Unicode char U+0139 (decimal 313)
   defining Unicode char U+013A (decimal 314)
   defining Unicode char U+013D (decimal 317)
   defining Unicode char U+013E (decimal 318)
   defining Unicode char U+0141 (decimal 321)
   defining Unicode char U+0142 (decimal 322)
   defining Unicode char U+0143 (decimal 323)
   defining Unicode char U+0144 (decimal 324)
   defining Unicode char U+0147 (decimal 327)
   defining Unicode char U+0148 (decimal 328)
   defining Unicode char U+014A (decimal 330)
   defining Unicode char U+014B (decimal 331)
   defining Unicode char U+0150 (decimal 336)
   defining Unicode char U+0151 (decimal 337)
   defining Unicode char U+0152 (decimal 338)
   defining Unicode char U+0153 (decimal 339)
   defining Unicode char U+0154 (decimal 340)
   defining Unicode char U+0155 (decimal 341)
   defining Unicode char U+0158 (decimal 344)
   defining Unicode char U+0159 (decimal 345)
   defining Unicode char U+015A (decimal 346)
   defining Unicode char U+015B (decimal 347)
   defining Unicode char U+015E (decimal 350)
   defining Unicode char U+015F (decimal 351)
   defining Unicode char U+0160 (decimal 352)
   defining Unicode char U+0161 (decimal 353)
   defining Unicode char U+0162 (decimal 354)
   defining Unicode char U+0163 (decimal 355)
   defining Unicode char U+0164 (decimal 356)
   defining Unicode char U+0165 (decimal 357)
   defining Unicode char U+016E (decimal 366)
   defining Unicode char U+016F (decimal 367)
   defining Unicode char U+0170 (decimal 368)
   defining Unicode char U+0171 (decimal 369)
   defining Unicode char U+0178 (decimal 376)
   defining Unicode char U+0179 (decimal 377)
   defining Unicode char U+017A (decimal 378)
   defining Unicode char U+017B (decimal 379)
   defining Unicode char U+017C (decimal 380)
   defining Unicode char U+017D (decimal 381)
   defining Unicode char U+017E (decimal 382)
   defining Unicode char U+200C (decimal 8204)
   defining Unicode char U+2013 (decimal 8211)
   defining Unicode char U+2014 (decimal 8212)
   defining Unicode char U+2018 (decimal 8216)
   defining Unicode char U+2019 (decimal 8217)
   defining Unicode char U+201A (decimal 8218)
   defining Unicode char U+201C (decimal 8220)
   defining Unicode char U+201D (decimal 8221)
   defining Unicode char U+201E (decimal 8222)
   defining Unicode char U+2030 (decimal 8240)
   defining Unicode char U+2031 (decimal 8241)
   defining Unicode char U+2039 (decimal 8249)
   defining Unicode char U+203A (decimal 8250)
   defining Unicode char U+2423 (decimal 9251)
)
Now handling font encoding OT1 ...
... processing UTF-8 mapping file for font encoding OT1

(/usr/share/texlive/texmf-dist/tex/latex/base/ot1enc.dfu
File: ot1enc.dfu 2008/04/05 v1.1m UTF-8 support for inputenc
   defining Unicode char U+00A1 (decimal 161)
   defining Unicode char U+00A3 (decimal 163)
   defining Unicode char U+00B8 (decimal 184)
   defining Unicode char U+00BF (decimal 191)
   defining Unicode char U+00C5 (decimal 197)
   defining Unicode char U+00C6 (decimal 198)
   defining Unicode char U+00D8 (decimal 216)
   defining Unicode char U+00DF (decimal 223)
   defining Unicode char U+00E6 (decimal 230)
   defining Unicode char U+00EC (decimal 236)
   defining Unicode char U+00ED (decimal 237)
   defining Unicode char U+00EE (decimal 238)
   defining Unicode char U+00EF (decimal 239)
   defining Unicode char U+00F8 (decimal 248)
   defining Unicode char U+0131 (decimal 305)
   defining Unicode char U+0141 (decimal 321)
   defining Unicode char U+0142 (decimal 322)
   defining Unicode char U+0152 (decimal 338)
   defining Unicode char U+0153 (decimal 339)
   defining Unicode char U+2013 (decimal 8211)
   defining Unicode char U+2014 (decimal 8212)
   defining Unicode char U+2018 (decimal 8216)
   defining Unicode char U+2019 (decimal 8217)
   defining Unicode char U+201C (decimal 8220)
   defining Unicode char U+201D (decimal 8221)
)
Now handling font encoding OMS ...
... processing UTF-8 mapping file for font encoding OMS

(/usr/share/texlive/texmf-dist/tex/latex/base/omsenc.dfu
File: omsenc.dfu 2008/04/05 v1.1m UTF-8 support for inputenc
   defining Unicode char U+00A7 (decimal 167)
   defining Unicode char U+00B6 (decimal 182)
   defining Unicode char U+00B7 (decimal 183)
   defining Unicode char U+2020 (decimal 8224)
   defining Unicode char U+2021 (decimal 8225)
   defining Unicode char U+2022 (decimal 8226)
)
Now handling font encoding OMX ...
... no UTF-8 mapping file for font encoding OMX
Now handling font encoding U ...
... no UTF-8 mapping file for font encoding U
   defining Unicode char U+00A9 (decimal 169)
   defining Unicode char U+00AA (decimal 170)
   defining Unicode char U+00AE (decimal 174)
   defining Unicode char U+00BA (decimal 186)
   defining Unicode char U+02C6 (decimal 710)
   defining Unicode char U+02DC (decimal 732)
   defining Unicode char U+200C (decimal 8204)
   defining Unicode char U+2026 (decimal 8230)
   defining Unicode char U+2122 (decimal 8482)
   defining Unicode char U+2423 (decimal 9251)
))
(/usr/share/texlive/texmf-dist/tex/latex/graphics/graphicx.sty
Package: graphicx 1999/02/16 v1.0f Enhanced LaTeX Graphics (DPC,SPQR)

(/usr/share/texlive/texmf-dist/tex/latex/graphics/graphics.sty
Package: graphics 2009/02/05 v1.0o Standard LaTeX Graphics (DPC,SPQR)

(/usr/share/texlive/texmf-dist/tex/latex/graphics/trig.sty
Package: trig 1999/03/16 v1.09 sin cos tan (DPC)
)
(/usr/share/texlive/texmf-dist/tex/latex/latexconfig/graphics.cfg
File: graphics.cfg 2010/04/23 v1.9 graphics configuration of TeX Live
)
Package graphics Info: Driver file: pdftex.def on input line 91.

(/usr/share/texlive/texmf-dist/tex/latex/pdftex-def/pdftex.def
File: pdftex.def 2011/05/27 v0.06d Graphics/color for pdfTeX

(/usr/share/texlive/texmf-dist/tex/generic/oberdiek/infwarerr.sty
Package: infwarerr 2010/04/08 v1.3 Providing info/warning/error messages (HO)
)
(/usr/share/texlive/texmf-dist/tex/generic/oberdiek/ltxcmds.sty
Package: ltxcmds 2011/11/09 v1.22 LaTeX kernel commands for general use (HO)
)
\Gread@gobject=\count92
))
\Gin@req@height=\dimen106
\Gin@req@width=\dimen107
)
(/usr/share/texlive/texmf-dist/tex/latex/subfigure/subfigure.sty
Package: subfigure 2002/03/15 v2.1.5 subfigure package
\subfigtopskip=\skip46
\subfigcapskip=\skip47
\subfigcaptopadj=\dimen108
\subfigbottomskip=\skip48
\subfigcapmargin=\dimen109
\subfiglabelskip=\skip49
\c@subfigure=\count93
\c@lofdepth=\count94
\c@subtable=\count95
\c@lotdepth=\count96

****************************************
* Local config file subfigure.cfg used *
****************************************
(/usr/share/texlive/texmf-dist/tex/latex/subfigure/subfigure.cfg)
\subfig@top=\skip50
\subfig@bottom=\skip51
)
(/usr/share/texlive/texmf-dist/tex/latex/fancyhdr/fancyhdr.sty
\fancy@headwidth=\skip52
\f@ncyO@elh=\skip53
\f@ncyO@erh=\skip54
\f@ncyO@olh=\skip55
\f@ncyO@orh=\skip56
\f@ncyO@elf=\skip57
\f@ncyO@erf=\skip58
\f@ncyO@olf=\skip59
\f@ncyO@orf=\skip60
)
(/usr/share/texlive/texmf-dist/tex/latex/geometry/geometry.sty
Package: geometry 2010/09/12 v5.6 Page Geometry

(/usr/share/texlive/texmf-dist/tex/generic/oberdiek/ifpdf.sty
Package: ifpdf 2011/01/30 v2.3 Provides the ifpdf switch (HO)
Package ifpdf Info: pdfTeX in PDF mode is detected.
)
(/usr/share/texlive/texmf-dist/tex/generic/oberdiek/ifvtex.sty
Package: ifvtex 2010/03/01 v1.5 Detect VTeX and its facilities (HO)
Package ifvtex Info: VTeX not detected.
)
(/usr/share/texlive/texmf-dist/tex/generic/ifxetex/ifxetex.sty
Package: ifxetex 2010/09/12 v0.6 Provides ifxetex conditional
)
\Gm@cnth=\count97
\Gm@cntv=\count98
\c@Gm@tempcnt=\count99
\Gm@bindingoffset=\dimen110
\Gm@wd@mp=\dimen111
\Gm@odd@mp=\dimen112
\Gm@even@mp=\dimen113
\Gm@layoutwidth=\dimen114
\Gm@layoutheight=\dimen115
\Gm@layouthoffset=\dimen116
\Gm@layoutvoffset=\dimen117
\Gm@dimlist=\toks17
)
(/usr/share/texlive/texmf-dist/tex/latex/tools/array.sty
Package: array 2008/09/09 v2.4c Tabular extension package (FMi)
\col@sep=\dimen118
\extrarowheight=\dimen119
\NC@list=\toks18
\extratabsurround=\skip61
\backup@length=\skip62
)
(/usr/share/texlive/texmf-dist/tex/latex/multirow/multirow.sty
\bigstrutjot=\dimen120
)
(/usr/share/texlive/texmf-dist/tex/latex/enumitem/enumitem.sty
Package: enumitem 2011/09/28 v3.5.2 Customized lists
\labelindent=\skip63
\enit@outerparindent=\dimen121
\enit@toks=\toks19
\enit@inbox=\box26
\enitdp@description=\count100
)
(/usr/share/texlive/texmf-dist/tex/latex/amsfonts/amssymb.sty
Package: amssymb 2013/01/14 v3.01 AMS font symbols

(/usr/share/texlive/texmf-dist/tex/latex/amsfonts/amsfonts.sty
Package: amsfonts 2013/01/14 v3.01 Basic AMSFonts support
\@emptytoks=\toks20
\symAMSa=\mathgroup4
\symAMSb=\mathgroup5
LaTeX Font Info:    Overwriting math alphabet `\mathfrak' in version `bold'
(Font)                  U/euf/m/n --> U/euf/b/n on input line 106.
))
(/usr/share/texlive/texmf-dist/tex/latex/amsmath/amsmath.sty
Package: amsmath 2013/01/14 v2.14 AMS math features
\@mathmargin=\skip64

For additional information on amsmath, use the `?' option.
(/usr/share/texlive/texmf-dist/tex/latex/amsmath/amstext.sty
Package: amstext 2000/06/29 v2.01

(/usr/share/texlive/texmf-dist/tex/latex/amsmath/amsgen.sty
File: amsgen.sty 1999/11/30 v2.0
\@emptytoks=\toks21
\ex@=\dimen122
))
(/usr/share/texlive/texmf-dist/tex/latex/amsmath/amsbsy.sty
Package: amsbsy 1999/11/29 v1.2d
\pmbraise@=\dimen123
)
(/usr/share/texlive/texmf-dist/tex/latex/amsmath/amsopn.sty
Package: amsopn 1999/12/14 v2.01 operator names
)
\inf@bad=\count101
LaTeX Info: Redefining \frac on input line 210.
\uproot@=\count102
\leftroot@=\count103
LaTeX Info: Redefining \overline on input line 306.
\classnum@=\count104
\DOTSCASE@=\count105
LaTeX Info: Redefining \ldots on input line 378.
LaTeX Info: Redefining \dots on input line 381.
LaTeX Info: Redefining \cdots on input line 466.
\Mathstrutbox@=\box27
\strutbox@=\box28
\big@size=\dimen124
LaTeX Font Info:    Redeclaring font encoding OML on input line 566.
LaTeX Font Info:    Redeclaring font encoding OMS on input line 567.
\macc@depth=\count106
\c@MaxMatrixCols=\count107
\dotsspace@=\muskip10
\c@parentequation=\count108
\dspbrk@lvl=\count109
\tag@help=\toks22
\row@=\count110
\column@=\count111
\maxfields@=\count112
\andhelp@=\toks23
\eqnshift@=\dimen125
\alignsep@=\dimen126
\tagshift@=\dimen127
\tagwidth@=\dimen128
\totwidth@=\dimen129
\lineht@=\dimen130
\@envbody=\toks24
\multlinegap=\skip65
\multlinetaggap=\skip66
\mathdisplay@stack=\toks25
LaTeX Info: Redefining \[ on input line 2665.
LaTeX Info: Redefining \] on input line 2666.
)
(/usr/share/texlive/texmf-dist/tex/latex/tools/longtable.sty
Package: longtable 2004/02/01 v4.11 Multi-page Table package (DPC)
\LTleft=\skip67
\LTright=\skip68
\LTpre=\skip69
\LTpost=\skip70
\LTchunksize=\count113
\LTcapwidth=\dimen131
\LT@head=\box29
\LT@firsthead=\box30
\LT@foot=\box31
\LT@lastfoot=\box32
\LT@cols=\count114
\LT@rows=\count115
\c@LT@tables=\count116
\c@LT@chunks=\count117
\LT@p@ftn=\toks26
)
(/usr/share/texmf/tex/latex/pgf/basiclayer/pgf.sty
(/usr/share/texmf/tex/latex/pgf/utilities/pgfrcs.sty
(/usr/share/texmf/tex/generic/pgf/utilities/pgfutil-common.tex
\pgfutil@everybye=\toks27
)
(/usr/share/texmf/tex/generic/pgf/utilities/pgfutil-latex.def
\pgfutil@abb=\box33

(/usr/share/texlive/texmf-dist/tex/latex/ms/everyshi.sty
Package: everyshi 2001/05/15 v3.00 EveryShipout Package (MS)
))
(/usr/share/texmf/tex/generic/pgf/utilities/pgfrcs.code.tex
Package: pgfrcs 2010/10/25 v2.10 (rcs-revision 1.24)
))
Package: pgf 2008/01/15 v2.10 (rcs-revision 1.12)

(/usr/share/texmf/tex/latex/pgf/basiclayer/pgfcore.sty
(/usr/share/texmf/tex/latex/pgf/systemlayer/pgfsys.sty
(/usr/share/texmf/tex/generic/pgf/systemlayer/pgfsys.code.tex
Package: pgfsys 2010/06/30 v2.10 (rcs-revision 1.37)

(/usr/share/texmf/tex/generic/pgf/utilities/pgfkeys.code.tex
\pgfkeys@pathtoks=\toks28
\pgfkeys@temptoks=\toks29

(/usr/share/texmf/tex/generic/pgf/utilities/pgfkeysfiltered.code.tex
\pgfkeys@tmptoks=\toks30
))
\pgf@x=\dimen132
\pgf@y=\dimen133
\pgf@xa=\dimen134
\pgf@ya=\dimen135
\pgf@xb=\dimen136
\pgf@yb=\dimen137
\pgf@xc=\dimen138
\pgf@yc=\dimen139
\w@pgf@writea=\write3
\r@pgf@reada=\read1
\c@pgf@counta=\count118
\c@pgf@countb=\count119
\c@pgf@countc=\count120
\c@pgf@countd=\count121

(/usr/share/texmf/tex/generic/pgf/systemlayer/pgf.cfg
File: pgf.cfg 2008/05/14  (rcs-revision 1.7)
)
Package pgfsys Info: Driver file for pgf: pgfsys-pdftex.def on input line 900.

(/usr/share/texmf/tex/generic/pgf/systemlayer/pgfsys-pdftex.def
File: pgfsys-pdftex.def 2009/05/22  (rcs-revision 1.26)

(/usr/share/texmf/tex/generic/pgf/systemlayer/pgfsys-common-pdf.def
File: pgfsys-common-pdf.def 2008/05/19  (rcs-revision 1.10)
)))
(/usr/share/texmf/tex/generic/pgf/systemlayer/pgfsyssoftpath.code.tex
File: pgfsyssoftpath.code.tex 2008/07/18  (rcs-revision 1.7)
\pgfsyssoftpath@smallbuffer@items=\count122
\pgfsyssoftpath@bigbuffer@items=\count123
)
(/usr/share/texmf/tex/generic/pgf/systemlayer/pgfsysprotocol.code.tex
File: pgfsysprotocol.code.tex 2006/10/16  (rcs-revision 1.4)
))
(/usr/share/texmf/tex/latex/xcolor/xcolor.sty
Package: xcolor 2007/01/21 v2.11 LaTeX color extensions (UK)

(/usr/share/texlive/texmf-dist/tex/latex/latexconfig/color.cfg
File: color.cfg 2007/01/18 v1.5 color configuration of teTeX/TeXLive
)
Package xcolor Info: Driver file: pdftex.def on input line 225.
Package xcolor Info: Model `cmy' substituted by `cmy0' on input line 1337.
Package xcolor Info: Model `hsb' substituted by `rgb' on input line 1341.
Package xcolor Info: Model `RGB' extended on input line 1353.
Package xcolor Info: Model `HTML' substituted by `rgb' on input line 1355.
Package xcolor Info: Model `Hsb' substituted by `hsb' on input line 1356.
Package xcolor Info: Model `tHsb' substituted by `hsb' on input line 1357.
Package xcolor Info: Model `HSB' substituted by `hsb' on input line 1358.
Package xcolor Info: Model `Gray' substituted by `gray' on input line 1359.
Package xcolor Info: Model `wave' substituted by `hsb' on input line 1360.
)
(/usr/share/texmf/tex/generic/pgf/basiclayer/pgfcore.code.tex
Package: pgfcore 2010/04/11 v2.10 (rcs-revision 1.7)

(/usr/share/texmf/tex/generic/pgf/math/pgfmath.code.tex
(/usr/share/texmf/tex/generic/pgf/math/pgfmathcalc.code.tex
(/usr/share/texmf/tex/generic/pgf/math/pgfmathutil.code.tex)
(/usr/share/texmf/tex/generic/pgf/math/pgfmathparser.code.tex
\pgfmath@dimen=\dimen140
\pgfmath@count=\count124
\pgfmath@box=\box34
\pgfmath@toks=\toks31
\pgfmath@stack@operand=\toks32
\pgfmath@stack@operation=\toks33
)
(/usr/share/texmf/tex/generic/pgf/math/pgfmathfunctions.code.tex
(/usr/share/texmf/tex/generic/pgf/math/pgfmathfunctions.basic.code.tex)
(/usr/share/texmf/tex/generic/pgf/math/pgfmathfunctions.trigonometric.code.tex)
(/usr/share/texmf/tex/generic/pgf/math/pgfmathfunctions.random.code.tex)
(/usr/share/texmf/tex/generic/pgf/math/pgfmathfunctions.comparison.code.tex)
(/usr/share/texmf/tex/generic/pgf/math/pgfmathfunctions.base.code.tex)
(/usr/share/texmf/tex/generic/pgf/math/pgfmathfunctions.round.code.tex)
(/usr/share/texmf/tex/generic/pgf/math/pgfmathfunctions.misc.code.tex)))
(/usr/share/texmf/tex/generic/pgf/math/pgfmathfloat.code.tex
\c@pgfmathroundto@lastzeros=\count125
))
(/usr/share/texmf/tex/generic/pgf/basiclayer/pgfcorepoints.code.tex
File: pgfcorepoints.code.tex 2010/04/09  (rcs-revision 1.20)
\pgf@picminx=\dimen141
\pgf@picmaxx=\dimen142
\pgf@picminy=\dimen143
\pgf@picmaxy=\dimen144
\pgf@pathminx=\dimen145
\pgf@pathmaxx=\dimen146
\pgf@pathminy=\dimen147
\pgf@pathmaxy=\dimen148
\pgf@xx=\dimen149
\pgf@xy=\dimen150
\pgf@yx=\dimen151
\pgf@yy=\dimen152
\pgf@zx=\dimen153
\pgf@zy=\dimen154
)
(/usr/share/texmf/tex/generic/pgf/basiclayer/pgfcorepathconstruct.code.tex
File: pgfcorepathconstruct.code.tex 2010/08/03  (rcs-revision 1.24)
\pgf@path@lastx=\dimen155
\pgf@path@lasty=\dimen156
)
(/usr/share/texmf/tex/generic/pgf/basiclayer/pgfcorepathusage.code.tex
File: pgfcorepathusage.code.tex 2008/04/22  (rcs-revision 1.12)
\pgf@shorten@end@additional=\dimen157
\pgf@shorten@start@additional=\dimen158
)
(/usr/share/texmf/tex/generic/pgf/basiclayer/pgfcorescopes.code.tex
File: pgfcorescopes.code.tex 2010/09/08  (rcs-revision 1.34)
\pgfpic=\box35
\pgf@hbox=\box36
\pgf@layerbox@main=\box37
\pgf@picture@serial@count=\count126
)
(/usr/share/texmf/tex/generic/pgf/basiclayer/pgfcoregraphicstate.code.tex
File: pgfcoregraphicstate.code.tex 2008/04/22  (rcs-revision 1.9)
\pgflinewidth=\dimen159
)
(/usr/share/texmf/tex/generic/pgf/basiclayer/pgfcoretransformations.code.tex
File: pgfcoretransformations.code.tex 2009/06/10  (rcs-revision 1.11)
\pgf@pt@x=\dimen160
\pgf@pt@y=\dimen161
\pgf@pt@temp=\dimen162
)
(/usr/share/texmf/tex/generic/pgf/basiclayer/pgfcorequick.code.tex
File: pgfcorequick.code.tex 2008/10/09  (rcs-revision 1.3)
)
(/usr/share/texmf/tex/generic/pgf/basiclayer/pgfcoreobjects.code.tex
File: pgfcoreobjects.code.tex 2006/10/11  (rcs-revision 1.2)
)
(/usr/share/texmf/tex/generic/pgf/basiclayer/pgfcorepathprocessing.code.tex
File: pgfcorepathprocessing.code.tex 2008/10/09  (rcs-revision 1.8)
)
(/usr/share/texmf/tex/generic/pgf/basiclayer/pgfcorearrows.code.tex
File: pgfcorearrows.code.tex 2008/04/23  (rcs-revision 1.11)
)
(/usr/share/texmf/tex/generic/pgf/basiclayer/pgfcoreshade.code.tex
File: pgfcoreshade.code.tex 2008/11/23  (rcs-revision 1.13)
\pgf@max=\dimen163
\pgf@sys@shading@range@num=\count127
)
(/usr/share/texmf/tex/generic/pgf/basiclayer/pgfcoreimage.code.tex
File: pgfcoreimage.code.tex 2010/03/25  (rcs-revision 1.16)

(/usr/share/texmf/tex/generic/pgf/basiclayer/pgfcoreexternal.code.tex
File: pgfcoreexternal.code.tex 2010/09/01  (rcs-revision 1.17)
\pgfexternal@startupbox=\box38
))
(/usr/share/texmf/tex/generic/pgf/basiclayer/pgfcorelayers.code.tex
File: pgfcorelayers.code.tex 2010/08/27  (rcs-revision 1.2)
)
(/usr/share/texmf/tex/generic/pgf/basiclayer/pgfcoretransparency.code.tex
File: pgfcoretransparency.code.tex 2008/01/17  (rcs-revision 1.2)
)
(/usr/share/texmf/tex/generic/pgf/basiclayer/pgfcorepatterns.code.tex
File: pgfcorepatterns.code.tex 2009/07/02  (rcs-revision 1.3)
)))
(/usr/share/texmf/tex/generic/pgf/modules/pgfmoduleshapes.code.tex
File: pgfmoduleshapes.code.tex 2010/09/09  (rcs-revision 1.13)
\pgfnodeparttextbox=\box39
)
(/usr/share/texmf/tex/generic/pgf/modules/pgfmoduleplot.code.tex
File: pgfmoduleplot.code.tex 2010/10/22  (rcs-revision 1.8)
)
(/usr/share/texmf/tex/latex/pgf/compatibility/pgfcomp-version-0-65.sty
Package: pgfcomp-version-0-65 2007/07/03 v2.10 (rcs-revision 1.7)
\pgf@nodesepstart=\dimen164
\pgf@nodesepend=\dimen165
)
(/usr/share/texmf/tex/latex/pgf/compatibility/pgfcomp-version-1-18.sty
Package: pgfcomp-version-1-18 2007/07/23 v2.10 (rcs-revision 1.1)
))
(/usr/share/texmf/tex/latex/pgf/frontendlayer/tikz.sty
(/usr/share/texmf/tex/latex/pgf/utilities/pgffor.sty
(/usr/share/texmf/tex/latex/pgf/utilities/pgfkeys.sty
(/usr/share/texmf/tex/generic/pgf/utilities/pgfkeys.code.tex))
(/usr/share/texmf/tex/generic/pgf/utilities/pgffor.code.tex
Package: pgffor 2010/03/23 v2.10 (rcs-revision 1.18)
\pgffor@iter=\dimen166
\pgffor@skip=\dimen167
\pgffor@stack=\toks34
\pgffor@toks=\toks35
))
(/usr/share/texmf/tex/generic/pgf/frontendlayer/tikz/tikz.code.tex
Package: tikz 2010/10/13 v2.10 (rcs-revision 1.76)

(/usr/share/texmf/tex/generic/pgf/libraries/pgflibraryplothandlers.code.tex
File: pgflibraryplothandlers.code.tex 2010/05/31 v2.10 (rcs-revision 1.15)
\pgf@plot@mark@count=\count128
\pgfplotmarksize=\dimen168
)
\tikz@lastx=\dimen169
\tikz@lasty=\dimen170
\tikz@lastxsaved=\dimen171
\tikz@lastysaved=\dimen172
\tikzleveldistance=\dimen173
\tikzsiblingdistance=\dimen174
\tikz@figbox=\box40
\tikz@tempbox=\box41
\tikztreelevel=\count129
\tikznumberofchildren=\count130
\tikznumberofcurrentchild=\count131
\tikz@fig@count=\count132

(/usr/share/texmf/tex/generic/pgf/modules/pgfmodulematrix.code.tex
File: pgfmodulematrix.code.tex 2010/08/24  (rcs-revision 1.4)
\pgfmatrixcurrentrow=\count133
\pgfmatrixcurrentcolumn=\count134
\pgf@matrix@numberofcolumns=\count135
)
\tikz@expandcount=\count136

(/usr/share/texmf/tex/generic/pgf/frontendlayer/tikz/libraries/tikzlibrarytopat
hs.code.tex
File: tikzlibrarytopaths.code.tex 2008/06/17 v2.10 (rcs-revision 1.2)
))) (/usr/share/texlive/texmf-dist/tex/latex/oberdiek/picture.sty
Package: picture 2009/10/11 v1.3 Dimens for picture macros (HO)
Package picture Info: Calculation method: etex.
)
(/usr/share/texlive/texmf-dist/tex/latex/algorithms/algorithm.sty
Package: algorithm 2009/08/24 v0.1 Document Style `algorithm' - floating enviro
nment

(/usr/share/texlive/texmf-dist/tex/latex/float/float.sty
Package: float 2001/11/08 v1.3d Float enhancements (AL)
\c@float@type=\count137
\float@exts=\toks36
\float@box=\box42
\@float@everytoks=\toks37
\@floatcapt=\box43
)
(/usr/share/texlive/texmf-dist/tex/latex/base/ifthen.sty
Package: ifthen 2001/05/26 v1.1c Standard LaTeX ifthen package (DPC)
)
\@float@every@algorithm=\toks38
\c@algorithm=\count138
)
(/usr/share/texlive/texmf-dist/tex/latex/algorithms/algorithmic.sty
Package: algorithmic 2009/08/24 v0.1 Document Style `algorithmic'
\c@ALC@unique=\count139
\c@ALC@line=\count140
\c@ALC@rem=\count141
\c@ALC@depth=\count142
\ALC@tlm=\skip71
\algorithmicindent=\skip72
)
(/usr/share/texlive/texmf-dist/tex/latex/lipsum/lipsum.sty
Package: lipsum 2011/04/14 v1.2 150 paragraphs of Lorem Ipsum dummy text
\c@lips@count=\count143
)
(/usr/share/texlive/texmf-dist/tex/latex/bbm-macros/bbm.sty
Package: bbm 1999/03/15 V 1.2 provides fonts for set symbols - TH
LaTeX Font Info:    Overwriting math alphabet `\mathbbm' in version `bold'
(Font)                  U/bbm/m/n --> U/bbm/bx/n on input line 33.
LaTeX Font Info:    Overwriting math alphabet `\mathbbmss' in version `bold'
(Font)                  U/bbmss/m/n --> U/bbmss/bx/n on input line 35.
) (./nyhoavy.aux)
\openout1 = `nyhoavy.aux'.

LaTeX Font Info:    Checking defaults for OML/cmm/m/it on input line 62.
LaTeX Font Info:    ... okay on input line 62.
LaTeX Font Info:    Checking defaults for T1/cmr/m/n on input line 62.
LaTeX Font Info:    ... okay on input line 62.
LaTeX Font Info:    Checking defaults for OT1/cmr/m/n on input line 62.
LaTeX Font Info:    ... okay on input line 62.
LaTeX Font Info:    Checking defaults for OMS/cmsy/m/n on input line 62.
LaTeX Font Info:    ... okay on input line 62.
LaTeX Font Info:    Checking defaults for OMX/cmex/m/n on input line 62.
LaTeX Font Info:    ... okay on input line 62.
LaTeX Font Info:    Checking defaults for U/cmr/m/n on input line 62.
LaTeX Font Info:    ... okay on input line 62.
LaTeX Info: Redefining \degres on input line 62.
LaTeX Info: Redefining \dots on input line 62.
LaTeX Info: Redefining \up on input line 62.


Package frenchb.ldf Warning: OT1 encoding should not be used for French. 
(frenchb.ldf)                Add \usepackage[T1]{fontenc} to the preamble
(frenchb.ldf)                of your document, on input line 62.

(/usr/share/texlive/texmf-dist/tex/context/base/supp-pdf.mkii
[Loading MPS to PDF converter (version 2006.09.02).]
\scratchcounter=\count144
\scratchdimen=\dimen175
\scratchbox=\box44
\nofMPsegments=\count145
\nofMParguments=\count146
\everyMPshowfont=\toks39
\MPscratchCnt=\count147
\MPscratchDim=\dimen176
\MPnumerator=\count148
\makeMPintoPDFobject=\count149
\everyMPtoPDFconversion=\toks40
) (/usr/share/texlive/texmf-dist/tex/generic/oberdiek/pdftexcmds.sty
Package: pdftexcmds 2011/11/29 v0.20 Utility functions of pdfTeX for LuaTeX (HO
)

(/usr/share/texlive/texmf-dist/tex/generic/oberdiek/ifluatex.sty
Package: ifluatex 2010/03/01 v1.3 Provides the ifluatex switch (HO)
Package ifluatex Info: LuaTeX not detected.
)
Package pdftexcmds Info: LuaTeX not detected.
Package pdftexcmds Info: \pdf@primitive is available.
Package pdftexcmds Info: \pdf@ifprimitive is available.
Package pdftexcmds Info: \pdfdraftmode found.
)
(/usr/share/texlive/texmf-dist/tex/latex/oberdiek/epstopdf-base.sty
Package: epstopdf-base 2010/02/09 v2.5 Base part for package epstopdf

(/usr/share/texlive/texmf-dist/tex/latex/oberdiek/grfext.sty
Package: grfext 2010/08/19 v1.1 Manage graphics extensions (HO)

(/usr/share/texlive/texmf-dist/tex/generic/oberdiek/kvdefinekeys.sty
Package: kvdefinekeys 2011/04/07 v1.3 Define keys (HO)
))
(/usr/share/texlive/texmf-dist/tex/latex/oberdiek/kvoptions.sty
Package: kvoptions 2011/06/30 v3.11 Key value format for package options (HO)

(/usr/share/texlive/texmf-dist/tex/generic/oberdiek/kvsetkeys.sty
Package: kvsetkeys 2012/04/25 v1.16 Key value parser (HO)

(/usr/share/texlive/texmf-dist/tex/generic/oberdiek/etexcmds.sty
Package: etexcmds 2011/02/16 v1.5 Avoid name clashes with e-TeX commands (HO)
Package etexcmds Info: Could not find \expanded.
(etexcmds)             That can mean that you are not using pdfTeX 1.50 or
(etexcmds)             that some package has redefined \expanded.
(etexcmds)             In the latter case, load this package earlier.
)))
Package grfext Info: Graphics extension search list:
(grfext)             [.png,.pdf,.jpg,.mps,.jpeg,.jbig2,.jb2,.PNG,.PDF,.JPG,.JPE
G,.JBIG2,.JB2,.eps]
(grfext)             \AppendGraphicsExtensions on input line 452.

(/usr/share/texlive/texmf-dist/tex/latex/latexconfig/epstopdf-sys.cfg
File: epstopdf-sys.cfg 2010/07/13 v1.3 Configuration of (r)epstopdf for TeX Liv
e
))
*geometry* driver: auto-detecting
*geometry* detected driver: pdftex
*geometry* verbose mode - [ preamble ] result:
* driver: pdftex
* paper: a4paper
* layout: <same size as paper>
* layoutoffset:(h,v)=(0.0pt,0.0pt)
* modes: 
* h-part:(L,W,R)=(71.13188pt, 455.24411pt, 71.13188pt)
* v-part:(T,H,B)=(56.9055pt, 731.23584pt, 56.9055pt)
* \paperwidth=597.50787pt
* \paperheight=845.04684pt
* \textwidth=455.24411pt
* \textheight=731.23584pt
* \oddsidemargin=-1.1381pt
* \evensidemargin=-1.1381pt
* \topmargin=-55.36449pt
* \headheight=15.0pt
* \headsep=25.0pt
* \topskip=12.0pt
* \footskip=30.0pt
* \marginparwidth=35.0pt
* \marginparsep=10.0pt
* \columnsep=10.0pt
* \skip\footins=10.8pt plus 4.0pt minus 2.0pt
* \hoffset=0.0pt
* \voffset=0.0pt
* \mag=1000
* \@twocolumnfalse
* \@twosidefalse
* \@mparswitchfalse
* \@reversemarginfalse
* (1in=72.27pt=25.4mm, 1cm=28.453pt)

ABD: EveryShipout initializing macros (./pagedegarde/pageDeGarde.tex
*geometry* verbose mode - [ newgeometry ] result:
* driver: pdftex
* paper: a4paper
* layout: <same size as paper>
* layoutoffset:(h,v)=(0.0pt,0.0pt)
* modes: 
* h-part:(L,W,R)=(71.13188pt, 497.92325pt, 28.45274pt)
* v-part:(T,H,B)=(28.45274pt, 788.14136pt, 28.45274pt)
* \paperwidth=597.50787pt
* \paperheight=845.04684pt
* \textwidth=497.92325pt
* \textheight=788.14136pt
* \oddsidemargin=-1.1381pt
* \evensidemargin=-1.1381pt
* \topmargin=-83.81725pt
* \headheight=15.0pt
* \headsep=25.0pt
* \topskip=12.0pt
* \footskip=30.0pt
* \marginparwidth=35.0pt
* \marginparsep=10.0pt
* \columnsep=10.0pt
* \skip\footins=10.8pt plus 4.0pt minus 2.0pt
* \hoffset=0.0pt
* \voffset=0.0pt
* \mag=1000
* \@twocolumnfalse
* \@twosidefalse
* \@mparswitchfalse
* \@reversemarginfalse
* (1in=72.27pt=25.4mm, 1cm=28.453pt)


<images/logo_univ_tana.jpg, id=4, 232.87pt x 278.03876pt>
File: images/logo_univ_tana.jpg Graphic file (type jpg)

<use images/logo_univ_tana.jpg>
Package pdftex.def Info: images/logo_univ_tana.jpg used on input line 5.
(pdftex.def)             Requested size: 49.79535pt x 59.45049pt.
 <images/fac.jpg, id=5, 200.75pt x 200.75pt>
File: images/fac.jpg Graphic file (type jpg)

<use images/fac.jpg>
Package pdftex.def Info: images/fac.jpg used on input line 6.
(pdftex.def)             Requested size: 34.85826pt x 34.85608pt.
 <images/dmi.png, id=6, 270.00874pt x 215.80624pt>
File: images/dmi.png Graphic file (type png)

<use images/dmi.png>
Package pdftex.def Info: images/dmi.png used on input line 7.
(pdftex.def)             Requested size: 49.79535pt x 39.79839pt.

<images/MISA_tsisy_soratra.jpg, id=7, 48.18pt x 175.65625pt>
File: images/MISA_tsisy_soratra.jpg Graphic file (type jpg)

<use images/MISA_tsisy_soratra.jpg>
Package pdftex.def Info: images/MISA_tsisy_soratra.jpg used on input line 8.
(pdftex.def)             Requested size: 12.44504pt x 45.37202pt.

<images/logoIRIT.jpg, id=8, 671.53284pt x 146.56355pt>
File: images/logoIRIT.jpg Graphic file (type jpg)

<use images/logoIRIT.jpg>
Package pdftex.def Info: images/logoIRIT.jpg used on input line 9.
(pdftex.def)             Requested size: 74.68544pt x 16.2987pt.
 <images/Logo_UT3.jpg, id=9, 2467.2175pt x 831.105pt>
File: images/Logo_UT3.jpg Graphic file (type jpg)

<use images/Logo_UT3.jpg>
Package pdftex.def Info: images/Logo_UT3.jpg used on input line 10.
(pdftex.def)             Requested size: 99.58313pt x 33.5429pt.
LaTeX Font Info:    Try loading font information for U+msa on input line 92.

(/usr/share/texlive/texmf-dist/tex/latex/amsfonts/umsa.fd
File: umsa.fd 2013/01/14 v3.01 AMS symbols A
)
LaTeX Font Info:    Try loading font information for U+msb on input line 92.

(/usr/share/texlive/texmf-dist/tex/latex/amsfonts/umsb.fd
File: umsb.fd 2013/01/14 v3.01 AMS symbols B
) [1


{/var/lib/texmf/fonts/map/pdftex/updmap/pdftex.map} <./images/logo_univ_tana.jp
g> <./images/fac.jpg> <./images/dmi.png> <./images/MISA_tsisy_soratra.jpg> <./i
mages/logoIRIT.jpg> <./images/Logo_UT3.jpg>]) (./Remerciements/remerciement.tex
) [1


]
(./nyhoavy.toc [2

])
\tf@toc=\write4
\openout4 = `nyhoavy.toc'.

 [3] (./nyhoavy.lof
Underfull \hbox (badness 10000) in paragraph at lines 9--9
 [][] []\OT1/cmr/m/n/12 Architecture des mod^^Reles cbow et skip-gram de Word2V
ec 
 []

)
\tf@lof=\write5
\openout5 = `nyhoavy.lof'.

 [4

] (./nyhoavy.lot
Underfull \hbox (badness 10000) in paragraph at lines 5--5
 [][] []\OT1/cmr/m/n/12 Tableau r^^Secapitulatif de l'ar-chi-tec-ture In-cep-ti
on V3 
 []

)
\tf@lot=\write6
\openout6 = `nyhoavy.lot'.

 (./Chapitre0/Chapitre0.tex [5

])
(./IntroductionGenerale/IntroductionGenerale.tex [1

]
Chapitre 1.
<images/fausse.png, id=39, 488.82625pt x 691.58376pt>
File: images/fausse.png Graphic file (type png)
 <use images/fausse.png>
Package pdftex.def Info: images/fausse.png used on input line 25.
(pdftex.def)             Requested size: 318.66948pt x 450.85376pt.

[2

]
LaTeX Font Info:    Try loading font information for OMS+cmr on input line 34.
 (/usr/share/texlive/texmf-dist/tex/latex/base/omscmr.fd
File: omscmr.fd 1999/05/25 v2.5h Standard LaTeX font definitions
)
LaTeX Font Info:    Font shape `OMS/cmr/m/n' in size <12> not available
(Font)              Font shape `OMS/cmsy/m/n' tried instead on input line 34.
 [3 <./images/fausse.png>] <images/apprentissage.png, id=50, 799.98875pt x 256.
96pt>
File: images/apprentissage.png Graphic file (type png)

<use images/apprentissage.png>
Package pdftex.def Info: images/apprentissage.png used on input line 50.
(pdftex.def)             Requested size: 318.66948pt x 102.35872pt.

<images/prediction.png, id=51, 805.0075pt x 275.0275pt>
File: images/prediction.png Graphic file (type png)

<use images/prediction.png>
Package pdftex.def Info: images/prediction.png used on input line 58.
(pdftex.def)             Requested size: 318.66948pt x 108.87177pt.


LaTeX Warning: `h' float specifier changed to `ht'.

<images/cocoexamplecrop.png, id=52, 649.42625pt x 444.66125pt>
File: images/cocoexamplecrop.png Graphic file (type png)

<use images/cocoexamplecrop.png>
Package pdftex.def Info: images/cocoexamplecrop.png used on input line 73.
(pdftex.def)             Requested size: 182.09486pt x 124.67392pt.
 [4 <./images/apprentissage.png>] [5 <./images/prediction.png> <./images/cocoex
amplecrop.png>]
Underfull \hbox (badness 1215) in paragraph at lines 90--91
\OT1/cmr/m/n/12 pour abou-tir ^^Ra la g^^Sen^^Seration de textes d^^Secrivant d
es images[[]],
 []


Underfull \hbox (badness 10000) in paragraph at lines 90--91

 []


Underfull \hbox (badness 2932) in paragraph at lines 96--97
[] \OT1/cmr/m/n/12 Ins-pir^^See de [[]] [[]], notre contri-bu-tion concerne
 []


Underfull \hbox (badness 1189) in paragraph at lines 96--97
\OT1/cmr/m/n/12 l'am^^Selioration d'un mod^^Rele de base de g^^Sen^^Seration de
 des-crip-tions d'images : \OT1/cmr/m/it/12 m-
 []


Underfull \hbox (badness 10000) in paragraph at lines 96--97

 []

[6]) (./Chapitre4/Chapitre4.tex [7]
Chapitre 2.
[8

]
Underfull \hbox (badness 10000) in paragraph at lines 41--43
[]\OT1/cmr/m/n/12 L'apprentissage pro-fond a d^^Sebut^^Se dans les ann^^Sees 40
. Il est l'abou-
 []


Underfull \hbox (badness 10000) in paragraph at lines 41--43
\OT1/cmr/m/n/12 tis-se-ment de l'^^Sevolution du do-maine de R^^Seseau de Neu-r
ones Ar-ti-fi-ciels
 []


Underfull \hbox (badness 10000) in paragraph at lines 46--47

 []


Package Fancyhdr Warning: \headheight is too small (15.0pt): 
 Make it at least 15.71667pt.
 We now make it that large for the rest of the document.
 This may cause the page layout to be inconsistent, however.

[9] [10]
Underfull \hbox (badness 10000) in paragraph at lines 65--73

 []

[11] <images/convolution.png, id=82, 389.455pt x 150.5625pt>
File: images/convolution.png Graphic file (type png)

<use images/convolution.png>
Package pdftex.def Info: images/convolution.png used on input line 92.
(pdftex.def)             Requested size: 318.66948pt x 123.20013pt.

Overfull \hbox (37.59993pt too wide) in paragraph at lines 109--122
[][] 
 []

[12 <./images/convolution.png>]
Underfull \hbox (badness 5622) in paragraph at lines 124--125
[]\OT1/cmr/m/n/12 AlexNet uti-lise deux tech-niques pour l'acc^^Sel^^Seration d
e l'ap-pren-tis-sage par
 []


Underfull \hbox (badness 10000) in paragraph at lines 137--139
[]\OT1/cmr/m/n/12 L'inception a ^^Set^^Se am^^Selior^^Se par Chris-tian et Ser-
guei pr^^Sesent^^Se dans
 []


Underfull \hbox (badness 10000) in paragraph at lines 137--139
\OT1/cmr/m/n/12 [[]] et [[]]. La premi^^Rere am^^Selioration
 []

[13]
Underfull \hbox (badness 10000) in paragraph at lines 162--166

 []

[14]
Underfull \hbox (badness 1248) in paragraph at lines 172--173
[]\OT1/cmr/m/n/12 Les probl^^Remes ^^Setudi^^Ses dans le trai-te-ment au-to-ma-
tique du lan-gage na-tu-rel se
 []


Underfull \hbox (badness 10000) in paragraph at lines 172--173

 []

[15] <images/word2vec.png, id=99, 693.59125pt x 397.485pt>
File: images/word2vec.png Graphic file (type png)

<use images/word2vec.png>
Package pdftex.def Info: images/word2vec.png used on input line 196.
(pdftex.def)             Requested size: 318.66948pt x 182.62697pt.

Underfull \hbox (badness 7415) in paragraph at lines 197--197
[]\OT1/cmr/m/sc/12 Figure \OT1/cmr/m/n/12 2.2 { Ar-chi-tec-ture des mod^^Reles 
cbow et skip-gram de Word2Vec
 []


Underfull \hbox (badness 10000) in paragraph at lines 202--204

 []

[16 <./images/word2vec.png>]
Underfull \hbox (badness 10000) in paragraph at lines 207--211

 []


LaTeX Warning: Command \textellipsis invalid in math mode on input line 217.


Underfull \hbox (badness 10000) in paragraph at lines 221--229

 []

[17] <images/rnn.png, id=108, 243.91125pt x 138.5175pt>
File: images/rnn.png Graphic file (type png)
 <use images/rnn.png>
Package pdftex.def Info: images/rnn.png used on input line 254.
(pdftex.def)             Requested size: 182.09486pt x 103.4123pt.

Underfull \hbox (badness 10000) in paragraph at lines 259--261

 []

[18 <./images/rnn.png (PNG copy)>]
Underfull \hbox (badness 10000) in paragraph at lines 262--280

 []


Underfull \hbox (badness 10000) in paragraph at lines 290--291

 []


Underfull \hbox (badness 10000) in paragraph at lines 313--314

 []

) (./Chapitre3/Chapitre3.tex
Underfull \hbox (badness 10000) in paragraph at lines 17--20

 []

[19] <images/multimodalArticle.png, id=116, 538.01pt x 292.09125pt>
File: images/multimodalArticle.png Graphic file (type png)

<use images/multimodalArticle.png>
Package pdftex.def Info: images/multimodalArticle.png used on input line 23.
(pdftex.def)             Requested size: 182.09486pt x 98.85954pt.

Underfull \hbox (badness 10000) in paragraph at lines 28--29

 []


Underfull \hbox (badness 10000) in paragraph at lines 35--50

 []

[20 <./images/multimodalArticle.png>]
Underfull \hbox (badness 10000) in paragraph at lines 51--53

 []


Underfull \hbox (badness 10000) in paragraph at lines 57--64

 []


Underfull \hbox (badness 10000) in paragraph at lines 65--66

 []

[21]
Underfull \hbox (badness 10000) in paragraph at lines 71--76

 []


Underfull \hbox (badness 6978) in paragraph at lines 82--83
[] \OT1/cmr/m/n/12 De m^eme, pour l'ap-pren-tis-sage de leur mod^^Rele, Ryan Ki
-ros et al.
 []


Underfull \hbox (badness 10000) in paragraph at lines 82--83

 []


Overfull \hbox (0.72438pt too wide) in alignment at lines 83--85
 [][][] []
 []

[22] <images/cnnlstm.png, id=126, 228.855pt x 204.765pt>
File: images/cnnlstm.png Graphic file (type png)

<use images/cnnlstm.png>
Package pdftex.def Info: images/cnnlstm.png used on input line 101.
(pdftex.def)             Requested size: 182.09486pt x 162.93423pt.

Underfull \hbox (badness 10000) in paragraph at lines 110--112

 []

[23 <./images/cnnlstm.png>]
Underfull \hbox (badness 10000) in paragraph at lines 113--117

 []

LaTeX Font Info:    Try loading font information for U+bbm on input line 119.
(/usr/share/texlive/texmf-dist/tex/latex/bbm-macros/ubbm.fd
File: ubbm.fd 1999/03/15 V 1.2 Font definition for bbm font - TH
))
(./Chapitre5/Chapitre5.tex [24]
Chapitre 3.
[25

]
Underfull \hbox (badness 10000) in paragraph at lines 35--36

 []


Underfull \hbox (badness 10000) in paragraph at lines 39--40

 []

<images/vcat.png, id=138, 642.4pt x 481.8pt>
File: images/vcat.png Graphic file (type png)
 <use images/vcat.png>
Package pdftex.def Info: images/vcat.png used on input line 45.
(pdftex.def)             Requested size: 182.09486pt x 136.5719pt.
 [26 <./images/vcat.png>]

LaTeX Warning: Command \textellipsis invalid in math mode on input line 69.

<images/multilabel.png, id=144, 902.37125pt x 605.26125pt>
File: images/multilabel.png Graphic file (type png)

<use images/multilabel.png>
Package pdftex.def Info: images/multilabel.png used on input line 75.
(pdftex.def)             Requested size: 136.57462pt x 91.60722pt.

Underfull \hbox (badness 10000) in paragraph at lines 80--81

 []

[27 <./images/multilabel.png>]
Underfull \hbox (badness 10000) in paragraph at lines 84--89

 []


Underfull \hbox (badness 4001) in paragraph at lines 93--93
[]\OT1/cmr/bx/n/14.4 G^^Sen^^Seration de des-crip-tions uti-li-sant le vec-teur
 de
 []

<images/mrnn.png, id=148, 418.56375pt x 221.82875pt>
File: images/mrnn.png Graphic file (type png)
 <use images/mrnn.png>
Package pdftex.def Info: images/mrnn.png used on input line 100.
(pdftex.def)             Requested size: 273.14923pt x 144.76237pt.

[28 <./images/mrnn.png>]
Underfull \hbox (badness 10000) in paragraph at lines 116--123

 []


Underfull \hbox (badness 10000) in paragraph at lines 126--127

 []


Underfull \hbox (badness 10000) in paragraph at lines 138--139

 []

[29]
Underfull \hbox (badness 10000) in paragraph at lines 159--162
[]\OT1/cmr/m/n/12 Pour la par-tie clas-si-fi-ca-tion, nous avons uti-lis^^Se l'
en-vi-ron-ne-ment
 []


Underfull \hbox (badness 1755) in paragraph at lines 159--162
\OT1/cmr/m/n/12 "caffe"[[]]. La clas-si-fi-ca-tion multi-labels est ef-fectu^^S
ee par r^^Seglage fin
 []


Underfull \hbox (badness 1189) in paragraph at lines 163--165
[]\OT1/cmr/m/n/12 Pour la g^^Sen^^Seration de des-crip-tions, notre impl^^Semen
tation s'est bas^^See sur une
 []


Underfull \hbox (badness 1688) in paragraph at lines 169--170
[]\OT1/cmr/m/n/12 Le se-cond mod^^Rele "modele-init" est un mod^^Rele ins-pir^^
Se par show and tell
 []


Underfull \hbox (badness 1199) in paragraph at lines 169--170
\OT1/cmr/m/n/12 [[]] et deep vi-sual alig-ment [[]] qui
 []

[30] [31]
Chapitre 4.
<images/mscococaptioning.png, id=164, 649.42625pt x 573.14125pt>
File: images/mscococaptioning.png Graphic file (type png)

<use images/mscococaptioning.png>
Package pdftex.def Info: images/mscococaptioning.png used on input line 212.
(pdftex.def)             Requested size: 318.66948pt x 281.24396pt.


LaTeX Warning: `h' float specifier changed to `ht'.

[32

] [33 <./images/mscococaptioning.png>] [34] [35]
Underfull \hbox (badness 10000) in paragraph at lines 345--354

 []

) (./Chapitre6/Chapitre6.tex
Underfull \hbox (badness 10000) in paragraph at lines 24--27

 []

<images/resclassificationloss.png, id=177, 481.8pt x 361.35pt>
File: images/resclassificationloss.png Graphic file (type png)

<use images/resclassificationloss.png>
Package pdftex.def Info: images/resclassificationloss.png used on input line 34
.
(pdftex.def)             Requested size: 227.62206pt x 170.71672pt.

<images/resclassific.png, id=178, 1097.0586pt x 644.6484pt>
File: images/resclassific.png Graphic file (type png)

<use images/resclassific.png>
Package pdftex.def Info: images/resclassific.png used on input line 38.
(pdftex.def)             Requested size: 273.14923pt x 160.50266pt.

Overfull \hbox (61.19368pt too wide) in paragraph at lines 34--39
 [][] 
 []

<images/resclassificationparf.png, id=179, 643.40375pt x 691.58376pt>
File: images/resclassificationparf.png Graphic file (type png)

<use images/resclassificationparf.png>
Package pdftex.def Info: images/resclassificationparf.png used on input line 52
.
(pdftex.def)             Requested size: 182.09569pt x 182.08691pt.

<images/resclassificationpart.png, id=180, 542.025pt x 736.7525pt>
File: images/resclassificationpart.png Graphic file (type png)

<use images/resclassificationpart.png>
Package pdftex.def Info: images/resclassificationpart.png used on input line 56
.
(pdftex.def)             Requested size: 182.09435pt x 182.08543pt.

<images/resclassificationzero.png, id=181, 716.6775pt x 447.6725pt>
File: images/resclassificationzero.png Graphic file (type png)

<use images/resclassificationzero.png>
Package pdftex.def Info: images/resclassificationzero.png used on input line 61
.
(pdftex.def)             Requested size: 182.09486pt x 113.7417pt.

<images/point.png, id=182, 51.19125pt x 17.06375pt>
File: images/point.png Graphic file (type png)
 <use images/point.png>
Package pdftex.def Info: images/point.png used on input line 74.
(pdftex.def)             Requested size: 20.47612pt x 6.82536pt.

<images/pointV.png, id=183, 50.1875pt x 20.075pt>
File: images/pointV.png Graphic file (type png)
 <use images/pointV.png>
Package pdftex.def Info: images/pointV.png used on input line 74.
(pdftex.def)             Requested size: 20.07463pt x 8.02985pt.

<images/pointB.png, id=184, 47.17625pt x 20.075pt>
File: images/pointB.png Graphic file (type png)
 <use images/pointB.png>
Package pdftex.def Info: images/pointB.png used on input line 79.
(pdftex.def)             Requested size: 18.87015pt x 8.02985pt.

[36 <./images/point.png> <./images/pointV.png>]
<images/pointJ.png, id=190, 56.21pt x 22.0825pt>
File: images/pointJ.png Graphic file (type png)
 <use images/pointJ.png>
Package pdftex.def Info: images/pointJ.png used on input line 81.
(pdftex.def)             Requested size: 22.4836pt x 8.83282pt.

[37 <./images/resclassificationloss.png> <./images/resclassific.png> <./images/
resclassificationparf.png> <./images/resclassificationpart.png> <./images/rescl
assificationzero.png> <./images/pointB.png>]
<images/resultcomparecorr.png, id=198, 1097.0586pt x 644.6484pt>
File: images/resultcomparecorr.png Graphic file (type png)

<use images/resultcomparecorr.png>
Package pdftex.def Info: images/resultcomparecorr.png used on input line 86.
(pdftex.def)             Requested size: 432.48051pt x 254.13658pt.

<images/226128.jpg, id=199, 501.875pt x 376.40625pt>
File: images/226128.jpg Graphic file (type jpg)
 <use images/226128.jpg>
Package pdftex.def Info: images/226128.jpg used on input line 129.
(pdftex.def)             Requested size: 91.04579pt x 113.81297pt.

<images/410670.jpg, id=200, 501.875pt x 401.5pt>
File: images/410670.jpg Graphic file (type jpg)
 <use images/410670.jpg>
Package pdftex.def Info: images/410670.jpg used on input line 129.
(pdftex.def)             Requested size: 91.04579pt x 113.80992pt.

<images/203661.jpg, id=201, 501.875pt x 376.40625pt>
File: images/203661.jpg Graphic file (type jpg)
 <use images/203661.jpg>
Package pdftex.def Info: images/203661.jpg used on input line 129.
(pdftex.def)             Requested size: 91.04579pt x 113.81297pt.

<images/156100.jpg, id=202, 501.875pt x 376.40625pt>
File: images/156100.jpg Graphic file (type jpg)
 <use images/156100.jpg>
Package pdftex.def Info: images/156100.jpg used on input line 129.
(pdftex.def)             Requested size: 91.04579pt x 113.81297pt.

<images/219589.jpg, id=203, 501.875pt x 376.40625pt>
File: images/219589.jpg Graphic file (type jpg)
 <use images/219589.jpg>
Package pdftex.def Info: images/219589.jpg used on input line 129.
(pdftex.def)             Requested size: 91.04579pt x 95.60037pt.

<images/500492.jpg, id=204, 376.40625pt x 501.875pt>
File: images/500492.jpg Graphic file (type jpg)
 <use images/500492.jpg>
Package pdftex.def Info: images/500492.jpg used on input line 129.
(pdftex.def)             Requested size: 91.04579pt x 95.6023pt.

<images/256657.jpg, id=205, 501.875pt x 335.2525pt>
File: images/256657.jpg Graphic file (type jpg)
 <use images/256657.jpg>
Package pdftex.def Info: images/256657.jpg used on input line 129.
(pdftex.def)             Requested size: 91.04579pt x 95.60422pt.

<images/51610.jpg, id=206, 501.875pt x 334.24875pt>
File: images/51610.jpg Graphic file (type jpg)
 <use images/51610.jpg>
Package pdftex.def Info: images/51610.jpg used on input line 129.
(pdftex.def)             Requested size: 91.04579pt x 95.60359pt.
)
(./Chapitre2/Chapitre2.tex [38 <./images/pointJ.png> <./images/resultcomparecor
r.png>] [39 <./images/226128.jpg> <./images/410670.jpg> <./images/203661.jpg> <
./images/156100.jpg> <./images/219589.jpg> <./images/500492.jpg> <./images/2566
57.jpg> <./images/51610.jpg>]
Chapitre 5.
[40

]
Chapitre 6.
) [41

] [42

] (./Chapitre1/Chapitre1.tex
<images/rna.png, id=225, 599.23875pt x 325.215pt>
File: images/rna.png Graphic file (type png)
 <use images/rna.png>
Package pdftex.def Info: images/rna.png used on input line 33.
(pdftex.def)             Requested size: 318.66948pt x 172.94868pt.
 [43

 <./images/rna.png>]
Underfull \hbox (badness 10000) in paragraph at lines 49--56

 []


Underfull \hbox (badness 10000) in paragraph at lines 56--57

 []


Underfull \hbox (badness 10000) in paragraph at lines 67--71

 []

[44]
Underfull \hbox (badness 10000) in paragraph at lines 80--83

 []


Underfull \hbox (badness 10000) in paragraph at lines 101--102

 []


Underfull \hbox (badness 10000) in paragraph at lines 132--133

 []

[45] [46]
Underfull \hbox (badness 10000) in paragraph at lines 146--147

 []

) (./Bibliographie/Bibliographie.tex (./nyhoavy.bbl [47] [48] [49

] [50]
Underfull \hbox (badness 2042) in paragraph at lines 159--162
\OT1/cmr/m/n/12 ding long-short term me-mory for image cap-tion ge-ne-ra-tion. 
 \OT1/cmr/m/it/12 arXiv pre-print
 []


Underfull \hbox (badness 1127) in paragraph at lines 175--179
\OT1/cmr/m/n/12 Fully convo-lu-tio-nal lo-ca-li-za-tion net-works for dense cap
-tio-ning.  \OT1/cmr/m/it/12 arXiv pre-print
 []

[51]
Underfull \hbox (badness 2564) in paragraph at lines 256--259
\OT1/cmr/m/n/12 Ex-plain images with mul-ti-mo-dal re-cur-rent neu-ral net-work
s.  \OT1/cmr/m/it/12 arXiv pre-print
 []

[52] [53]
Underfull \hbox (badness 2828) in paragraph at lines 372--375
[]\OT1/cmr/m/n/12 Simonyan, K. and Zis-ser-man, A. (2014).  Very
 []


Underfull \hbox (badness 1354) in paragraph at lines 372--375
\OT1/cmr/m/n/12 deep convo-lu-tio-nal net-works for large-scale image re-cog-ni
-tion.  \OT1/cmr/m/it/12 arXiv pre-print
 []

[54])) (./Resume/Resume.tex [55]) [56] (./nyhoavy.aux) ) 
Here is how much of TeX's memory you used:
 13875 strings out of 493304
 241669 string characters out of 6139872
 397406 words of memory out of 5000000
 16906 multiletter control sequences out of 15000+600000
 14915 words of font info for 59 fonts, out of 8000000 for 9000
 957 hyphenation exceptions out of 8191
 49i,16n,53p,1345b,441s stack positions out of 5000i,500n,10000p,200000b,80000s
 </home/misa/.texmf-var
/fonts/pk/ljfour/public/bbm/bbm12.600pk></usr/share/texlive/texmf-dist/fonts/ty
pe1/public/amsfonts/cm/cmbx12.pfb></usr/share/texlive/texmf-dist/fonts/type1/pu
blic/amsfonts/cm/cmbx6.pfb></usr/share/texlive/texmf-dist/fonts/type1/public/am
sfonts/cm/cmbxti10.pfb></usr/share/texlive/texmf-dist/fonts/type1/public/amsfon
ts/cm/cmcsc10.pfb></usr/share/texlive/texmf-dist/fonts/type1/public/amsfonts/cm
/cmex10.pfb></usr/share/texlive/texmf-dist/fonts/type1/public/amsfonts/cm/cmmi1
0.pfb></usr/share/texlive/texmf-dist/fonts/type1/public/amsfonts/cm/cmmi12.pfb>
</usr/share/texlive/texmf-dist/fonts/type1/public/amsfonts/cm/cmmi6.pfb></usr/s
hare/texlive/texmf-dist/fonts/type1/public/amsfonts/cm/cmmi8.pfb></usr/share/te
xlive/texmf-dist/fonts/type1/public/amsfonts/cm/cmr10.pfb></usr/share/texlive/t
exmf-dist/fonts/type1/public/amsfonts/cm/cmr12.pfb></usr/share/texlive/texmf-di
st/fonts/type1/public/amsfonts/cm/cmr6.pfb></usr/share/texlive/texmf-dist/fonts
/type1/public/amsfonts/cm/cmr8.pfb></usr/share/texlive/texmf-dist/fonts/type1/p
ublic/amsfonts/cm/cmsl12.pfb></usr/share/texlive/texmf-dist/fonts/type1/public/
amsfonts/cm/cmsy10.pfb></usr/share/texlive/texmf-dist/fonts/type1/public/amsfon
ts/cm/cmsy6.pfb></usr/share/texlive/texmf-dist/fonts/type1/public/amsfonts/cm/c
msy8.pfb></usr/share/texlive/texmf-dist/fonts/type1/public/amsfonts/cm/cmti10.p
fb></usr/share/texlive/texmf-dist/fonts/type1/public/amsfonts/cm/cmti12.pfb></u
sr/share/texlive/texmf-dist/fonts/type1/public/amsfonts/symbols/msbm10.pfb>
Output written on nyhoavy.pdf (62 pages, 5916119 bytes).
PDF statistics:
 343 PDF objects out of 1000 (max. 8388607)
 207 compressed objects within 3 object streams
 0 named destinations out of 1000 (max. 500000)
 203 words of extra memory for PDF output out of 10000 (max. 10000000)

