\BOOKMARK [-1][-]{part.1}{I A Survey of Procedural Methods for Terrain Modelling \(2009\) de Ruben M. Smelik et al.}{}% 1
\BOOKMARK [0][-]{chapter.1}{Survey}{part.1}% 2
\BOOKMARK [1][-]{section.1.1}{Abstract}{chapter.1}% 3
\BOOKMARK [1][-]{section.1.2}{Introduction}{chapter.1}% 4
\BOOKMARK [1][-]{section.1.3}{Height-maps}{chapter.1}% 5
\BOOKMARK [1][-]{section.1.4}{Rivi\350res, Oc\351ans et Lacs}{chapter.1}% 6
\BOOKMARK [1][-]{section.1.5}{Les mod\350les de plantes et la distribution de la v\351g\351tation}{chapter.1}% 7
\BOOKMARK [1][-]{section.1.6}{Les r\351seaux routiers}{chapter.1}% 8
\BOOKMARK [1][-]{section.1.7}{Les environnements urbains}{chapter.1}% 9
\BOOKMARK [1][-]{section.1.8}{Conclusions}{chapter.1}% 10
\BOOKMARK [-1][-]{part.2}{II G\351n\351ration automatique d\220environnements virtuels urbains \(2016\) de Tiavina NIVOLALA}{}% 11
\BOOKMARK [0][-]{chapter.2}{Etat de l'art}{part.2}% 12
\BOOKMARK [1][-]{section.2.1}{Introduction}{chapter.2}% 13
\BOOKMARK [1][-]{section.2.2}{Repr\351sentation des b\342timents et des villes}{chapter.2}% 14
\BOOKMARK [2][-]{subsection.2.2.1}{IFC}{section.2.2}% 15
\BOOKMARK [2][-]{subsection.2.2.2}{CityGML}{section.2.2}% 16
\BOOKMARK [1][-]{section.2.3}{R\351sultats}{chapter.2}% 17
\BOOKMARK [2][-]{subsection.2.3.1}{Introduction}{section.2.3}% 18
\BOOKMARK [2][-]{subsection.2.3.2}{Outil et langage}{section.2.3}% 19
\BOOKMARK [2][-]{subsection.2.3.3}{Pr\351sentation de l'interface du syst\350me}{section.2.3}% 20
\BOOKMARK [2][-]{subsection.2.3.4}{Conclusion}{section.2.3}% 21
\BOOKMARK [1][-]{section.2.4}{Conclusion et perspectives}{chapter.2}% 22
\BOOKMARK [-1][-]{part.3}{III Level detail for 3D Graphics - Terrain Level of detail \(2003\) de David Luebke et al. - page 211 - 253}{}% 23
\BOOKMARK [0][-]{section.2.5}{Introduction}{part.3}% 24
\BOOKMARK [1][-]{section.2.6}{Multiresolution techniques for terrain}{section.2.5}% 25
\BOOKMARK [2][-]{subsection.2.6.1}{Top down and bottom up}{section.2.6}% 26
\BOOKMARK [2][-]{subsection.2.6.2}{Regular Grids and TINs}{section.2.6}% 27
\BOOKMARK [2][-]{subsection.2.6.3}{Quatrees and Bintrees}{section.2.6}% 28
\BOOKMARK [-1][-]{part.4}{IV Julien Pettre and Ming Lin. 2014. New generation crowd simulation algorithms. ACM SIGGRAPH 2014 Courses}{}% 29
\BOOKMARK [0][-]{section.2.7}{Introduction}{part.4}% 30
\BOOKMARK [1][-]{section.2.8}{L'algorithme de simulation bas\351 sur la v\351locit\351}{section.2.7}% 31
\BOOKMARK [2][-]{subsection.2.8.1}{Etat de l'art}{section.2.8}% 32
\BOOKMARK [2][-]{subsection.2.8.2}{Experimental validation of velocity based models}{section.2.8}% 33
\BOOKMARK [2][-]{subsection.2.8.3}{3 examples de mod\350les bas\351es sur la v\351locit\351}{section.2.8}% 34
\BOOKMARK [2][-]{subsection.2.8.4}{Discussion}{section.2.8}% 35
\BOOKMARK [1][-]{section.2.9}{Interactive modeling, simulation and control of large-scale crowds and traffic}{section.2.7}% 36
\BOOKMARK [1][-]{section.2.10}{Applications}{section.2.7}% 37
\BOOKMARK [2][-]{subsection.2.10.1}{L'industrie du cin\351ma et le design architectural \(Golaem}{section.2.10}% 38
\BOOKMARK [2][-]{subsection.2.10.2}{L'industrie du divertissement \(Unity Technologies\): La Velocity Based Obstacle Avoidance dans le jeu}{section.2.10}% 39
\BOOKMARK [1][-]{section.2.11}{Annexes}{section.2.7}% 40
\BOOKMARK [2][-]{subsection.2.11.1}{Pedestrian Reactive Navigation for Crowd Simulation: a Predictive Approach \(2007\) of S. Paris, J. Pettr\351 and S.Donikian}{section.2.11}% 41
\BOOKMARK [2][-]{subsection.2.11.2}{Interactive modeling, simulation and control of large-scale crowds and traffic}{section.2.11}% 42
\BOOKMARK [-1][-]{part.5}{V A Fractal Model of Mountains with Rivers \(1993\) by Prusinkiewicz and Hammel}{}% 43
\BOOKMARK [-1][-]{part.6}{VI Procedural Content Generation for Games, a survey \(2013\) by Hendrikx}{}% 44
\BOOKMARK [0][-]{section.2.12}{Taxonomy des m\351thodes pour la g\351n\351ration proc\351durale de contenu}{part.6}% 45
\BOOKMARK [1][-]{subsection.2.12.1}{Pseudo-Random Number Generators \(PRNG\)}{section.2.12}% 46
\BOOKMARK [2][-]{subsection.2.12.2}{Generative Grammars \(GG\)}{subsection.2.12.1}% 47
\BOOKMARK [2][-]{subsection.2.12.3}{Image Filtering \(IF\)}{subsection.2.12.1}% 48
\BOOKMARK [2][-]{subsection.2.12.4}{Spatial Algorithms \(SA\)}{subsection.2.12.1}% 49
\BOOKMARK [2][-]{subsection.2.12.5}{Modeling and Simulation of Complex Systems}{subsection.2.12.1}% 50
\BOOKMARK [2][-]{subsection.2.12.6}{Artificial Intelligence \(AI\)}{subsection.2.12.1}% 51
\BOOKMARK [-1][-]{part.7}{VII Comptabilit\351 du capital naturel \351cosyst\351mique : Trousse de d\351marrage rapide \(2014\) de Jean-Louis Weber}{}% 52
\BOOKMARK [-1][-]{part.8}{VIII A dipole field object delivery by pushing on a flat surface \(\) of Takeo Igarashi et al.}{}% 53
\BOOKMARK [-1][-]{part.9}{IX Obstacle avoidance using velocity dipole field method \(2005\) of Munasinghe et al., ICCAS}{}% 54
\BOOKMARK [-1][-]{part.10}{X Modeling Landscapes with Ridges and Rivers: bottom up approach \(2005\) of Far\350s Belhadj and Pierre Audibert}{}% 55
