This is pdfTeX, Version 3.1415926-2.5-1.40.14 (TeX Live 2013/Debian) (format=pdflatex 2016.6.8)  3 JAN 2017 09:33
entering extended mode
 restricted \write18 enabled.
 %&-line parsing enabled.
**pageDeGarde.tex
(./pageDeGarde.tex
LaTeX2e <2011/06/27>
Babel <3.9h> and hyphenation patterns for 78 languages loaded.
! Undefined control sequence.
l.2 \newgeometry
                {top=1cm, bottom=1cm, left=2.5cm, right=1cm}
The control sequence at the end of the top line
of your error message was never \def'ed. If you have
misspelled it (e.g., `\hobx'), type `I' and the correct
spelling (e.g., `I\hbox'). Otherwise just continue,
and I'll forget about whatever was undefined.


! LaTeX Error: Missing \begin{document}.

See the LaTeX manual or LaTeX Companion for explanation.
Type  H <return>  for immediate help.
 ...                                              
                                                  
l.2 \newgeometry{t
                  op=1cm, bottom=1cm, left=2.5cm, right=1cm}
You're in trouble here.  Try typing  <return>  to proceed.
If that doesn't work, type  X <return>  to quit.

Missing character: There is no t in font nullfont!
Missing character: There is no o in font nullfont!
Missing character: There is no p in font nullfont!
Missing character: There is no = in font nullfont!
Missing character: There is no 1 in font nullfont!
Missing character: There is no c in font nullfont!
Missing character: There is no m in font nullfont!
Missing character: There is no , in font nullfont!
Missing character: There is no b in font nullfont!
Missing character: There is no o in font nullfont!
Missing character: There is no t in font nullfont!
Missing character: There is no t in font nullfont!
Missing character: There is no o in font nullfont!
Missing character: There is no m in font nullfont!
Missing character: There is no = in font nullfont!
Missing character: There is no 1 in font nullfont!
Missing character: There is no c in font nullfont!
Missing character: There is no m in font nullfont!
Missing character: There is no , in font nullfont!
Missing character: There is no l in font nullfont!
Missing character: There is no e in font nullfont!
Missing character: There is no f in font nullfont!
Missing character: There is no t in font nullfont!
Missing character: There is no = in font nullfont!
Missing character: There is no 2 in font nullfont!
Missing character: There is no . in font nullfont!
Missing character: There is no 5 in font nullfont!
Missing character: There is no c in font nullfont!
Missing character: There is no m in font nullfont!
Missing character: There is no , in font nullfont!
Missing character: There is no r in font nullfont!
Missing character: There is no i in font nullfont!
Missing character: There is no g in font nullfont!
Missing character: There is no h in font nullfont!
Missing character: There is no t in font nullfont!
Missing character: There is no = in font nullfont!
Missing character: There is no 1 in font nullfont!
Missing character: There is no c in font nullfont!
Missing character: There is no m in font nullfont!

! LaTeX Error: Environment titlepage undefined.

See the LaTeX manual or LaTeX Companion for explanation.
Type  H <return>  for immediate help.
 ...                                              
                                                  
l.3 \begin{titlepage}
                     
Your command was ignored.
Type  I <command> <return>  to replace it with another command,
or  <return>  to continue without it.


Overfull \hbox (20.0pt too wide) in paragraph at lines 2--4
[]
 []

! Undefined control sequence.
l.5   \includegraphics
                      [width=0.1\textwidth]{logo_univ_tana}
The control sequence at the end of the top line
of your error message was never \def'ed. If you have
misspelled it (e.g., `\hobx'), type `I' and the correct
spelling (e.g., `I\hbox'). Otherwise just continue,
and I'll forget about whatever was undefined.

Missing character: There is no [ in font nullfont!
Missing character: There is no w in font nullfont!
Missing character: There is no i in font nullfont!
Missing character: There is no d in font nullfont!
Missing character: There is no t in font nullfont!
Missing character: There is no h in font nullfont!
Missing character: There is no = in font nullfont!
Missing character: There is no 0 in font nullfont!
Missing character: There is no . in font nullfont!
Missing character: There is no 1 in font nullfont!
! Missing number, treated as zero.
<to be read again> 
                   ]
l.5   \includegraphics[width=0.1\textwidth]
                                           {logo_univ_tana}
A number should have been here; I inserted `0'.
(If you can't figure out why I needed to see a number,
look up `weird error' in the index to The TeXbook.)

! Illegal unit of measure (pt inserted).
<to be read again> 
                   ]
l.5   \includegraphics[width=0.1\textwidth]
                                           {logo_univ_tana}
Dimensions can be in units of em, ex, in, pt, pc,
cm, mm, dd, cc, nd, nc, bp, or sp; but yours is a new one!
I'll assume that you meant to say pt, for printer's points.
To recover gracefully from this error, it's best to
delete the erroneous units; e.g., type `2' to delete
two letters. (See Chapter 27 of The TeXbook.)

Missing character: There is no ] in font nullfont!
Missing character: There is no l in font nullfont!
Missing character: There is no o in font nullfont!
Missing character: There is no g in font nullfont!
Missing character: There is no o in font nullfont!
! Missing $ inserted.
<inserted text> 
                $
l.5   \includegraphics[width=0.1\textwidth]{logo_
                                                 univ_tana}
I've inserted a begin-math/end-math symbol since I think
you left one out. Proceed, with fingers crossed.

LaTeX Font Info:    External font `cmex10' loaded for size
(Font)              <7> on input line 5.
LaTeX Font Info:    External font `cmex10' loaded for size
(Font)              <5> on input line 5.
! Extra }, or forgotten $.
l.5 ...aphics[width=0.1\textwidth]{logo_univ_tana}
                                                  
I've deleted a group-closing symbol because it seems to be
spurious, as in `$x}$'. But perhaps the } is legitimate and
you forgot something else, as in `\hbox{$x}'. In such cases
the way to recover is to insert both the forgotten and the
deleted material, e.g., by typing `I$}'.

! Undefined control sequence.
l.6   \hspace*{1cm}\includegraphics
                                   [width=0.07\textwidth]{fac}
The control sequence at the end of the top line
of your error message was never \def'ed. If you have
misspelled it (e.g., `\hobx'), type `I' and the correct
spelling (e.g., `I\hbox'). Otherwise just continue,
and I'll forget about whatever was undefined.

! Missing number, treated as zero.
<to be read again> 
                   ]
l.6 ...{1cm}\includegraphics[width=0.07\textwidth]
                                                  {fac}
A number should have been here; I inserted `0'.
(If you can't figure out why I needed to see a number,
look up `weird error' in the index to The TeXbook.)

! Illegal unit of measure (pt inserted).
<to be read again> 
                   ]
l.6 ...{1cm}\includegraphics[width=0.07\textwidth]
                                                  {fac}
Dimensions can be in units of em, ex, in, pt, pc,
cm, mm, dd, cc, nd, nc, bp, or sp; but yours is a new one!
I'll assume that you meant to say pt, for printer's points.
To recover gracefully from this error, it's best to
delete the erroneous units; e.g., type `2' to delete
two letters. (See Chapter 27 of The TeXbook.)

! Undefined control sequence.
l.7   \hspace*{1cm}\includegraphics
                                   [width=0.1\textwidth]{dmi}
The control sequence at the end of the top line
of your error message was never \def'ed. If you have
misspelled it (e.g., `\hobx'), type `I' and the correct
spelling (e.g., `I\hbox'). Otherwise just continue,
and I'll forget about whatever was undefined.

! Missing number, treated as zero.
<to be read again> 
                   ]
l.7 ...*{1cm}\includegraphics[width=0.1\textwidth]
                                                  {dmi}
A number should have been here; I inserted `0'.
(If you can't figure out why I needed to see a number,
look up `weird error' in the index to The TeXbook.)

! Illegal unit of measure (pt inserted).
<to be read again> 
                   ]
l.7 ...*{1cm}\includegraphics[width=0.1\textwidth]
                                                  {dmi}
Dimensions can be in units of em, ex, in, pt, pc,
cm, mm, dd, cc, nd, nc, bp, or sp; but yours is a new one!
I'll assume that you meant to say pt, for printer's points.
To recover gracefully from this error, it's best to
delete the erroneous units; e.g., type `2' to delete
two letters. (See Chapter 27 of The TeXbook.)

! Undefined control sequence.
l.8   \hspace*{1cm}\includegraphics
                                   [width=0.025\textwidth]{MISA_tsisy_soratra}
The control sequence at the end of the top line
of your error message was never \def'ed. If you have
misspelled it (e.g., `\hobx'), type `I' and the correct
spelling (e.g., `I\hbox'). Otherwise just continue,
and I'll forget about whatever was undefined.

! Missing number, treated as zero.
<to be read again> 
                   ]
l.8 ...1cm}\includegraphics[width=0.025\textwidth]
                                                  {MISA_tsisy_soratra}
A number should have been here; I inserted `0'.
(If you can't figure out why I needed to see a number,
look up `weird error' in the index to The TeXbook.)

! Illegal unit of measure (pt inserted).
<to be read again> 
                   ]
l.8 ...1cm}\includegraphics[width=0.025\textwidth]
                                                  {MISA_tsisy_soratra}
Dimensions can be in units of em, ex, in, pt, pc,
cm, mm, dd, cc, nd, nc, bp, or sp; but yours is a new one!
I'll assume that you meant to say pt, for printer's points.
To recover gracefully from this error, it's best to
delete the erroneous units; e.g., type `2' to delete
two letters. (See Chapter 27 of The TeXbook.)

! Undefined control sequence.
l.9   \hspace*{1cm}\includegraphics
                                   [width=0.15\textwidth]{logoIRIT}
The control sequence at the end of the top line
of your error message was never \def'ed. If you have
misspelled it (e.g., `\hobx'), type `I' and the correct
spelling (e.g., `I\hbox'). Otherwise just continue,
and I'll forget about whatever was undefined.

! Missing number, treated as zero.
<to be read again> 
                   ]
l.9 ...{1cm}\includegraphics[width=0.15\textwidth]
                                                  {logoIRIT}
A number should have been here; I inserted `0'.
(If you can't figure out why I needed to see a number,
look up `weird error' in the index to The TeXbook.)

! Illegal unit of measure (pt inserted).
<to be read again> 
                   ]
l.9 ...{1cm}\includegraphics[width=0.15\textwidth]
                                                  {logoIRIT}
Dimensions can be in units of em, ex, in, pt, pc,
cm, mm, dd, cc, nd, nc, bp, or sp; but yours is a new one!
I'll assume that you meant to say pt, for printer's points.
To recover gracefully from this error, it's best to
delete the erroneous units; e.g., type `2' to delete
two letters. (See Chapter 27 of The TeXbook.)

! Undefined control sequence.
l.10   \hspace*{1cm}\includegraphics
                                    [width=0.20\textwidth]{Logo_UT3}
The control sequence at the end of the top line
of your error message was never \def'ed. If you have
misspelled it (e.g., `\hobx'), type `I' and the correct
spelling (e.g., `I\hbox'). Otherwise just continue,
and I'll forget about whatever was undefined.

! Missing number, treated as zero.
<to be read again> 
                   ]
l.10 ...1cm}\includegraphics[width=0.20\textwidth]
                                                  {Logo_UT3}
A number should have been here; I inserted `0'.
(If you can't figure out why I needed to see a number,
look up `weird error' in the index to The TeXbook.)

! Illegal unit of measure (pt inserted).
<to be read again> 
                   ]
l.10 ...1cm}\includegraphics[width=0.20\textwidth]
                                                  {Logo_UT3}
Dimensions can be in units of em, ex, in, pt, pc,
cm, mm, dd, cc, nd, nc, bp, or sp; but yours is a new one!
I'll assume that you meant to say pt, for printer's points.
To recover gracefully from this error, it's best to
delete the erroneous units; e.g., type `2' to delete
two letters. (See Chapter 27 of The TeXbook.)


! LaTeX Error: There's no line here to end.

See the LaTeX manual or LaTeX Companion for explanation.
Type  H <return>  for immediate help.
 ...                                              
                                                  
l.11   \vspace{1cm}\\
                     
Your command was ignored.
Type  I <command> <return>  to replace it with another command,
or  <return>  to continue without it.

! Missing $ inserted.
<inserted text> 
                $
l.11   \vspace{1cm}\\
                     
I've inserted a begin-math/end-math symbol since I think
you left one out. Proceed, with fingers crossed.

! Missing } inserted.
<inserted text> 
                }
l.11   \vspace{1cm}\\
                     
I've inserted something that you may have forgotten.
(See the <inserted text> above.)
With luck, this will get me unwedged. But if you
really didn't forget anything, try typing `2' now; then
my insertion and my current dilemma will both disappear.


Overfull \hbox (106.85472pt too wide) in paragraph at lines 5--11
 []\OML/cmm/m/it/10 niv[]ana| \OT1/cmr/m/n/10 [\OML/cmm/m/it/10 width \OT1/cmr/
m/n/10 = 
 []


Overfull \hbox (103.37831pt too wide) in paragraph at lines 5--11
 \OT1/cmr/m/n/10 0\OML/cmm/m/it/10 :\OT1/cmr/m/n/10 07][]| [\OML/cmm/m/it/10 wi
dth \OT1/cmr/m/n/10 = 
 []


Overfull \hbox (100.22272pt too wide) in paragraph at lines 5--11
 \OT1/cmr/m/n/10 0\OML/cmm/m/it/10 :\OT1/cmr/m/n/10 1][]| [\OML/cmm/m/it/10 wid
th \OT1/cmr/m/n/10 = 
 []


Overfull \hbox (177.10011pt too wide) in paragraph at lines 5--11
 \OT1/cmr/m/n/10 0\OML/cmm/m/it/10 :\OT1/cmr/m/n/10 025][]| [\OML/cmm/m/it/10 w
idth \OT1/cmr/m/n/10 = 
 []


Overfull \hbox (131.05998pt too wide) in paragraph at lines 5--11
 \OT1/cmr/m/n/10 0\OML/cmm/m/it/10 :\OT1/cmr/m/n/10 15][]| [\OML/cmm/m/it/10 wi
dth \OT1/cmr/m/n/10 = 
 []


Overfull \hbox (61.11497pt too wide) in paragraph at lines 5--11
 \OT1/cmr/m/n/10 0\OML/cmm/m/it/10 :\OT1/cmr/m/n/10 20][][]$ 
 []

Missing character: There is no Ã in font cmbx10!
Missing character: There is no © in font cmbx10!

Overfull \hbox (46.39003pt too wide) in paragraph at lines 70--70
 \OT1/cmr/bx/n/10 Universit 
 []


Overfull \hbox (108.40219pt too wide) in paragraph at lines 70--70
 \OT1/cmr/bx/n/10 d'ANTANANARIVO 
 []


Overfull \hbox (44.59697pt too wide) in paragraph at lines 71--71
 []\OT1/cmr/bx/n/10 Domaine 
 []


Overfull \hbox (18.52768pt too wide) in paragraph at lines 71--71
 \OT1/cmr/bx/n/10 Sci- 
 []


Overfull \hbox (26.57764pt too wide) in paragraph at lines 71--71
 \OT1/cmr/bx/n/10 ences 
 []


Overfull \hbox (9.74301pt too wide) in paragraph at lines 71--71
 \OT1/cmr/bx/n/10 et 
 []


Overfull \hbox (27.32625pt too wide) in paragraph at lines 71--71
 \OT1/cmr/bx/n/10 Tech- 
 []


Overfull \hbox (24.91653pt too wide) in paragraph at lines 71--71
 \OT1/cmr/bx/n/10 nolo- 
 []


Overfull \hbox (18.75128pt too wide) in paragraph at lines 71--71
 \OT1/cmr/bx/n/10 gies 
 []

Missing character: There is no Ã in font cmbx10!
Missing character: There is no © in font cmbx10!

Overfull \hbox (42.06229pt too wide) in paragraph at lines 72--72
 []\OT1/cmr/bx/n/10 Mention 
 []


Overfull \hbox (31.2012pt too wide) in paragraph at lines 72--72
 \OT1/cmr/bx/n/10 Math- 
 []


Overfull \hbox (19.00682pt too wide) in paragraph at lines 72--72
 \OT1/cmr/bx/n/10 ma- 
 []


Overfull \hbox (29.93178pt too wide) in paragraph at lines 72--72
 \OT1/cmr/bx/n/10 tiques 
 []


Overfull \hbox (9.74301pt too wide) in paragraph at lines 72--72
 \OT1/cmr/bx/n/10 et 
 []


Overfull \hbox (14.58325pt too wide) in paragraph at lines 72--72
 \OT1/cmr/bx/n/10 In- 
 []


Overfull \hbox (17.83325pt too wide) in paragraph at lines 72--72
 \OT1/cmr/bx/n/10 for- 
 []


Overfull \hbox (19.00682pt too wide) in paragraph at lines 72--72
 \OT1/cmr/bx/n/10 ma- 
 []


Overfull \hbox (25.3957pt too wide) in paragraph at lines 72--72
 \OT1/cmr/bx/n/10 tique 
 []

Missing character: There is no M in font nullfont!
Missing character: There is no Ã in font nullfont!
Missing character: There is no © in font nullfont!
Missing character: There is no m in font nullfont!
Missing character: There is no o in font nullfont!
Missing character: There is no i in font nullfont!
Missing character: There is no r in font nullfont!
Missing character: There is no e in font nullfont!
Missing character: There is no e in font nullfont!
Missing character: There is no n in font nullfont!
Missing character: There is no v in font nullfont!
Missing character: There is no u in font nullfont!
Missing character: There is no e in font nullfont!
Missing character: There is no d in font nullfont!
Missing character: There is no e in font nullfont!
Missing character: There is no l in font nullfont!
Missing character: There is no â in font nullfont!
Missing character: There is no € in font nullfont!
Missing character: There is no ™ in font nullfont!
Missing character: There is no o in font nullfont!
Missing character: There is no b in font nullfont!
Missing character: There is no t in font nullfont!
Missing character: There is no e in font nullfont!
Missing character: There is no n in font nullfont!
Missing character: There is no t in font nullfont!
Missing character: There is no i in font nullfont!
Missing character: There is no o in font nullfont!
Missing character: There is no n in font nullfont!
Missing character: There is no d in font nullfont!
Missing character: There is no u in font nullfont!
Missing character: There is no d in font nullfont!
Missing character: There is no i in font nullfont!
Missing character: There is no p in font nullfont!
Missing character: There is no l in font nullfont!
Missing character: There is no Ã in font nullfont!
Missing character: There is no ´ in font nullfont!
Missing character: There is no m in font nullfont!
Missing character: There is no e in font nullfont!
Missing character: There is no d in font nullfont!
Missing character: There is no e in font nullfont!
Missing character: There is no M in font nullfont!
Missing character: There is no a in font nullfont!
Missing character: There is no s in font nullfont!
Missing character: There is no t in font nullfont!
Missing character: There is no e in font nullfont!
Missing character: There is no r in font nullfont!
Missing character: There is no 2 in font nullfont!
Missing character: There is no e in font nullfont!
Missing character: There is no n in font nullfont!
Missing character: There is no M in font nullfont!
Missing character: There is no a in font nullfont!
Missing character: There is no t in font nullfont!
Missing character: There is no h in font nullfont!
Missing character: There is no Ã in font nullfont!
Missing character: There is no © in font nullfont!
Missing character: There is no m in font nullfont!
Missing character: There is no a in font nullfont!
Missing character: There is no t in font nullfont!
Missing character: There is no i in font nullfont!
Missing character: There is no q in font nullfont!
Missing character: There is no u in font nullfont!
Missing character: There is no e in font nullfont!
Missing character: There is no s in font nullfont!
Missing character: There is no I in font nullfont!
Missing character: There is no n in font nullfont!
Missing character: There is no f in font nullfont!
Missing character: There is no o in font nullfont!
Missing character: There is no r in font nullfont!
Missing character: There is no m in font nullfont!
Missing character: There is no a in font nullfont!
Missing character: There is no t in font nullfont!
Missing character: There is no i in font nullfont!
Missing character: There is no q in font nullfont!
Missing character: There is no u in font nullfont!
Missing character: There is no e in font nullfont!
Missing character: There is no e in font nullfont!
Missing character: There is no t in font nullfont!
Missing character: There is no S in font nullfont!
Missing character: There is no t in font nullfont!
Missing character: There is no a in font nullfont!
Missing character: There is no t in font nullfont!
Missing character: There is no i in font nullfont!
Missing character: There is no s in font nullfont!
Missing character: There is no t in font nullfont!
Missing character: There is no i in font nullfont!
Missing character: There is no q in font nullfont!
Missing character: There is no u in font nullfont!
Missing character: There is no e in font nullfont!
Missing character: There is no A in font nullfont!
Missing character: There is no p in font nullfont!
Missing character: There is no p in font nullfont!
Missing character: There is no l in font nullfont!
Missing character: There is no i in font nullfont!
Missing character: There is no q in font nullfont!
Missing character: There is no u in font nullfont!
Missing character: There is no Ã in font nullfont!
Missing character: There is no © in font nullfont!
Missing character: There is no e in font nullfont!
Missing character: There is no s in font nullfont!

! LaTeX Error: Environment Large undefined.

See the LaTeX manual or LaTeX Companion for explanation.
Type  H <return>  for immediate help.
 ...                                              
                                                  
l.80  \begin{Large}
                   
Your command was ignored.
Type  I <command> <return>  to replace it with another command,
or  <return>  to continue without it.


Overfull \hbox (57.08995pt too wide) in paragraph at lines 81--81
 []\OT1/cmr/bx/n/10 Annotation 
 []


Overfull \hbox (15.8124pt too wide) in paragraph at lines 81--81
 \OT1/cmr/bx/n/10 au- 
 []


Overfull \hbox (29.22899pt too wide) in paragraph at lines 81--81
 \OT1/cmr/bx/n/10 toma- 
 []


Overfull \hbox (25.3957pt too wide) in paragraph at lines 81--81
 \OT1/cmr/bx/n/10 tique 
 []


Overfull \hbox (43.50807pt too wide) in paragraph at lines 81--81
 \OT1/cmr/bx/n/10 d'images 
 []


Overfull \hbox (16.71518pt too wide) in paragraph at lines 81--81
 \OT1/cmr/bx/n/10 par 
 []


Overfull \hbox (15.8124pt too wide) in paragraph at lines 81--81
 \OT1/cmr/bx/n/10 ap- 
 []


Overfull \hbox (26.61794pt too wide) in paragraph at lines 81--81
 \OT1/cmr/bx/n/10 pren- 
 []


Overfull \hbox (16.03601pt too wide) in paragraph at lines 81--81
 \OT1/cmr/bx/n/10 tis- 
 []


Overfull \hbox (21.14708pt too wide) in paragraph at lines 81--81
 \OT1/cmr/bx/n/10 sage 
 []


Overfull \hbox (20.70824pt too wide) in paragraph at lines 81--81
 \OT1/cmr/bx/n/10 pro- 
 []


Overfull \hbox (25.23598pt too wide) in paragraph at lines 81--81
 \OT1/cmr/bx/n/10 fond: 
 []

Missing character: There is no Ã in font cmbx10!
Missing character: There is no © in font cmbx10!
Missing character: There is no Ã in font cmbx10!
Missing character: There is no © in font cmbx10!

Overfull \hbox (45.56224pt too wide) in paragraph at lines 81--81
 []\OT1/cmr/bx/n/10 Gnration 
 []


Overfull \hbox (15.8124pt too wide) in paragraph at lines 81--81
 \OT1/cmr/bx/n/10 au- 
 []


Overfull \hbox (29.22899pt too wide) in paragraph at lines 81--81
 \OT1/cmr/bx/n/10 toma- 
 []


Overfull \hbox (25.3957pt too wide) in paragraph at lines 81--81
 \OT1/cmr/bx/n/10 tique 
 []


Overfull \hbox (11.65967pt too wide) in paragraph at lines 81--81
 \OT1/cmr/bx/n/10 de 
 []


Overfull \hbox (15.49298pt too wide) in paragraph at lines 81--81
 \OT1/cmr/bx/n/10 de- 
 []


Overfull \hbox (27.79985pt too wide) in paragraph at lines 81--81
 \OT1/cmr/bx/n/10 scrip- 
 []


Overfull \hbox (24.34152pt too wide) in paragraph at lines 81--81
 \OT1/cmr/bx/n/10 tions 
 []


Overfull \hbox (27.6318pt too wide) in paragraph at lines 81--81
 \OT1/cmr/bx/n/10 d'une 
 []


Overfull \hbox (16.61102pt too wide) in paragraph at lines 81--81
 \OT1/cmr/bx/n/10 im- 
 []


Overfull \hbox (16.61101pt too wide) in paragraph at lines 81--81
 \OT1/cmr/bx/n/10 age 
 []


! LaTeX Error: \begin{center} on input line 68 ended by \end{Large}.

See the LaTeX manual or LaTeX Companion for explanation.
Type  H <return>  for immediate help.
 ...                                              
                                                  
l.82  \end{Large}
                 
Your command was ignored.
Type  I <command> <return>  to replace it with another command,
or  <return>  to continue without it.

Missing character: There is no Ã in font cmbx10!
Missing character: There is no © in font cmbx10!
Missing character: There is no Ã in font cmbx10!
Missing character: There is no © in font cmbx10!
Missing character: There is no Ã in font cmbx10!
Missing character: There is no © in font cmbx10!

Overfull \hbox (32.94566pt too wide) in paragraph at lines 84--84
 []\OT1/cmr/bx/n/10 Prsent 
 []


Overfull \hbox (8.46524pt too wide) in paragraph at lines 84--84
 \OT1/cmr/bx/n/10 le 
 []


Overfull \hbox (11.49994pt too wide) in paragraph at lines 84--84
 \OT1/cmr/bx/n/10 16 
 []


Overfull \hbox (32.61789pt too wide) in paragraph at lines 84--84
 \OT1/cmr/bx/n/10 Dcem- 
 []


Overfull \hbox (16.39577pt too wide) in paragraph at lines 84--84
 \OT1/cmr/bx/n/10 bre 
 []


Overfull \hbox (22.99988pt too wide) in paragraph at lines 84--84
 \OT1/cmr/bx/n/10 2016 
 []


Overfull \hbox (16.71518pt too wide) in paragraph at lines 84--84
 \OT1/cmr/bx/n/10 par 
 []


Overfull \hbox (3.19443pt too wide) in paragraph at lines 84--84
 \OT1/cmr/bx/n/10 : 
 []

Missing character: There is no N in font nullfont!
Missing character: There is no o in font nullfont!
Missing character: There is no m in font nullfont!
Missing character: There is no e in font nullfont!
Missing character: There is no n in font nullfont!
Missing character: There is no a in font nullfont!
Missing character: There is no F in font nullfont!
Missing character: There is no i in font nullfont!
Missing character: There is no t in font nullfont!
Missing character: There is no i in font nullfont!
Missing character: There is no a in font nullfont!
Missing character: There is no v in font nullfont!
Missing character: There is no a in font nullfont!
Missing character: There is no n in font nullfont!
Missing character: There is no a in font nullfont!
Missing character: There is no N in font nullfont!
Missing character: There is no Y in font nullfont!
Missing character: There is no H in font nullfont!
Missing character: There is no O in font nullfont!
Missing character: There is no A in font nullfont!
Missing character: There is no V in font nullfont!
Missing character: There is no Y in font nullfont!
Missing character: There is no Ã in font cmbx10!
Missing character: There is no © in font cmbx10!
Missing character: There is no : in font nullfont!

Overfull \hbox (35.65257pt too wide) in paragraph at lines 90--91
 []\OT1/cmr/bx/n/10 Devant 
 []


Overfull \hbox (8.46524pt too wide) in paragraph at lines 90--91
 \OT1/cmr/bx/n/10 le 
 []


Overfull \hbox (20.70824pt too wide) in paragraph at lines 90--91
 \OT1/cmr/bx/n/10 jury 
 []


Overfull \hbox (24.27765pt too wide) in paragraph at lines 90--91
 \OT1/cmr/bx/n/10 com- 
 []


Overfull \hbox (16.99434pt too wide) in paragraph at lines 90--91
 \OT1/cmr/bx/n/10 pos 
 []


Overfull \hbox (11.65967pt too wide) in paragraph at lines 90--91
 \OT1/cmr/bx/n/10 de 
 []

Missing character: There is no Ã in font cmbx10!
Missing character: There is no © in font cmbx10!
Missing character: There is no : in font nullfont!
Missing character: There is no R in font nullfont!
Missing character: There is no A in font nullfont!
Missing character: There is no B in font nullfont!
Missing character: There is no A in font nullfont!
Missing character: There is no R in font nullfont!
Missing character: There is no I in font nullfont!
Missing character: There is no S in font nullfont!
Missing character: There is no O in font nullfont!
Missing character: There is no N in font nullfont!
Missing character: There is no Ã in font cmr10!
Missing character: There is no © in font cmr10!
Missing character: There is no : in font nullfont!
Missing character: There is no R in font nullfont!
Missing character: There is no A in font nullfont!
Missing character: There is no N in font nullfont!
Missing character: There is no D in font nullfont!
Missing character: There is no R in font nullfont!
Missing character: There is no I in font nullfont!
Missing character: There is no A in font nullfont!
Missing character: There is no N in font nullfont!
Missing character: There is no A in font nullfont!
Missing character: There is no R in font nullfont!
Missing character: There is no I in font nullfont!
Missing character: There is no V in font nullfont!
Missing character: There is no O in font nullfont!
Missing character: There is no N in font nullfont!
Missing character: There is no Y in font nullfont!
Missing character: There is no Ã in font cmr10!
Missing character: There is no © in font cmr10!
Missing character: There is no : in font nullfont!
Missing character: There is no M in font nullfont!
Missing character: There is no O in font nullfont!
Missing character: There is no T in font nullfont!
Missing character: There is no H in font nullfont!
Missing character: There is no E in font nullfont!
Missing character: There is no Ã in font cmr10!
Missing character: There is no © in font cmr10!
Missing character: There is no : in font nullfont!
Missing character: There is no R in font nullfont!
Missing character: There is no O in font nullfont!
Missing character: There is no B in font nullfont!
Missing character: There is no I in font nullfont!
Missing character: There is no N in font nullfont!
Missing character: There is no S in font nullfont!
Missing character: There is no O in font nullfont!
Missing character: There is no N in font nullfont!
Missing character: There is no Ã in font cmr10!
Missing character: There is no © in font cmr10!

Overfull \hbox (252.72255pt too wide) in paragraph at lines 92--98
 [][] 
 []


! LaTeX Error: \begin{document} ended by \end{titlepage}.

See the LaTeX manual or LaTeX Companion for explanation.
Type  H <return>  for immediate help.
 ...                                              
                                                  
l.107 \end{titlepage}
                     
Your command was ignored.
Type  I <command> <return>  to replace it with another command,
or  <return>  to continue without it.

! Undefined control sequence.
l.108 \restoregeometry
                      
The control sequence at the end of the top line
of your error message was never \def'ed. If you have
misspelled it (e.g., `\hobx'), type `I' and the correct
spelling (e.g., `I\hbox'). Otherwise just continue,
and I'll forget about whatever was undefined.

)
! Emergency stop.
<*> pageDeGarde.tex
                   
*** (job aborted, no legal \end found)

 
Here is how much of TeX's memory you used:
 16 strings out of 493304
 257 string characters out of 6139872
 55880 words of memory out of 5000000
 3573 multiletter control sequences out of 15000+600000
 4301 words of font info for 16 fonts, out of 8000000 for 9000
 957 hyphenation exceptions out of 8191
 18i,8n,12p,161b,216s stack positions out of 5000i,500n,10000p,200000b,80000s
!  ==> Fatal error occurred, no output PDF file produced!
